2017-03-29 08:33:54,696 [7] BntWeb.Environment.DefaultBntWebHost - (null) - Initializing [(null)]
2017-03-29 08:33:54,699 [7] BntWeb.Environment.DefaultBntWebHost - (null) - Start creation of shells [(null)]
2017-03-29 08:33:54,702 [7] BntWeb.Environment.DefaultBntWebShell - (null) - 成功加载模块系统:System [(null)]
2017-03-29 08:33:54,706 [7] BntWeb.Environment.DefaultBntWebShell - (null) - 成功加载模块后台用户:Core-SystemUsers [(null)]
2017-03-29 08:33:54,706 [7] BntWeb.Environment.DefaultBntWebShell - (null) - 成功加载模块系统管理:Core-SystemSettings [(null)]
2017-03-29 08:33:54,707 [7] BntWeb.Environment.DefaultBntWebShell - (null) - 成功加载模块系统错误:Core-Error [(null)]
2017-03-29 08:33:54,708 [7] BntWeb.Environment.DefaultBntWebShell - (null) - 成功加载模块广告管理:BntWeb-Advertisement [(null)]
2017-03-29 08:33:54,708 [7] BntWeb.Environment.DefaultBntWebShell - (null) - 成功加载模块轮播管理:BntWeb-Carousel [(null)]
2017-03-29 08:33:54,709 [7] BntWeb.Environment.DefaultBntWebShell - (null) - 成功加载模块配置管理:BntWeb-Config [(null)]
2017-03-29 08:33:54,710 [7] BntWeb.Environment.DefaultBntWebShell - (null) - 成功加载模块内容标记:BntWeb-ContentMarkup [(null)]
2017-03-29 08:33:54,711 [7] BntWeb.Environment.DefaultBntWebShell - (null) - 成功加载模块优惠券管理:BntWeb-Coupon [(null)]
2017-03-29 08:33:54,712 [7] BntWeb.Environment.DefaultBntWebShell - (null) - 成功加载模块评价管理:BntWeb-Evaluate [(null)]
2017-03-29 08:33:54,712 [7] BntWeb.Environment.DefaultBntWebShell - (null) - 成功加载模块反馈管理:BntWeb-Feedback [(null)]
2017-03-29 08:33:54,713 [7] BntWeb.Environment.DefaultBntWebShell - (null) - 成功加载模块帮助中心:BntWeb-HelpCenter [(null)]
2017-03-29 08:33:54,713 [7] BntWeb.Environment.DefaultBntWebShell - (null) - 成功加载模块物流管理:BntWeb-Logistics [(null)]
2017-03-29 08:33:54,714 [7] BntWeb.Environment.DefaultBntWebShell - (null) - 成功加载模块商城管理:BntWeb-Mall [(null)]
2017-03-29 08:33:54,714 [7] BntWeb.Environment.DefaultBntWebShell - (null) - 成功加载模块会员基础:BntWeb-MemberBase [(null)]
2017-03-29 08:33:54,715 [7] BntWeb.Environment.DefaultBntWebShell - (null) - 成功加载模块会员管理:BntWeb-MemberCenter [(null)]
2017-03-29 08:33:54,716 [7] BntWeb.Environment.DefaultBntWebShell - (null) - 成功加载模块订单管理:BntWeb-OrderProcess [(null)]
2017-03-29 08:33:54,717 [7] BntWeb.Environment.DefaultBntWebShell - (null) - 成功加载模块支付管理:BntWeb-PaymentProcess [(null)]
2017-03-29 08:33:54,719 [7] BntWeb.Environment.DefaultBntWebShell - (null) - 成功加载模块单页管理:BntWeb-SinglePage [(null)]
2017-03-29 08:33:54,720 [7] BntWeb.Environment.DefaultBntWebShell - (null) - 成功加载模块消息中心:BntWeb-SystemMessage [(null)]
2017-03-29 08:33:54,721 [7] BntWeb.Environment.DefaultBntWebShell - (null) - 成功加载模块标签管理:BntWeb-Tag [(null)]
2017-03-29 08:33:54,722 [7] BntWeb.Environment.DefaultBntWebShell - (null) - 成功加载模块钱包管理:BntWeb-Wallet [(null)]
2017-03-29 08:33:54,722 [7] BntWeb.Environment.DefaultBntWebShell - (null) - 加载22项IRouteProvider [(null)]
2017-03-29 08:33:54,725 [7] BntWeb.Environment.DefaultBntWebShell - (null) - 加载17项IHttpRouteProvider [(null)]
2017-03-29 08:33:54,791 [7] BntWeb.Mvc.Routes.RoutePublisher - (null) - 共加载277条路由 [(null)]
2017-03-29 08:33:54,921 [7] BntWeb.Environment.DefaultBntWebHost - (null) - Initialized [(null)]
2017-03-29 08:35:01,014 [12] BntWeb.Task.BackgroundService - (null) - 开始执行后台任务 "BntWeb.Core.SystemSettings.Services.ClearLogsTask" . [(null)]
2017-03-29 08:35:01,014 [13] BntWeb.Task.BackgroundService - (null) - 开始执行后台任务 "BntWeb.Coupon.Services.CouponTask" . [(null)]
2017-03-29 08:35:01,014 [8] BntWeb.Task.BackgroundService - (null) - 开始执行后台任务 "BntWeb.Wallet.Services.WalletTask" . [(null)]
2017-03-29 08:35:01,024 [5] BntWeb.Task.BackgroundService - (null) - 开始执行后台任务 "BntWeb.OrderProcess.Services.OrderProcessTask" . [(null)]
2017-03-29 08:35:01,024 [7] BntWeb.Task.BackgroundService - (null) - 开始执行后台任务 "BntWeb.Core.SystemSettings.Services.ClearFilesTask" . [(null)]
2017-03-29 08:35:01,676 [13] BntWeb.Task.BackgroundService - (null) - 后台任务执行完成 "BntWeb.Coupon.Services.CouponTask" . [(null)]
2017-03-29 08:35:01,718 [5] BntWeb.Task.BackgroundService - (null) - 后台任务执行完成 "BntWeb.OrderProcess.Services.OrderProcessTask" . [(null)]
2017-03-29 08:35:01,850 [12] BntWeb.Task.BackgroundService - (null) - 后台任务执行完成 "BntWeb.Core.SystemSettings.Services.ClearLogsTask" . [(null)]
2017-03-29 08:35:02,250 [8] BntWeb.Task.BackgroundService - (null) - 后台任务执行完成 "BntWeb.Wallet.Services.WalletTask" . [(null)]
2017-03-29 08:35:02,290 [7] BntWeb.Task.BackgroundService - (null) - 后台任务执行完成 "BntWeb.Core.SystemSettings.Services.ClearFilesTask" . [(null)]
2017-03-29 08:35:54,855 [5] BntWeb.Task.BackgroundService - (null) - 开始执行后台任务 "BntWeb.Wallet.Services.WalletTask" . [(null)]
2017-03-29 08:35:54,855 [12] BntWeb.Task.BackgroundService - (null) - 开始执行后台任务 "BntWeb.Coupon.Services.CouponTask" . [(null)]
2017-03-29 08:35:54,855 [7] BntWeb.Task.BackgroundService - (null) - 开始执行后台任务 "BntWeb.OrderProcess.Services.OrderProcessTask" . [(null)]
2017-03-29 08:35:54,855 [15] BntWeb.Task.BackgroundService - (null) - 开始执行后台任务 "BntWeb.Core.SystemSettings.Services.ClearLogsTask" . [(null)]
2017-03-29 08:35:54,855 [8] BntWeb.Task.BackgroundService - (null) - 开始执行后台任务 "BntWeb.Core.SystemSettings.Services.ClearFilesTask" . [(null)]
2017-03-29 08:35:54,885 [12] BntWeb.Task.BackgroundService - (null) - 后台任务执行完成 "BntWeb.Coupon.Services.CouponTask" . [(null)]
2017-03-29 08:35:54,885 [15] BntWeb.Task.BackgroundService - (null) - 后台任务执行完成 "BntWeb.Core.SystemSettings.Services.ClearLogsTask" . [(null)]
2017-03-29 08:35:54,905 [5] BntWeb.Task.BackgroundService - (null) - 后台任务执行完成 "BntWeb.Wallet.Services.WalletTask" . [(null)]
2017-03-29 08:35:54,935 [7] BntWeb.Task.BackgroundService - (null) - 后台任务执行完成 "BntWeb.OrderProcess.Services.OrderProcessTask" . [(null)]
2017-03-29 08:35:55,055 [8] BntWeb.Task.BackgroundService - (null) - 后台任务执行完成 "BntWeb.Core.SystemSettings.Services.ClearFilesTask" . [(null)]
2017-03-29 08:36:54,867 [12] BntWeb.Task.BackgroundService - (null) - 开始执行后台任务 "BntWeb.Core.SystemSettings.Services.ClearFilesTask" . [(null)]
2017-03-29 08:36:54,867 [8] BntWeb.Task.BackgroundService - (null) - 开始执行后台任务 "BntWeb.Wallet.Services.WalletTask" . [(null)]
2017-03-29 08:36:54,867 [7] BntWeb.Task.BackgroundService - (null) - 开始执行后台任务 "BntWeb.Core.SystemSettings.Services.ClearLogsTask" . [(null)]
2017-03-29 08:36:54,867 [17] BntWeb.Task.BackgroundService - (null) - 开始执行后台任务 "BntWeb.Coupon.Services.CouponTask" . [(null)]
2017-03-29 08:36:54,872 [5] BntWeb.Task.BackgroundService - (null) - 开始执行后台任务 "BntWeb.OrderProcess.Services.OrderProcessTask" . [(null)]
2017-03-29 08:36:54,897 [17] BntWeb.Task.BackgroundService - (null) - 后台任务执行完成 "BntWeb.Coupon.Services.CouponTask" . [(null)]
2017-03-29 08:36:54,904 [8] BntWeb.Task.BackgroundService - (null) - 后台任务执行完成 "BntWeb.Wallet.Services.WalletTask" . [(null)]
2017-03-29 08:36:54,906 [7] BntWeb.Task.BackgroundService - (null) - 后台任务执行完成 "BntWeb.Core.SystemSettings.Services.ClearLogsTask" . [(null)]
2017-03-29 08:36:54,953 [5] BntWeb.Task.BackgroundService - (null) - 后台任务执行完成 "BntWeb.OrderProcess.Services.OrderProcessTask" . [(null)]
2017-03-29 08:36:54,981 [12] BntWeb.Task.BackgroundService - (null) - 后台任务执行完成 "BntWeb.Core.SystemSettings.Services.ClearFilesTask" . [(null)]
2017-03-29 08:37:54,879 [7] BntWeb.Task.BackgroundService - (null) - 开始执行后台任务 "BntWeb.Wallet.Services.WalletTask" . [(null)]
2017-03-29 08:37:54,880 [15] BntWeb.Task.BackgroundService - (null) - 开始执行后台任务 "BntWeb.Core.SystemSettings.Services.ClearLogsTask" . [(null)]
2017-03-29 08:37:54,879 [8] BntWeb.Task.BackgroundService - (null) - 开始执行后台任务 "BntWeb.Core.SystemSettings.Services.ClearFilesTask" . [(null)]
2017-03-29 08:37:54,880 [12] BntWeb.Task.BackgroundService - (null) - 开始执行后台任务 "BntWeb.Coupon.Services.CouponTask" . [(null)]
2017-03-29 08:37:54,881 [17] BntWeb.Task.BackgroundService - (null) - 开始执行后台任务 "BntWeb.OrderProcess.Services.OrderProcessTask" . [(null)]
2017-03-29 08:37:54,926 [12] BntWeb.Task.BackgroundService - (null) - 后台任务执行完成 "BntWeb.Coupon.Services.CouponTask" . [(null)]
2017-03-29 08:37:54,929 [7] BntWeb.Task.BackgroundService - (null) - 后台任务执行完成 "BntWeb.Wallet.Services.WalletTask" . [(null)]
2017-03-29 08:37:54,932 [15] BntWeb.Task.BackgroundService - (null) - 后台任务执行完成 "BntWeb.Core.SystemSettings.Services.ClearLogsTask" . [(null)]
2017-03-29 08:37:54,978 [8] BntWeb.Task.BackgroundService - (null) - 后台任务执行完成 "BntWeb.Core.SystemSettings.Services.ClearFilesTask" . [(null)]
2017-03-29 08:37:55,660 [17] BntWeb.Task.BackgroundService - (null) - 后台任务执行完成 "BntWeb.OrderProcess.Services.OrderProcessTask" . [(null)]
2017-03-29 08:38:54,895 [14] BntWeb.Task.BackgroundService - (null) - 开始执行后台任务 "BntWeb.Core.SystemSettings.Services.ClearFilesTask" . [(null)]
2017-03-29 08:38:54,895 [7] BntWeb.Task.BackgroundService - (null) - 开始执行后台任务 "BntWeb.OrderProcess.Services.OrderProcessTask" . [(null)]
2017-03-29 08:38:54,895 [15] BntWeb.Task.BackgroundService - (null) - 开始执行后台任务 "BntWeb.Core.SystemSettings.Services.ClearLogsTask" . [(null)]
2017-03-29 08:38:54,896 [12] BntWeb.Task.BackgroundService - (null) - 开始执行后台任务 "BntWeb.Wallet.Services.WalletTask" . [(null)]
2017-03-29 08:38:54,895 [17] BntWeb.Task.BackgroundService - (null) - 开始执行后台任务 "BntWeb.Coupon.Services.CouponTask" . [(null)]
2017-03-29 08:38:54,938 [17] BntWeb.Task.BackgroundService - (null) - 后台任务执行完成 "BntWeb.Coupon.Services.CouponTask" . [(null)]
2017-03-29 08:38:54,945 [12] BntWeb.Task.BackgroundService - (null) - 后台任务执行完成 "BntWeb.Wallet.Services.WalletTask" . [(null)]
2017-03-29 08:38:54,947 [15] BntWeb.Task.BackgroundService - (null) - 后台任务执行完成 "BntWeb.Core.SystemSettings.Services.ClearLogsTask" . [(null)]
2017-03-29 08:38:54,968 [7] BntWeb.Task.BackgroundService - (null) - 后台任务执行完成 "BntWeb.OrderProcess.Services.OrderProcessTask" . [(null)]
2017-03-29 08:38:54,998 [14] BntWeb.Task.BackgroundService - (null) - 后台任务执行完成 "BntWeb.Core.SystemSettings.Services.ClearFilesTask" . [(null)]
2017-03-29 08:39:54,907 [14] BntWeb.Task.BackgroundService - (null) - 开始执行后台任务 "BntWeb.Core.SystemSettings.Services.ClearFilesTask" . [(null)]
2017-03-29 08:39:54,908 [7] BntWeb.Task.BackgroundService - (null) - 开始执行后台任务 "BntWeb.Coupon.Services.CouponTask" . [(null)]
2017-03-29 08:39:54,907 [17] BntWeb.Task.BackgroundService - (null) - 开始执行后台任务 "BntWeb.Wallet.Services.WalletTask" . [(null)]
2017-03-29 08:39:54,907 [12] BntWeb.Task.BackgroundService - (null) - 开始执行后台任务 "BntWeb.Core.SystemSettings.Services.ClearLogsTask" . [(null)]
2017-03-29 08:39:54,940 [7] BntWeb.Task.BackgroundService - (null) - 后台任务执行完成 "BntWeb.Coupon.Services.CouponTask" . [(null)]
2017-03-29 08:39:54,941 [7] BntWeb.Task.BackgroundService - (null) - 开始执行后台任务 "BntWeb.OrderProcess.Services.OrderProcessTask" . [(null)]
2017-03-29 08:39:54,945 [12] BntWeb.Task.BackgroundService - (null) - 后台任务执行完成 "BntWeb.Core.SystemSettings.Services.ClearLogsTask" . [(null)]
2017-03-29 08:39:54,946 [17] BntWeb.Task.BackgroundService - (null) - 后台任务执行完成 "BntWeb.Wallet.Services.WalletTask" . [(null)]
2017-03-29 08:39:54,993 [14] BntWeb.Task.BackgroundService - (null) - 后台任务执行完成 "BntWeb.Core.SystemSettings.Services.ClearFilesTask" . [(null)]
2017-03-29 08:39:55,020 [7] BntWeb.Task.BackgroundService - (null) - 后台任务执行完成 "BntWeb.OrderProcess.Services.OrderProcessTask" . [(null)]
2017-03-29 08:40:54,923 [19] BntWeb.Task.BackgroundService - (null) - 开始执行后台任务 "BntWeb.Core.SystemSettings.Services.ClearFilesTask" . [(null)]
2017-03-29 08:40:54,923 [16] BntWeb.Task.BackgroundService - (null) - 开始执行后台任务 "BntWeb.Core.SystemSettings.Services.ClearLogsTask" . [(null)]
2017-03-29 08:40:54,923 [17] BntWeb.Task.BackgroundService - (null) - 开始执行后台任务 "BntWeb.Coupon.Services.CouponTask" . [(null)]
2017-03-29 08:40:54,924 [12] BntWeb.Task.BackgroundService - (null) - 开始执行后台任务 "BntWeb.Wallet.Services.WalletTask" . [(null)]
2017-03-29 08:40:54,924 [14] BntWeb.Task.BackgroundService - (null) - 开始执行后台任务 "BntWeb.OrderProcess.Services.OrderProcessTask" . [(null)]
2017-03-29 08:40:54,947 [17] BntWeb.Task.BackgroundService - (null) - 后台任务执行完成 "BntWeb.Coupon.Services.CouponTask" . [(null)]
2017-03-29 08:40:54,959 [16] BntWeb.Task.BackgroundService - (null) - 后台任务执行完成 "BntWeb.Core.SystemSettings.Services.ClearLogsTask" . [(null)]
2017-03-29 08:40:54,961 [12] BntWeb.Task.BackgroundService - (null) - 后台任务执行完成 "BntWeb.Wallet.Services.WalletTask" . [(null)]
2017-03-29 08:40:55,009 [14] BntWeb.Task.BackgroundService - (null) - 后台任务执行完成 "BntWeb.OrderProcess.Services.OrderProcessTask" . [(null)]
2017-03-29 08:40:55,014 [19] BntWeb.Task.BackgroundService - (null) - 后台任务执行完成 "BntWeb.Core.SystemSettings.Services.ClearFilesTask" . [(null)]
2017-03-29 08:41:54,937 [14] BntWeb.Task.BackgroundService - (null) - 开始执行后台任务 "BntWeb.Wallet.Services.WalletTask" . [(null)]
2017-03-29 08:41:54,938 [7] BntWeb.Task.BackgroundService - (null) - 开始执行后台任务 "BntWeb.Core.SystemSettings.Services.ClearLogsTask" . [(null)]
2017-03-29 08:41:54,938 [16] BntWeb.Task.BackgroundService - (null) - 开始执行后台任务 "BntWeb.Core.SystemSettings.Services.ClearFilesTask" . [(null)]
2017-03-29 08:41:54,938 [17] BntWeb.Task.BackgroundService - (null) - 开始执行后台任务 "BntWeb.Coupon.Services.CouponTask" . [(null)]
2017-03-29 08:41:54,964 [17] BntWeb.Task.BackgroundService - (null) - 后台任务执行完成 "BntWeb.Coupon.Services.CouponTask" . [(null)]
2017-03-29 08:41:54,965 [17] BntWeb.Task.BackgroundService - (null) - 开始执行后台任务 "BntWeb.OrderProcess.Services.OrderProcessTask" . [(null)]
2017-03-29 08:41:54,966 [14] BntWeb.Task.BackgroundService - (null) - 后台任务执行完成 "BntWeb.Wallet.Services.WalletTask" . [(null)]
2017-03-29 08:41:54,975 [7] BntWeb.Task.BackgroundService - (null) - 后台任务执行完成 "BntWeb.Core.SystemSettings.Services.ClearLogsTask" . [(null)]
2017-03-29 08:41:55,032 [16] BntWeb.Task.BackgroundService - (null) - 后台任务执行完成 "BntWeb.Core.SystemSettings.Services.ClearFilesTask" . [(null)]
2017-03-29 08:41:55,046 [17] BntWeb.Task.BackgroundService - (null) - 后台任务执行完成 "BntWeb.OrderProcess.Services.OrderProcessTask" . [(null)]
2017-03-29 08:42:54,951 [14] BntWeb.Task.BackgroundService - (null) - 开始执行后台任务 "BntWeb.Core.SystemSettings.Services.ClearFilesTask" . [(null)]
2017-03-29 08:42:54,952 [20] BntWeb.Task.BackgroundService - (null) - 开始执行后台任务 "BntWeb.Core.SystemSettings.Services.ClearLogsTask" . [(null)]
2017-03-29 08:42:54,952 [16] BntWeb.Task.BackgroundService - (null) - 开始执行后台任务 "BntWeb.OrderProcess.Services.OrderProcessTask" . [(null)]
2017-03-29 08:42:54,952 [17] BntWeb.Task.BackgroundService - (null) - 开始执行后台任务 "BntWeb.Wallet.Services.WalletTask" . [(null)]
2017-03-29 08:42:54,952 [7] BntWeb.Task.BackgroundService - (null) - 开始执行后台任务 "BntWeb.Coupon.Services.CouponTask" . [(null)]
2017-03-29 08:42:55,008 [7] BntWeb.Task.BackgroundService - (null) - 后台任务执行完成 "BntWeb.Coupon.Services.CouponTask" . [(null)]
2017-03-29 08:42:55,012 [17] BntWeb.Task.BackgroundService - (null) - 后台任务执行完成 "BntWeb.Wallet.Services.WalletTask" . [(null)]
2017-03-29 08:42:55,015 [20] BntWeb.Task.BackgroundService - (null) - 后台任务执行完成 "BntWeb.Core.SystemSettings.Services.ClearLogsTask" . [(null)]
2017-03-29 08:42:55,062 [14] BntWeb.Task.BackgroundService - (null) - 后台任务执行完成 "BntWeb.Core.SystemSettings.Services.ClearFilesTask" . [(null)]
2017-03-29 08:42:55,545 [16] BntWeb.Task.BackgroundService - (null) - 后台任务执行完成 "BntWeb.OrderProcess.Services.OrderProcessTask" . [(null)]
2017-03-29 08:43:54,961 [7] BntWeb.Task.BackgroundService - (null) - 开始执行后台任务 "BntWeb.Wallet.Services.WalletTask" . [(null)]
2017-03-29 08:43:54,961 [14] BntWeb.Task.BackgroundService - (null) - 开始执行后台任务 "BntWeb.Core.SystemSettings.Services.ClearFilesTask" . [(null)]
2017-03-29 08:43:54,964 [17] BntWeb.Task.BackgroundService - (null) - 开始执行后台任务 "BntWeb.Core.SystemSettings.Services.ClearLogsTask" . [(null)]
2017-03-29 08:43:54,966 [16] BntWeb.Task.BackgroundService - (null) - 开始执行后台任务 "BntWeb.Coupon.Services.CouponTask" . [(null)]
2017-03-29 08:43:55,002 [7] BntWeb.Task.BackgroundService - (null) - 后台任务执行完成 "BntWeb.Wallet.Services.WalletTask" . [(null)]
2017-03-29 08:43:55,017 [17] BntWeb.Task.BackgroundService - (null) - 后台任务执行完成 "BntWeb.Core.SystemSettings.Services.ClearLogsTask" . [(null)]
2017-03-29 08:43:55,016 [16] BntWeb.Task.BackgroundService - (null) - 后台任务执行完成 "BntWeb.Coupon.Services.CouponTask" . [(null)]
2017-03-29 08:43:55,031 [7] BntWeb.Task.BackgroundService - (null) - 开始执行后台任务 "BntWeb.OrderProcess.Services.OrderProcessTask" . [(null)]
2017-03-29 08:43:55,069 [14] BntWeb.Task.BackgroundService - (null) - 后台任务执行完成 "BntWeb.Core.SystemSettings.Services.ClearFilesTask" . [(null)]
2017-03-29 08:43:55,170 [7] BntWeb.Task.BackgroundService - (null) - 后台任务执行完成 "BntWeb.OrderProcess.Services.OrderProcessTask" . [(null)]
2017-03-29 08:44:54,975 [7] BntWeb.Task.BackgroundService - (null) - 开始执行后台任务 "BntWeb.Core.SystemSettings.Services.ClearFilesTask" . [(null)]
2017-03-29 08:44:54,975 [17] BntWeb.Task.BackgroundService - (null) - 开始执行后台任务 "BntWeb.Wallet.Services.WalletTask" . [(null)]
2017-03-29 08:44:54,976 [14] BntWeb.Task.BackgroundService - (null) - 开始执行后台任务 "BntWeb.Core.SystemSettings.Services.ClearLogsTask" . [(null)]
2017-03-29 08:44:54,977 [16] BntWeb.Task.BackgroundService - (null) - 开始执行后台任务 "BntWeb.OrderProcess.Services.OrderProcessTask" . [(null)]
2017-03-29 08:44:54,976 [24] BntWeb.Task.BackgroundService - (null) - 开始执行后台任务 "BntWeb.Coupon.Services.CouponTask" . [(null)]
2017-03-29 08:44:55,007 [17] BntWeb.Task.BackgroundService - (null) - 后台任务执行完成 "BntWeb.Wallet.Services.WalletTask" . [(null)]
2017-03-29 08:44:55,011 [14] BntWeb.Task.BackgroundService - (null) - 后台任务执行完成 "BntWeb.Core.SystemSettings.Services.ClearLogsTask" . [(null)]
2017-03-29 08:44:55,022 [24] BntWeb.Task.BackgroundService - (null) - 后台任务执行完成 "BntWeb.Coupon.Services.CouponTask" . [(null)]
2017-03-29 08:44:55,032 [7] BntWeb.Task.BackgroundService - (null) - 后台任务执行完成 "BntWeb.Core.SystemSettings.Services.ClearFilesTask" . [(null)]
2017-03-29 08:44:55,057 [16] BntWeb.Task.BackgroundService - (null) - 后台任务执行完成 "BntWeb.OrderProcess.Services.OrderProcessTask" . [(null)]
2017-03-29 08:45:54,990 [14] BntWeb.Task.BackgroundService - (null) - 开始执行后台任务 "BntWeb.Wallet.Services.WalletTask" . [(null)]
2017-03-29 08:45:54,990 [17] BntWeb.Task.BackgroundService - (null) - 开始执行后台任务 "BntWeb.Core.SystemSettings.Services.ClearFilesTask" . [(null)]
2017-03-29 08:45:54,991 [16] BntWeb.Task.BackgroundService - (null) - 开始执行后台任务 "BntWeb.Core.SystemSettings.Services.ClearLogsTask" . [(null)]
2017-03-29 08:45:55,005 [24] BntWeb.Task.BackgroundService - (null) - 开始执行后台任务 "BntWeb.Coupon.Services.CouponTask" . [(null)]
2017-03-29 08:45:55,044 [14] BntWeb.Task.BackgroundService - (null) - 后台任务执行完成 "BntWeb.Wallet.Services.WalletTask" . [(null)]
2017-03-29 08:45:55,045 [14] BntWeb.Task.BackgroundService - (null) - 开始执行后台任务 "BntWeb.OrderProcess.Services.OrderProcessTask" . [(null)]
2017-03-29 08:45:55,067 [24] BntWeb.Task.BackgroundService - (null) - 后台任务执行完成 "BntWeb.Coupon.Services.CouponTask" . [(null)]
2017-03-29 08:45:55,071 [16] BntWeb.Task.BackgroundService - (null) - 后台任务执行完成 "BntWeb.Core.SystemSettings.Services.ClearLogsTask" . [(null)]
2017-03-29 08:45:55,140 [17] BntWeb.Task.BackgroundService - (null) - 后台任务执行完成 "BntWeb.Core.SystemSettings.Services.ClearFilesTask" . [(null)]
2017-03-29 08:45:55,216 [14] BntWeb.Task.BackgroundService - (null) - 后台任务执行完成 "BntWeb.OrderProcess.Services.OrderProcessTask" . [(null)]
2017-03-29 08:46:55,002 [14] BntWeb.Task.BackgroundService - (null) - 开始执行后台任务 "BntWeb.Wallet.Services.WalletTask" . [(null)]
2017-03-29 08:46:55,003 [16] BntWeb.Task.BackgroundService - (null) - 开始执行后台任务 "BntWeb.Coupon.Services.CouponTask" . [(null)]
2017-03-29 08:46:55,003 [24] BntWeb.Task.BackgroundService - (null) - 开始执行后台任务 "BntWeb.OrderProcess.Services.OrderProcessTask" . [(null)]
2017-03-29 08:46:55,002 [25] BntWeb.Task.BackgroundService - (null) - 开始执行后台任务 "BntWeb.Core.SystemSettings.Services.ClearFilesTask" . [(null)]
2017-03-29 08:46:55,003 [17] BntWeb.Task.BackgroundService - (null) - 开始执行后台任务 "BntWeb.Core.SystemSettings.Services.ClearLogsTask" . [(null)]
2017-03-29 08:46:55,047 [16] BntWeb.Task.BackgroundService - (null) - 后台任务执行完成 "BntWeb.Coupon.Services.CouponTask" . [(null)]
2017-03-29 08:46:55,052 [14] BntWeb.Task.BackgroundService - (null) - 后台任务执行完成 "BntWeb.Wallet.Services.WalletTask" . [(null)]
2017-03-29 08:46:55,061 [17] BntWeb.Task.BackgroundService - (null) - 后台任务执行完成 "BntWeb.Core.SystemSettings.Services.ClearLogsTask" . [(null)]
2017-03-29 08:46:55,124 [24] BntWeb.Task.BackgroundService - (null) - 后台任务执行完成 "BntWeb.OrderProcess.Services.OrderProcessTask" . [(null)]
2017-03-29 08:46:55,125 [25] BntWeb.Task.BackgroundService - (null) - 后台任务执行完成 "BntWeb.Core.SystemSettings.Services.ClearFilesTask" . [(null)]
2017-03-29 08:47:55,017 [17] BntWeb.Task.BackgroundService - (null) - 开始执行后台任务 "BntWeb.Core.SystemSettings.Services.ClearFilesTask" . [(null)]
2017-03-29 08:47:55,017 [16] BntWeb.Task.BackgroundService - (null) - 开始执行后台任务 "BntWeb.Coupon.Services.CouponTask" . [(null)]
2017-03-29 08:47:55,017 [25] BntWeb.Task.BackgroundService - (null) - 开始执行后台任务 "BntWeb.Core.SystemSettings.Services.ClearLogsTask" . [(null)]
2017-03-29 08:47:55,017 [14] BntWeb.Task.BackgroundService - (null) - 开始执行后台任务 "BntWeb.Wallet.Services.WalletTask" . [(null)]
2017-03-29 08:47:55,020 [27] BntWeb.Task.BackgroundService - (null) - 开始执行后台任务 "BntWeb.OrderProcess.Services.OrderProcessTask" . [(null)]
2017-03-29 08:47:55,063 [16] BntWeb.Task.BackgroundService - (null) - 后台任务执行完成 "BntWeb.Coupon.Services.CouponTask" . [(null)]
2017-03-29 08:47:55,068 [14] BntWeb.Task.BackgroundService - (null) - 后台任务执行完成 "BntWeb.Wallet.Services.WalletTask" . [(null)]
2017-03-29 08:47:55,070 [25] BntWeb.Task.BackgroundService - (null) - 后台任务执行完成 "BntWeb.Core.SystemSettings.Services.ClearLogsTask" . [(null)]
2017-03-29 08:47:55,127 [17] BntWeb.Task.BackgroundService - (null) - 后台任务执行完成 "BntWeb.Core.SystemSettings.Services.ClearFilesTask" . [(null)]
2017-03-29 08:47:55,137 [27] BntWeb.Task.BackgroundService - (null) - 后台任务执行完成 "BntWeb.OrderProcess.Services.OrderProcessTask" . [(null)]
2017-03-29 08:48:55,029 [16] BntWeb.Task.BackgroundService - (null) - 开始执行后台任务 "BntWeb.Wallet.Services.WalletTask" . [(null)]
2017-03-29 08:48:55,029 [27] BntWeb.Task.BackgroundService - (null) - 开始执行后台任务 "BntWeb.Core.SystemSettings.Services.ClearLogsTask" . [(null)]
2017-03-29 08:48:55,029 [17] BntWeb.Task.BackgroundService - (null) - 开始执行后台任务 "BntWeb.Coupon.Services.CouponTask" . [(null)]
2017-03-29 08:48:55,029 [14] BntWeb.Task.BackgroundService - (null) - 开始执行后台任务 "BntWeb.Core.SystemSettings.Services.ClearFilesTask" . [(null)]
2017-03-29 08:48:55,074 [17] BntWeb.Task.BackgroundService - (null) - 后台任务执行完成 "BntWeb.Coupon.Services.CouponTask" . [(null)]
2017-03-29 08:48:55,075 [17] BntWeb.Task.BackgroundService - (null) - 开始执行后台任务 "BntWeb.OrderProcess.Services.OrderProcessTask" . [(null)]
2017-03-29 08:48:55,076 [16] BntWeb.Task.BackgroundService - (null) - 后台任务执行完成 "BntWeb.Wallet.Services.WalletTask" . [(null)]
2017-03-29 08:48:55,076 [27] BntWeb.Task.BackgroundService - (null) - 后台任务执行完成 "BntWeb.Core.SystemSettings.Services.ClearLogsTask" . [(null)]
2017-03-29 08:48:55,150 [14] BntWeb.Task.BackgroundService - (null) - 后台任务执行完成 "BntWeb.Core.SystemSettings.Services.ClearFilesTask" . [(null)]
2017-03-29 08:48:55,501 [17] BntWeb.Task.BackgroundService - (null) - 后台任务执行完成 "BntWeb.OrderProcess.Services.OrderProcessTask" . [(null)]
2017-03-29 08:49:55,044 [17] BntWeb.Task.BackgroundService - (null) - 开始执行后台任务 "BntWeb.Wallet.Services.WalletTask" . [(null)]
2017-03-29 08:49:55,048 [27] BntWeb.Task.BackgroundService - (null) - 开始执行后台任务 "BntWeb.OrderProcess.Services.OrderProcessTask" . [(null)]
2017-03-29 08:49:55,044 [21] BntWeb.Task.BackgroundService - (null) - 开始执行后台任务 "BntWeb.Core.SystemSettings.Services.ClearFilesTask" . [(null)]
2017-03-29 08:49:55,046 [16] BntWeb.Task.BackgroundService - (null) - 开始执行后台任务 "BntWeb.Coupon.Services.CouponTask" . [(null)]
2017-03-29 08:49:55,045 [14] BntWeb.Task.BackgroundService - (null) - 开始执行后台任务 "BntWeb.Core.SystemSettings.Services.ClearLogsTask" . [(null)]
2017-03-29 08:49:55,079 [17] BntWeb.Task.BackgroundService - (null) - 后台任务执行完成 "BntWeb.Wallet.Services.WalletTask" . [(null)]
2017-03-29 08:49:55,087 [16] BntWeb.Task.BackgroundService - (null) - 后台任务执行完成 "BntWeb.Coupon.Services.CouponTask" . [(null)]
2017-03-29 08:49:55,099 [14] BntWeb.Task.BackgroundService - (null) - 后台任务执行完成 "BntWeb.Core.SystemSettings.Services.ClearLogsTask" . [(null)]
2017-03-29 08:49:55,128 [27] BntWeb.Task.BackgroundService - (null) - 后台任务执行完成 "BntWeb.OrderProcess.Services.OrderProcessTask" . [(null)]
2017-03-29 08:49:55,160 [21] BntWeb.Task.BackgroundService - (null) - 后台任务执行完成 "BntWeb.Core.SystemSettings.Services.ClearFilesTask" . [(null)]
2017-03-29 08:50:55,087 [27] BntWeb.Task.BackgroundService - (null) - 开始执行后台任务 "BntWeb.Wallet.Services.WalletTask" . [(null)]
2017-03-29 08:50:55,087 [21] BntWeb.Task.BackgroundService - (null) - 开始执行后台任务 "BntWeb.Core.SystemSettings.Services.ClearFilesTask" . [(null)]
2017-03-29 08:50:55,089 [14] BntWeb.Task.BackgroundService - (null) - 开始执行后台任务 "BntWeb.Core.SystemSettings.Services.ClearLogsTask" . [(null)]
2017-03-29 08:50:55,101 [16] BntWeb.Task.BackgroundService - (null) - 开始执行后台任务 "BntWeb.Coupon.Services.CouponTask" . [(null)]
2017-03-29 08:50:55,124 [27] BntWeb.Task.BackgroundService - (null) - 后台任务执行完成 "BntWeb.Wallet.Services.WalletTask" . [(null)]
2017-03-29 08:50:55,126 [27] BntWeb.Task.BackgroundService - (null) - 开始执行后台任务 "BntWeb.OrderProcess.Services.OrderProcessTask" . [(null)]
2017-03-29 08:50:55,131 [16] BntWeb.Task.BackgroundService - (null) - 后台任务执行完成 "BntWeb.Coupon.Services.CouponTask" . [(null)]
2017-03-29 08:50:55,133 [14] BntWeb.Task.BackgroundService - (null) - 后台任务执行完成 "BntWeb.Core.SystemSettings.Services.ClearLogsTask" . [(null)]
2017-03-29 08:50:55,207 [21] BntWeb.Task.BackgroundService - (null) - 后台任务执行完成 "BntWeb.Core.SystemSettings.Services.ClearFilesTask" . [(null)]
2017-03-29 08:50:55,216 [27] BntWeb.Task.BackgroundService - (null) - 后台任务执行完成 "BntWeb.OrderProcess.Services.OrderProcessTask" . [(null)]
2017-03-29 08:51:55,086 [16] BntWeb.Task.BackgroundService - (null) - 开始执行后台任务 "BntWeb.Core.SystemSettings.Services.ClearFilesTask" . [(null)]
2017-03-29 08:51:55,087 [27] BntWeb.Task.BackgroundService - (null) - 开始执行后台任务 "BntWeb.Core.SystemSettings.Services.ClearLogsTask" . [(null)]
2017-03-29 08:51:55,089 [21] BntWeb.Task.BackgroundService - (null) - 开始执行后台任务 "BntWeb.OrderProcess.Services.OrderProcessTask" . [(null)]
2017-03-29 08:51:55,087 [29] BntWeb.Task.BackgroundService - (null) - 开始执行后台任务 "BntWeb.Coupon.Services.CouponTask" . [(null)]
2017-03-29 08:51:55,086 [14] BntWeb.Task.BackgroundService - (null) - 开始执行后台任务 "BntWeb.Wallet.Services.WalletTask" . [(null)]
2017-03-29 08:51:55,114 [29] BntWeb.Task.BackgroundService - (null) - 后台任务执行完成 "BntWeb.Coupon.Services.CouponTask" . [(null)]
2017-03-29 08:51:55,119 [14] BntWeb.Task.BackgroundService - (null) - 后台任务执行完成 "BntWeb.Wallet.Services.WalletTask" . [(null)]
2017-03-29 08:51:55,120 [27] BntWeb.Task.BackgroundService - (null) - 后台任务执行完成 "BntWeb.Core.SystemSettings.Services.ClearLogsTask" . [(null)]
2017-03-29 08:51:55,163 [21] BntWeb.Task.BackgroundService - (null) - 后台任务执行完成 "BntWeb.OrderProcess.Services.OrderProcessTask" . [(null)]
2017-03-29 08:51:55,172 [16] BntWeb.Task.BackgroundService - (null) - 后台任务执行完成 "BntWeb.Core.SystemSettings.Services.ClearFilesTask" . [(null)]
2017-03-29 08:52:55,099 [14] BntWeb.Task.BackgroundService - (null) - 开始执行后台任务 "BntWeb.Wallet.Services.WalletTask" . [(null)]
2017-03-29 08:52:55,099 [27] BntWeb.Task.BackgroundService - (null) - 开始执行后台任务 "BntWeb.Core.SystemSettings.Services.ClearFilesTask" . [(null)]
2017-03-29 08:52:55,100 [21] BntWeb.Task.BackgroundService - (null) - 开始执行后台任务 "BntWeb.Coupon.Services.CouponTask" . [(null)]
2017-03-29 08:52:55,099 [29] BntWeb.Task.BackgroundService - (null) - 开始执行后台任务 "BntWeb.Core.SystemSettings.Services.ClearLogsTask" . [(null)]
2017-03-29 08:52:55,131 [21] BntWeb.Task.BackgroundService - (null) - 后台任务执行完成 "BntWeb.Coupon.Services.CouponTask" . [(null)]
2017-03-29 08:52:55,131 [21] BntWeb.Task.BackgroundService - (null) - 开始执行后台任务 "BntWeb.OrderProcess.Services.OrderProcessTask" . [(null)]
2017-03-29 08:52:55,132 [14] BntWeb.Task.BackgroundService - (null) - 后台任务执行完成 "BntWeb.Wallet.Services.WalletTask" . [(null)]
2017-03-29 08:52:55,151 [29] BntWeb.Task.BackgroundService - (null) - 后台任务执行完成 "BntWeb.Core.SystemSettings.Services.ClearLogsTask" . [(null)]
2017-03-29 08:52:55,214 [27] BntWeb.Task.BackgroundService - (null) - 后台任务执行完成 "BntWeb.Core.SystemSettings.Services.ClearFilesTask" . [(null)]
2017-03-29 08:52:56,208 [21] BntWeb.Task.BackgroundService - (null) - 后台任务执行完成 "BntWeb.OrderProcess.Services.OrderProcessTask" . [(null)]
2017-03-29 08:53:55,112 [21] BntWeb.Task.BackgroundService - (null) - 开始执行后台任务 "BntWeb.Core.SystemSettings.Services.ClearFilesTask" . [(null)]
2017-03-29 08:53:55,113 [29] BntWeb.Task.BackgroundService - (null) - 开始执行后台任务 "BntWeb.Wallet.Services.WalletTask" . [(null)]
2017-03-29 08:53:55,112 [30] BntWeb.Task.BackgroundService - (null) - 开始执行后台任务 "BntWeb.Core.SystemSettings.Services.ClearLogsTask" . [(null)]
2017-03-29 08:53:55,112 [27] BntWeb.Task.BackgroundService - (null) - 开始执行后台任务 "BntWeb.Coupon.Services.CouponTask" . [(null)]
2017-03-29 08:53:55,113 [31] BntWeb.Task.BackgroundService - (null) - 开始执行后台任务 "BntWeb.OrderProcess.Services.OrderProcessTask" . [(null)]
2017-03-29 08:53:55,142 [29] BntWeb.Task.BackgroundService - (null) - 后台任务执行完成 "BntWeb.Wallet.Services.WalletTask" . [(null)]
2017-03-29 08:53:55,144 [27] BntWeb.Task.BackgroundService - (null) - 后台任务执行完成 "BntWeb.Coupon.Services.CouponTask" . [(null)]
2017-03-29 08:53:55,144 [30] BntWeb.Task.BackgroundService - (null) - 后台任务执行完成 "BntWeb.Core.SystemSettings.Services.ClearLogsTask" . [(null)]
2017-03-29 08:53:55,191 [31] BntWeb.Task.BackgroundService - (null) - 后台任务执行完成 "BntWeb.OrderProcess.Services.OrderProcessTask" . [(null)]
2017-03-29 08:53:55,196 [21] BntWeb.Task.BackgroundService - (null) - 后台任务执行完成 "BntWeb.Core.SystemSettings.Services.ClearFilesTask" . [(null)]
