2017-03-20 09:46:25,408 [7] BntWeb.Environment.DefaultBntWebHost - (null) - Initializing [(null)]
2017-03-20 09:46:25,464 [7] BntWeb.Environment.DefaultBntWebHost - (null) - Start creation of shells [(null)]
2017-03-20 09:46:25,476 [7] BntWeb.Environment.DefaultBntWebShell - (null) - 成功加载模块系统:System [(null)]
2017-03-20 09:46:25,478 [7] BntWeb.Environment.DefaultBntWebShell - (null) - 成功加载模块后台用户:Core-SystemUsers [(null)]
2017-03-20 09:46:25,480 [7] BntWeb.Environment.DefaultBntWebShell - (null) - 成功加载模块系统管理:Core-SystemSettings [(null)]
2017-03-20 09:46:25,538 [7] BntWeb.Environment.DefaultBntWebShell - (null) - 成功加载模块系统错误:Core-Error [(null)]
2017-03-20 09:46:25,540 [7] BntWeb.Environment.DefaultBntWebShell - (null) - 成功加载模块广告管理:BntWeb-Advertisement [(null)]
2017-03-20 09:46:25,542 [7] BntWeb.Environment.DefaultBntWebShell - (null) - 成功加载模块轮播管理:BntWeb-Carousel [(null)]
2017-03-20 09:46:25,544 [7] BntWeb.Environment.DefaultBntWebShell - (null) - 成功加载模块配置管理:BntWeb-Config [(null)]
2017-03-20 09:46:25,546 [7] BntWeb.Environment.DefaultBntWebShell - (null) - 成功加载模块内容标记:BntWeb-ContentMarkup [(null)]
2017-03-20 09:46:25,547 [7] BntWeb.Environment.DefaultBntWebShell - (null) - 成功加载模块优惠券管理:BntWeb-Coupon [(null)]
2017-03-20 09:46:25,549 [7] BntWeb.Environment.DefaultBntWebShell - (null) - 成功加载模块评价管理:BntWeb-Evaluate [(null)]
2017-03-20 09:46:25,551 [7] BntWeb.Environment.DefaultBntWebShell - (null) - 成功加载模块反馈管理:BntWeb-Feedback [(null)]
2017-03-20 09:46:25,552 [7] BntWeb.Environment.DefaultBntWebShell - (null) - 成功加载模块帮助中心:BntWeb-HelpCenter [(null)]
2017-03-20 09:46:25,554 [7] BntWeb.Environment.DefaultBntWebShell - (null) - 成功加载模块物流管理:BntWeb-Logistics [(null)]
2017-03-20 09:46:25,555 [7] BntWeb.Environment.DefaultBntWebShell - (null) - 成功加载模块商城管理:BntWeb-Mall [(null)]
2017-03-20 09:46:25,558 [7] BntWeb.Environment.DefaultBntWebShell - (null) - 成功加载模块会员基础:BntWeb-MemberBase [(null)]
2017-03-20 09:46:25,559 [7] BntWeb.Environment.DefaultBntWebShell - (null) - 成功加载模块会员管理:BntWeb-MemberCenter [(null)]
2017-03-20 09:46:25,561 [7] BntWeb.Environment.DefaultBntWebShell - (null) - 成功加载模块订单管理:BntWeb-OrderProcess [(null)]
2017-03-20 09:46:25,563 [7] BntWeb.Environment.DefaultBntWebShell - (null) - 成功加载模块支付管理:BntWeb-PaymentProcess [(null)]
2017-03-20 09:46:25,565 [7] BntWeb.Environment.DefaultBntWebShell - (null) - 成功加载模块单页管理:BntWeb-SinglePage [(null)]
2017-03-20 09:46:25,566 [7] BntWeb.Environment.DefaultBntWebShell - (null) - 成功加载模块消息中心:BntWeb-SystemMessage [(null)]
2017-03-20 09:46:25,568 [7] BntWeb.Environment.DefaultBntWebShell - (null) - 成功加载模块标签管理:BntWeb-Tag [(null)]
2017-03-20 09:46:25,569 [7] BntWeb.Environment.DefaultBntWebShell - (null) - 成功加载模块钱包管理:BntWeb-Wallet [(null)]
2017-03-20 09:46:25,571 [7] BntWeb.Environment.DefaultBntWebShell - (null) - 加载22项IRouteProvider [(null)]
2017-03-20 09:46:25,572 [7] BntWeb.Environment.DefaultBntWebShell - (null) - 加载17项IHttpRouteProvider [(null)]
2017-03-20 09:46:25,692 [7] BntWeb.Mvc.Routes.RoutePublisher - (null) - 共加载277条路由 [(null)]
2017-03-20 09:46:25,949 [7] BntWeb.Environment.DefaultBntWebHost - (null) - Initialized [(null)]
2017-03-20 09:47:32,918 [8] BntWeb.Task.BackgroundService - (null) - 开始执行后台任务 "BntWeb.Core.SystemSettings.Services.ClearFilesTask" . [(null)]
2017-03-20 09:47:32,918 [5] BntWeb.Task.BackgroundService - (null) - 开始执行后台任务 "BntWeb.Core.SystemSettings.Services.ClearLogsTask" . [(null)]
2017-03-20 09:47:32,919 [7] BntWeb.Task.BackgroundService - (null) - 开始执行后台任务 "BntWeb.OrderProcess.Services.OrderProcessTask" . [(null)]
2017-03-20 09:47:32,919 [10] BntWeb.Task.BackgroundService - (null) - 开始执行后台任务 "BntWeb.Coupon.Services.CouponTask" . [(null)]
2017-03-20 09:47:32,922 [9] BntWeb.Task.BackgroundService - (null) - 开始执行后台任务 "BntWeb.Wallet.Services.WalletTask" . [(null)]
2017-03-20 09:47:33,356 [5] BntWeb.Task.BackgroundService - (null) - 后台任务执行完成 "BntWeb.Core.SystemSettings.Services.ClearLogsTask" . [(null)]
2017-03-20 09:47:33,515 [10] BntWeb.Task.BackgroundService - (null) - 后台任务执行完成 "BntWeb.Coupon.Services.CouponTask" . [(null)]
2017-03-20 09:47:33,619 [8] BntWeb.Task.BackgroundService - (null) - 后台任务执行完成 "BntWeb.Core.SystemSettings.Services.ClearFilesTask" . [(null)]
2017-03-20 09:47:33,640 [7] BntWeb.Task.BackgroundService - (null) - 后台任务执行完成 "BntWeb.OrderProcess.Services.OrderProcessTask" . [(null)]
2017-03-20 09:47:33,919 [9] BntWeb.Task.BackgroundService - (null) - 后台任务执行完成 "BntWeb.Wallet.Services.WalletTask" . [(null)]
2017-03-20 09:48:25,778 [7] BntWeb.Task.BackgroundService - (null) - 开始执行后台任务 "BntWeb.Core.SystemSettings.Services.ClearFilesTask" . [(null)]
2017-03-20 09:48:25,778 [9] BntWeb.Task.BackgroundService - (null) - 开始执行后台任务 "BntWeb.Coupon.Services.CouponTask" . [(null)]
2017-03-20 09:48:25,778 [8] BntWeb.Task.BackgroundService - (null) - 开始执行后台任务 "BntWeb.Core.SystemSettings.Services.ClearLogsTask" . [(null)]
2017-03-20 09:48:25,779 [15] BntWeb.Task.BackgroundService - (null) - 开始执行后台任务 "BntWeb.OrderProcess.Services.OrderProcessTask" . [(null)]
2017-03-20 09:48:25,778 [5] BntWeb.Task.BackgroundService - (null) - 开始执行后台任务 "BntWeb.Wallet.Services.WalletTask" . [(null)]
2017-03-20 09:48:25,832 [9] BntWeb.Task.BackgroundService - (null) - 后台任务执行完成 "BntWeb.Coupon.Services.CouponTask" . [(null)]
2017-03-20 09:48:25,834 [8] BntWeb.Task.BackgroundService - (null) - 后台任务执行完成 "BntWeb.Core.SystemSettings.Services.ClearLogsTask" . [(null)]
2017-03-20 09:48:25,835 [5] BntWeb.Task.BackgroundService - (null) - 后台任务执行完成 "BntWeb.Wallet.Services.WalletTask" . [(null)]
2017-03-20 09:48:25,890 [15] BntWeb.Task.BackgroundService - (null) - 后台任务执行完成 "BntWeb.OrderProcess.Services.OrderProcessTask" . [(null)]
2017-03-20 09:48:25,895 [7] BntWeb.Task.BackgroundService - (null) - 后台任务执行完成 "BntWeb.Core.SystemSettings.Services.ClearFilesTask" . [(null)]
2017-03-20 09:49:25,795 [15] BntWeb.Task.BackgroundService - (null) - 开始执行后台任务 "BntWeb.Wallet.Services.WalletTask" . [(null)]
2017-03-20 09:49:25,796 [5] BntWeb.Task.BackgroundService - (null) - 开始执行后台任务 "BntWeb.Core.SystemSettings.Services.ClearFilesTask" . [(null)]
2017-03-20 09:49:25,796 [8] BntWeb.Task.BackgroundService - (null) - 开始执行后台任务 "BntWeb.Core.SystemSettings.Services.ClearLogsTask" . [(null)]
2017-03-20 09:49:25,802 [7] BntWeb.Task.BackgroundService - (null) - 开始执行后台任务 "BntWeb.Coupon.Services.CouponTask" . [(null)]
2017-03-20 09:49:25,847 [15] BntWeb.Task.BackgroundService - (null) - 后台任务执行完成 "BntWeb.Wallet.Services.WalletTask" . [(null)]
2017-03-20 09:49:25,847 [15] BntWeb.Task.BackgroundService - (null) - 开始执行后台任务 "BntWeb.OrderProcess.Services.OrderProcessTask" . [(null)]
2017-03-20 09:49:25,853 [7] BntWeb.Task.BackgroundService - (null) - 后台任务执行完成 "BntWeb.Coupon.Services.CouponTask" . [(null)]
2017-03-20 09:49:25,855 [8] BntWeb.Task.BackgroundService - (null) - 后台任务执行完成 "BntWeb.Core.SystemSettings.Services.ClearLogsTask" . [(null)]
2017-03-20 09:49:25,869 [5] BntWeb.Task.BackgroundService - (null) - 后台任务执行完成 "BntWeb.Core.SystemSettings.Services.ClearFilesTask" . [(null)]
2017-03-20 09:49:25,935 [15] BntWeb.Task.BackgroundService - (null) - 后台任务执行完成 "BntWeb.OrderProcess.Services.OrderProcessTask" . [(null)]
2017-03-20 09:50:25,806 [15] BntWeb.Task.BackgroundService - (null) - 开始执行后台任务 "BntWeb.Core.SystemSettings.Services.ClearFilesTask" . [(null)]
2017-03-20 09:50:25,807 [17] BntWeb.Task.BackgroundService - (null) - 开始执行后台任务 "BntWeb.Core.SystemSettings.Services.ClearLogsTask" . [(null)]
2017-03-20 09:50:25,808 [21] BntWeb.Task.BackgroundService - (null) - 开始执行后台任务 "BntWeb.OrderProcess.Services.OrderProcessTask" . [(null)]
2017-03-20 09:50:25,806 [8] BntWeb.Task.BackgroundService - (null) - 开始执行后台任务 "BntWeb.Wallet.Services.WalletTask" . [(null)]
2017-03-20 09:50:25,808 [20] BntWeb.Task.BackgroundService - (null) - 开始执行后台任务 "BntWeb.Coupon.Services.CouponTask" . [(null)]
2017-03-20 09:50:25,877 [17] BntWeb.Task.BackgroundService - (null) - 后台任务执行完成 "BntWeb.Core.SystemSettings.Services.ClearLogsTask" . [(null)]
2017-03-20 09:50:25,879 [20] BntWeb.Task.BackgroundService - (null) - 后台任务执行完成 "BntWeb.Coupon.Services.CouponTask" . [(null)]
2017-03-20 09:50:25,887 [8] BntWeb.Task.BackgroundService - (null) - 后台任务执行完成 "BntWeb.Wallet.Services.WalletTask" . [(null)]
2017-03-20 09:50:25,924 [15] BntWeb.Task.BackgroundService - (null) - 后台任务执行完成 "BntWeb.Core.SystemSettings.Services.ClearFilesTask" . [(null)]
2017-03-20 09:50:26,298 [21] BntWeb.Task.BackgroundService - (null) - 后台任务执行完成 "BntWeb.OrderProcess.Services.OrderProcessTask" . [(null)]
2017-03-20 09:51:25,819 [18] BntWeb.Task.BackgroundService - (null) - 开始执行后台任务 "BntWeb.Wallet.Services.WalletTask" . [(null)]
2017-03-20 09:51:25,820 [14] BntWeb.Task.BackgroundService - (null) - 开始执行后台任务 "BntWeb.OrderProcess.Services.OrderProcessTask" . [(null)]
2017-03-20 09:51:25,820 [17] BntWeb.Task.BackgroundService - (null) - 开始执行后台任务 "BntWeb.Core.SystemSettings.Services.ClearLogsTask" . [(null)]
2017-03-20 09:51:25,820 [23] BntWeb.Task.BackgroundService - (null) - 开始执行后台任务 "BntWeb.Coupon.Services.CouponTask" . [(null)]
2017-03-20 09:51:25,819 [12] BntWeb.Task.BackgroundService - (null) - 开始执行后台任务 "BntWeb.Core.SystemSettings.Services.ClearFilesTask" . [(null)]
2017-03-20 09:51:25,848 [18] BntWeb.Task.BackgroundService - (null) - 后台任务执行完成 "BntWeb.Wallet.Services.WalletTask" . [(null)]
2017-03-20 09:51:25,850 [23] BntWeb.Task.BackgroundService - (null) - 后台任务执行完成 "BntWeb.Coupon.Services.CouponTask" . [(null)]
2017-03-20 09:51:25,852 [17] BntWeb.Task.BackgroundService - (null) - 后台任务执行完成 "BntWeb.Core.SystemSettings.Services.ClearLogsTask" . [(null)]
2017-03-20 09:51:25,888 [14] BntWeb.Task.BackgroundService - (null) - 后台任务执行完成 "BntWeb.OrderProcess.Services.OrderProcessTask" . [(null)]
2017-03-20 09:51:25,917 [12] BntWeb.Task.BackgroundService - (null) - 后台任务执行完成 "BntWeb.Core.SystemSettings.Services.ClearFilesTask" . [(null)]
2017-03-20 09:52:25,834 [18] BntWeb.Task.BackgroundService - (null) - 开始执行后台任务 "BntWeb.Core.SystemSettings.Services.ClearFilesTask" . [(null)]
2017-03-20 09:52:25,838 [14] BntWeb.Task.BackgroundService - (null) - 开始执行后台任务 "BntWeb.Core.SystemSettings.Services.ClearLogsTask" . [(null)]
2017-03-20 09:52:25,836 [17] BntWeb.Task.BackgroundService - (null) - 开始执行后台任务 "BntWeb.Wallet.Services.WalletTask" . [(null)]
2017-03-20 09:52:25,838 [12] BntWeb.Task.BackgroundService - (null) - 开始执行后台任务 "BntWeb.Coupon.Services.CouponTask" . [(null)]
2017-03-20 09:52:25,894 [12] BntWeb.Task.BackgroundService - (null) - 后台任务执行完成 "BntWeb.Coupon.Services.CouponTask" . [(null)]
2017-03-20 09:52:25,895 [17] BntWeb.Task.BackgroundService - (null) - 后台任务执行完成 "BntWeb.Wallet.Services.WalletTask" . [(null)]
2017-03-20 09:52:25,897 [14] BntWeb.Task.BackgroundService - (null) - 后台任务执行完成 "BntWeb.Core.SystemSettings.Services.ClearLogsTask" . [(null)]
2017-03-20 09:52:25,895 [12] BntWeb.Task.BackgroundService - (null) - 开始执行后台任务 "BntWeb.OrderProcess.Services.OrderProcessTask" . [(null)]
2017-03-20 09:52:25,970 [18] BntWeb.Task.BackgroundService - (null) - 后台任务执行完成 "BntWeb.Core.SystemSettings.Services.ClearFilesTask" . [(null)]
2017-03-20 09:52:26,007 [12] BntWeb.Task.BackgroundService - (null) - 后台任务执行完成 "BntWeb.OrderProcess.Services.OrderProcessTask" . [(null)]
2017-03-20 09:53:25,847 [35] BntWeb.Task.BackgroundService - (null) - 开始执行后台任务 "BntWeb.Core.SystemSettings.Services.ClearFilesTask" . [(null)]
2017-03-20 09:53:25,852 [34] BntWeb.Task.BackgroundService - (null) - 开始执行后台任务 "BntWeb.Coupon.Services.CouponTask" . [(null)]
2017-03-20 09:53:25,852 [30] BntWeb.Task.BackgroundService - (null) - 开始执行后台任务 "BntWeb.OrderProcess.Services.OrderProcessTask" . [(null)]
2017-03-20 09:53:25,854 [18] BntWeb.Task.BackgroundService - (null) - 开始执行后台任务 "BntWeb.Wallet.Services.WalletTask" . [(null)]
2017-03-20 09:53:25,849 [28] BntWeb.Task.BackgroundService - (null) - 开始执行后台任务 "BntWeb.Core.SystemSettings.Services.ClearLogsTask" . [(null)]
2017-03-20 09:53:25,891 [34] BntWeb.Task.BackgroundService - (null) - 后台任务执行完成 "BntWeb.Coupon.Services.CouponTask" . [(null)]
2017-03-20 09:53:25,897 [18] BntWeb.Task.BackgroundService - (null) - 后台任务执行完成 "BntWeb.Wallet.Services.WalletTask" . [(null)]
2017-03-20 09:53:25,898 [28] BntWeb.Task.BackgroundService - (null) - 后台任务执行完成 "BntWeb.Core.SystemSettings.Services.ClearLogsTask" . [(null)]
2017-03-20 09:53:25,936 [30] BntWeb.Task.BackgroundService - (null) - 后台任务执行完成 "BntWeb.OrderProcess.Services.OrderProcessTask" . [(null)]
2017-03-20 09:53:25,963 [35] BntWeb.Task.BackgroundService - (null) - 后台任务执行完成 "BntWeb.Core.SystemSettings.Services.ClearFilesTask" . [(null)]
2017-03-20 09:54:25,861 [34] BntWeb.Task.BackgroundService - (null) - 开始执行后台任务 "BntWeb.Core.SystemSettings.Services.ClearFilesTask" . [(null)]
2017-03-20 09:54:25,864 [28] BntWeb.Task.BackgroundService - (null) - 开始执行后台任务 "BntWeb.Coupon.Services.CouponTask" . [(null)]
2017-03-20 09:54:25,861 [35] BntWeb.Task.BackgroundService - (null) - 开始执行后台任务 "BntWeb.Wallet.Services.WalletTask" . [(null)]
2017-03-20 09:54:25,864 [37] BntWeb.Task.BackgroundService - (null) - 开始执行后台任务 "BntWeb.Core.SystemSettings.Services.ClearLogsTask" . [(null)]
2017-03-20 09:54:25,905 [35] BntWeb.Task.BackgroundService - (null) - 后台任务执行完成 "BntWeb.Wallet.Services.WalletTask" . [(null)]
2017-03-20 09:54:25,907 [35] BntWeb.Task.BackgroundService - (null) - 开始执行后台任务 "BntWeb.OrderProcess.Services.OrderProcessTask" . [(null)]
2017-03-20 09:54:25,906 [28] BntWeb.Task.BackgroundService - (null) - 后台任务执行完成 "BntWeb.Coupon.Services.CouponTask" . [(null)]
2017-03-20 09:54:25,938 [37] BntWeb.Task.BackgroundService - (null) - 后台任务执行完成 "BntWeb.Core.SystemSettings.Services.ClearLogsTask" . [(null)]
2017-03-20 09:54:25,981 [35] BntWeb.Task.BackgroundService - (null) - 后台任务执行完成 "BntWeb.OrderProcess.Services.OrderProcessTask" . [(null)]
2017-03-20 09:54:26,007 [34] BntWeb.Task.BackgroundService - (null) - 后台任务执行完成 "BntWeb.Core.SystemSettings.Services.ClearFilesTask" . [(null)]
2017-03-20 09:55:25,874 [37] BntWeb.Task.BackgroundService - (null) - 开始执行后台任务 "BntWeb.Core.SystemSettings.Services.ClearFilesTask" . [(null)]
2017-03-20 09:55:25,877 [41] BntWeb.Task.BackgroundService - (null) - 开始执行后台任务 "BntWeb.Wallet.Services.WalletTask" . [(null)]
2017-03-20 09:55:25,874 [40] BntWeb.Task.BackgroundService - (null) - 开始执行后台任务 "BntWeb.Core.SystemSettings.Services.ClearLogsTask" . [(null)]
2017-03-20 09:55:25,875 [39] BntWeb.Task.BackgroundService - (null) - 开始执行后台任务 "BntWeb.OrderProcess.Services.OrderProcessTask" . [(null)]
2017-03-20 09:55:25,875 [44] BntWeb.Task.BackgroundService - (null) - 开始执行后台任务 "BntWeb.Coupon.Services.CouponTask" . [(null)]
2017-03-20 09:55:25,916 [41] BntWeb.Task.BackgroundService - (null) - 后台任务执行完成 "BntWeb.Wallet.Services.WalletTask" . [(null)]
2017-03-20 09:55:25,918 [40] BntWeb.Task.BackgroundService - (null) - 后台任务执行完成 "BntWeb.Core.SystemSettings.Services.ClearLogsTask" . [(null)]
2017-03-20 09:55:25,920 [44] BntWeb.Task.BackgroundService - (null) - 后台任务执行完成 "BntWeb.Coupon.Services.CouponTask" . [(null)]
2017-03-20 09:55:25,975 [39] BntWeb.Task.BackgroundService - (null) - 后台任务执行完成 "BntWeb.OrderProcess.Services.OrderProcessTask" . [(null)]
2017-03-20 09:55:26,036 [37] BntWeb.Task.BackgroundService - (null) - 后台任务执行完成 "BntWeb.Core.SystemSettings.Services.ClearFilesTask" . [(null)]
2017-03-20 09:56:25,890 [25] BntWeb.Task.BackgroundService - (null) - 开始执行后台任务 "BntWeb.Core.SystemSettings.Services.ClearFilesTask" . [(null)]
2017-03-20 09:56:25,891 [44] BntWeb.Task.BackgroundService - (null) - 开始执行后台任务 "BntWeb.Wallet.Services.WalletTask" . [(null)]
2017-03-20 09:56:25,891 [35] BntWeb.Task.BackgroundService - (null) - 开始执行后台任务 "BntWeb.Core.SystemSettings.Services.ClearLogsTask" . [(null)]
2017-03-20 09:56:25,892 [40] BntWeb.Task.BackgroundService - (null) - 开始执行后台任务 "BntWeb.Coupon.Services.CouponTask" . [(null)]
2017-03-20 09:56:25,899 [42] BntWeb.Task.BackgroundService - (null) - 开始执行后台任务 "BntWeb.OrderProcess.Services.OrderProcessTask" . [(null)]
2017-03-20 09:56:25,923 [44] BntWeb.Task.BackgroundService - (null) - 后台任务执行完成 "BntWeb.Wallet.Services.WalletTask" . [(null)]
2017-03-20 09:56:25,924 [40] BntWeb.Task.BackgroundService - (null) - 后台任务执行完成 "BntWeb.Coupon.Services.CouponTask" . [(null)]
2017-03-20 09:56:25,925 [35] BntWeb.Task.BackgroundService - (null) - 后台任务执行完成 "BntWeb.Core.SystemSettings.Services.ClearLogsTask" . [(null)]
2017-03-20 09:56:25,972 [42] BntWeb.Task.BackgroundService - (null) - 后台任务执行完成 "BntWeb.OrderProcess.Services.OrderProcessTask" . [(null)]
2017-03-20 09:56:25,996 [25] BntWeb.Task.BackgroundService - (null) - 后台任务执行完成 "BntWeb.Core.SystemSettings.Services.ClearFilesTask" . [(null)]
2017-03-20 09:57:25,903 [25] BntWeb.Task.BackgroundService - (null) - 开始执行后台任务 "BntWeb.Wallet.Services.WalletTask" . [(null)]
2017-03-20 09:57:25,903 [40] BntWeb.Task.BackgroundService - (null) - 开始执行后台任务 "BntWeb.Coupon.Services.CouponTask" . [(null)]
2017-03-20 09:57:25,903 [44] BntWeb.Task.BackgroundService - (null) - 开始执行后台任务 "BntWeb.Core.SystemSettings.Services.ClearFilesTask" . [(null)]
2017-03-20 09:57:25,903 [42] BntWeb.Task.BackgroundService - (null) - 开始执行后台任务 "BntWeb.Core.SystemSettings.Services.ClearLogsTask" . [(null)]
2017-03-20 09:57:25,953 [25] BntWeb.Task.BackgroundService - (null) - 后台任务执行完成 "BntWeb.Wallet.Services.WalletTask" . [(null)]
2017-03-20 09:57:25,953 [25] BntWeb.Task.BackgroundService - (null) - 开始执行后台任务 "BntWeb.OrderProcess.Services.OrderProcessTask" . [(null)]
2017-03-20 09:57:25,953 [40] BntWeb.Task.BackgroundService - (null) - 后台任务执行完成 "BntWeb.Coupon.Services.CouponTask" . [(null)]
2017-03-20 09:57:25,953 [42] BntWeb.Task.BackgroundService - (null) - 后台任务执行完成 "BntWeb.Core.SystemSettings.Services.ClearLogsTask" . [(null)]
2017-03-20 09:57:26,023 [25] BntWeb.Task.BackgroundService - (null) - 后台任务执行完成 "BntWeb.OrderProcess.Services.OrderProcessTask" . [(null)]
2017-03-20 09:57:26,033 [44] BntWeb.Task.BackgroundService - (null) - 后台任务执行完成 "BntWeb.Core.SystemSettings.Services.ClearFilesTask" . [(null)]
2017-03-20 09:58:25,915 [47] BntWeb.Task.BackgroundService - (null) - 开始执行后台任务 "BntWeb.Core.SystemSettings.Services.ClearFilesTask" . [(null)]
2017-03-20 09:58:25,915 [48] BntWeb.Task.BackgroundService - (null) - 开始执行后台任务 "BntWeb.Wallet.Services.WalletTask" . [(null)]
2017-03-20 09:58:25,915 [44] BntWeb.Task.BackgroundService - (null) - 开始执行后台任务 "BntWeb.Coupon.Services.CouponTask" . [(null)]
2017-03-20 09:58:25,915 [42] BntWeb.Task.BackgroundService - (null) - 开始执行后台任务 "BntWeb.OrderProcess.Services.OrderProcessTask" . [(null)]
2017-03-20 09:58:25,915 [46] BntWeb.Task.BackgroundService - (null) - 开始执行后台任务 "BntWeb.Core.SystemSettings.Services.ClearLogsTask" . [(null)]
2017-03-20 09:58:25,955 [48] BntWeb.Task.BackgroundService - (null) - 后台任务执行完成 "BntWeb.Wallet.Services.WalletTask" . [(null)]
2017-03-20 09:58:25,965 [44] BntWeb.Task.BackgroundService - (null) - 后台任务执行完成 "BntWeb.Coupon.Services.CouponTask" . [(null)]
2017-03-20 09:58:25,975 [46] BntWeb.Task.BackgroundService - (null) - 后台任务执行完成 "BntWeb.Core.SystemSettings.Services.ClearLogsTask" . [(null)]
2017-03-20 09:58:26,005 [42] BntWeb.Task.BackgroundService - (null) - 后台任务执行完成 "BntWeb.OrderProcess.Services.OrderProcessTask" . [(null)]
2017-03-20 09:58:26,035 [47] BntWeb.Task.BackgroundService - (null) - 后台任务执行完成 "BntWeb.Core.SystemSettings.Services.ClearFilesTask" . [(null)]
2017-03-20 09:59:25,935 [49] BntWeb.Task.BackgroundService - (null) - 开始执行后台任务 "BntWeb.Core.SystemSettings.Services.ClearFilesTask" . [(null)]
2017-03-20 09:59:25,935 [51] BntWeb.Task.BackgroundService - (null) - 开始执行后台任务 "BntWeb.Core.SystemSettings.Services.ClearLogsTask" . [(null)]
2017-03-20 09:59:25,935 [40] BntWeb.Task.BackgroundService - (null) - 开始执行后台任务 "BntWeb.Wallet.Services.WalletTask" . [(null)]
2017-03-20 09:59:25,935 [48] BntWeb.Task.BackgroundService - (null) - 开始执行后台任务 "BntWeb.OrderProcess.Services.OrderProcessTask" . [(null)]
2017-03-20 09:59:25,935 [44] BntWeb.Task.BackgroundService - (null) - 开始执行后台任务 "BntWeb.Coupon.Services.CouponTask" . [(null)]
2017-03-20 09:59:25,975 [40] BntWeb.Task.BackgroundService - (null) - 后台任务执行完成 "BntWeb.Wallet.Services.WalletTask" . [(null)]
2017-03-20 09:59:25,985 [51] BntWeb.Task.BackgroundService - (null) - 后台任务执行完成 "BntWeb.Core.SystemSettings.Services.ClearLogsTask" . [(null)]
2017-03-20 09:59:25,985 [44] BntWeb.Task.BackgroundService - (null) - 后台任务执行完成 "BntWeb.Coupon.Services.CouponTask" . [(null)]
2017-03-20 09:59:26,025 [48] BntWeb.Task.BackgroundService - (null) - 后台任务执行完成 "BntWeb.OrderProcess.Services.OrderProcessTask" . [(null)]
2017-03-20 09:59:26,045 [49] BntWeb.Task.BackgroundService - (null) - 后台任务执行完成 "BntWeb.Core.SystemSettings.Services.ClearFilesTask" . [(null)]
2017-03-20 10:00:25,950 [47] BntWeb.Task.BackgroundService - (null) - 开始执行后台任务 "BntWeb.Core.SystemSettings.Services.ClearFilesTask" . [(null)]
2017-03-20 10:00:25,950 [49] BntWeb.Task.BackgroundService - (null) - 开始执行后台任务 "BntWeb.Wallet.Services.WalletTask" . [(null)]
2017-03-20 10:00:25,950 [50] BntWeb.Task.BackgroundService - (null) - 开始执行后台任务 "BntWeb.Coupon.Services.CouponTask" . [(null)]
2017-03-20 10:00:25,950 [40] BntWeb.Task.BackgroundService - (null) - 开始执行后台任务 "BntWeb.Core.SystemSettings.Services.ClearLogsTask" . [(null)]
2017-03-20 10:00:25,950 [42] BntWeb.Task.BackgroundService - (null) - 开始执行后台任务 "BntWeb.OrderProcess.Services.OrderProcessTask" . [(null)]
2017-03-20 10:00:26,000 [49] BntWeb.Task.BackgroundService - (null) - 后台任务执行完成 "BntWeb.Wallet.Services.WalletTask" . [(null)]
2017-03-20 10:00:26,000 [50] BntWeb.Task.BackgroundService - (null) - 后台任务执行完成 "BntWeb.Coupon.Services.CouponTask" . [(null)]
2017-03-20 10:00:26,000 [40] BntWeb.Task.BackgroundService - (null) - 后台任务执行完成 "BntWeb.Core.SystemSettings.Services.ClearLogsTask" . [(null)]
2017-03-20 10:00:26,050 [42] BntWeb.Task.BackgroundService - (null) - 后台任务执行完成 "BntWeb.OrderProcess.Services.OrderProcessTask" . [(null)]
2017-03-20 10:00:26,070 [47] BntWeb.Task.BackgroundService - (null) - 后台任务执行完成 "BntWeb.Core.SystemSettings.Services.ClearFilesTask" . [(null)]
2017-03-20 10:01:25,957 [40] BntWeb.Task.BackgroundService - (null) - 开始执行后台任务 "BntWeb.Core.SystemSettings.Services.ClearFilesTask" . [(null)]
2017-03-20 10:01:25,959 [55] BntWeb.Task.BackgroundService - (null) - 开始执行后台任务 "BntWeb.OrderProcess.Services.OrderProcessTask" . [(null)]
2017-03-20 10:01:25,958 [47] BntWeb.Task.BackgroundService - (null) - 开始执行后台任务 "BntWeb.Coupon.Services.CouponTask" . [(null)]
2017-03-20 10:01:25,958 [44] BntWeb.Task.BackgroundService - (null) - 开始执行后台任务 "BntWeb.Core.SystemSettings.Services.ClearLogsTask" . [(null)]
2017-03-20 10:01:25,959 [49] BntWeb.Task.BackgroundService - (null) - 开始执行后台任务 "BntWeb.Wallet.Services.WalletTask" . [(null)]
2017-03-20 10:01:25,988 [47] BntWeb.Task.BackgroundService - (null) - 后台任务执行完成 "BntWeb.Coupon.Services.CouponTask" . [(null)]
2017-03-20 10:01:25,997 [44] BntWeb.Task.BackgroundService - (null) - 后台任务执行完成 "BntWeb.Core.SystemSettings.Services.ClearLogsTask" . [(null)]
2017-03-20 10:01:26,006 [49] BntWeb.Task.BackgroundService - (null) - 后台任务执行完成 "BntWeb.Wallet.Services.WalletTask" . [(null)]
2017-03-20 10:01:26,030 [55] BntWeb.Task.BackgroundService - (null) - 后台任务执行完成 "BntWeb.OrderProcess.Services.OrderProcessTask" . [(null)]
2017-03-20 10:01:26,442 [40] BntWeb.Task.BackgroundService - (null) - 后台任务执行完成 "BntWeb.Core.SystemSettings.Services.ClearFilesTask" . [(null)]
2017-03-20 10:02:25,977 [49] BntWeb.Task.BackgroundService - (null) - 开始执行后台任务 "BntWeb.Wallet.Services.WalletTask" . [(null)]
2017-03-20 10:02:25,977 [56] BntWeb.Task.BackgroundService - (null) - 开始执行后台任务 "BntWeb.Core.SystemSettings.Services.ClearFilesTask" . [(null)]
2017-03-20 10:02:25,977 [44] BntWeb.Task.BackgroundService - (null) - 开始执行后台任务 "BntWeb.Core.SystemSettings.Services.ClearLogsTask" . [(null)]
2017-03-20 10:02:25,987 [55] BntWeb.Task.BackgroundService - (null) - 开始执行后台任务 "BntWeb.OrderProcess.Services.OrderProcessTask" . [(null)]
2017-03-20 10:02:25,977 [47] BntWeb.Task.BackgroundService - (null) - 开始执行后台任务 "BntWeb.Coupon.Services.CouponTask" . [(null)]
2017-03-20 10:02:26,017 [49] BntWeb.Task.BackgroundService - (null) - 后台任务执行完成 "BntWeb.Wallet.Services.WalletTask" . [(null)]
2017-03-20 10:02:26,027 [44] BntWeb.Task.BackgroundService - (null) - 后台任务执行完成 "BntWeb.Core.SystemSettings.Services.ClearLogsTask" . [(null)]
2017-03-20 10:02:26,037 [47] BntWeb.Task.BackgroundService - (null) - 后台任务执行完成 "BntWeb.Coupon.Services.CouponTask" . [(null)]
2017-03-20 10:02:26,077 [55] BntWeb.Task.BackgroundService - (null) - 后台任务执行完成 "BntWeb.OrderProcess.Services.OrderProcessTask" . [(null)]
2017-03-20 10:02:26,097 [56] BntWeb.Task.BackgroundService - (null) - 后台任务执行完成 "BntWeb.Core.SystemSettings.Services.ClearFilesTask" . [(null)]
2017-03-20 10:03:25,985 [53] BntWeb.Task.BackgroundService - (null) - 开始执行后台任务 "BntWeb.Wallet.Services.WalletTask" . [(null)]
2017-03-20 10:03:25,985 [56] BntWeb.Task.BackgroundService - (null) - 开始执行后台任务 "BntWeb.Core.SystemSettings.Services.ClearFilesTask" . [(null)]
2017-03-20 10:03:25,985 [47] BntWeb.Task.BackgroundService - (null) - 开始执行后台任务 "BntWeb.Coupon.Services.CouponTask" . [(null)]
2017-03-20 10:03:25,985 [44] BntWeb.Task.BackgroundService - (null) - 开始执行后台任务 "BntWeb.Core.SystemSettings.Services.ClearLogsTask" . [(null)]
2017-03-20 10:03:25,995 [58] BntWeb.Task.BackgroundService - (null) - 开始执行后台任务 "BntWeb.OrderProcess.Services.OrderProcessTask" . [(null)]
2017-03-20 10:03:26,025 [47] BntWeb.Task.BackgroundService - (null) - 后台任务执行完成 "BntWeb.Coupon.Services.CouponTask" . [(null)]
2017-03-20 10:03:26,035 [53] BntWeb.Task.BackgroundService - (null) - 后台任务执行完成 "BntWeb.Wallet.Services.WalletTask" . [(null)]
2017-03-20 10:03:26,045 [44] BntWeb.Task.BackgroundService - (null) - 后台任务执行完成 "BntWeb.Core.SystemSettings.Services.ClearLogsTask" . [(null)]
2017-03-20 10:03:26,075 [58] BntWeb.Task.BackgroundService - (null) - 后台任务执行完成 "BntWeb.OrderProcess.Services.OrderProcessTask" . [(null)]
2017-03-20 10:03:26,142 [56] BntWeb.Task.BackgroundService - (null) - 后台任务执行完成 "BntWeb.Core.SystemSettings.Services.ClearFilesTask" . [(null)]
2017-03-20 10:04:26,002 [58] BntWeb.Task.BackgroundService - (null) - 开始执行后台任务 "BntWeb.Core.SystemSettings.Services.ClearFilesTask" . [(null)]
2017-03-20 10:04:26,002 [53] BntWeb.Task.BackgroundService - (null) - 开始执行后台任务 "BntWeb.Core.SystemSettings.Services.ClearLogsTask" . [(null)]
2017-03-20 10:04:26,002 [56] BntWeb.Task.BackgroundService - (null) - 开始执行后台任务 "BntWeb.Wallet.Services.WalletTask" . [(null)]
2017-03-20 10:04:26,002 [55] BntWeb.Task.BackgroundService - (null) - 开始执行后台任务 "BntWeb.Coupon.Services.CouponTask" . [(null)]
2017-03-20 10:04:26,042 [53] BntWeb.Task.BackgroundService - (null) - 后台任务执行完成 "BntWeb.Core.SystemSettings.Services.ClearLogsTask" . [(null)]
2017-03-20 10:04:26,052 [53] BntWeb.Task.BackgroundService - (null) - 开始执行后台任务 "BntWeb.OrderProcess.Services.OrderProcessTask" . [(null)]
2017-03-20 10:04:26,052 [55] BntWeb.Task.BackgroundService - (null) - 后台任务执行完成 "BntWeb.Coupon.Services.CouponTask" . [(null)]
2017-03-20 10:04:26,052 [56] BntWeb.Task.BackgroundService - (null) - 后台任务执行完成 "BntWeb.Wallet.Services.WalletTask" . [(null)]
2017-03-20 10:04:26,112 [53] BntWeb.Task.BackgroundService - (null) - 后台任务执行完成 "BntWeb.OrderProcess.Services.OrderProcessTask" . [(null)]
2017-03-20 10:04:26,122 [58] BntWeb.Task.BackgroundService - (null) - 后台任务执行完成 "BntWeb.Core.SystemSettings.Services.ClearFilesTask" . [(null)]
2017-03-20 10:05:26,013 [55] BntWeb.Task.BackgroundService - (null) - 开始执行后台任务 "BntWeb.Core.SystemSettings.Services.ClearFilesTask" . [(null)]
2017-03-20 10:05:26,013 [58] BntWeb.Task.BackgroundService - (null) - 开始执行后台任务 "BntWeb.Coupon.Services.CouponTask" . [(null)]
2017-03-20 10:05:26,013 [53] BntWeb.Task.BackgroundService - (null) - 开始执行后台任务 "BntWeb.Wallet.Services.WalletTask" . [(null)]
2017-03-20 10:05:26,013 [59] BntWeb.Task.BackgroundService - (null) - 开始执行后台任务 "BntWeb.Core.SystemSettings.Services.ClearLogsTask" . [(null)]
2017-03-20 10:05:26,013 [56] BntWeb.Task.BackgroundService - (null) - 开始执行后台任务 "BntWeb.OrderProcess.Services.OrderProcessTask" . [(null)]
2017-03-20 10:05:26,043 [53] BntWeb.Task.BackgroundService - (null) - 后台任务执行完成 "BntWeb.Wallet.Services.WalletTask" . [(null)]
2017-03-20 10:05:26,053 [58] BntWeb.Task.BackgroundService - (null) - 后台任务执行完成 "BntWeb.Coupon.Services.CouponTask" . [(null)]
2017-03-20 10:05:26,053 [59] BntWeb.Task.BackgroundService - (null) - 后台任务执行完成 "BntWeb.Core.SystemSettings.Services.ClearLogsTask" . [(null)]
2017-03-20 10:05:26,093 [56] BntWeb.Task.BackgroundService - (null) - 后台任务执行完成 "BntWeb.OrderProcess.Services.OrderProcessTask" . [(null)]
2017-03-20 10:05:26,123 [55] BntWeb.Task.BackgroundService - (null) - 后台任务执行完成 "BntWeb.Core.SystemSettings.Services.ClearFilesTask" . [(null)]
2017-03-20 10:06:26,024 [55] BntWeb.Task.BackgroundService - (null) - 开始执行后台任务 "BntWeb.Core.SystemSettings.Services.ClearFilesTask" . [(null)]
2017-03-20 10:06:26,024 [59] BntWeb.Task.BackgroundService - (null) - 开始执行后台任务 "BntWeb.Core.SystemSettings.Services.ClearLogsTask" . [(null)]
2017-03-20 10:06:26,024 [16] BntWeb.Task.BackgroundService - (null) - 开始执行后台任务 "BntWeb.Coupon.Services.CouponTask" . [(null)]
2017-03-20 10:06:26,024 [52] BntWeb.Task.BackgroundService - (null) - 开始执行后台任务 "BntWeb.OrderProcess.Services.OrderProcessTask" . [(null)]
2017-03-20 10:06:26,024 [53] BntWeb.Task.BackgroundService - (null) - 开始执行后台任务 "BntWeb.Wallet.Services.WalletTask" . [(null)]
2017-03-20 10:06:26,054 [16] BntWeb.Task.BackgroundService - (null) - 后台任务执行完成 "BntWeb.Coupon.Services.CouponTask" . [(null)]
2017-03-20 10:06:26,064 [53] BntWeb.Task.BackgroundService - (null) - 后台任务执行完成 "BntWeb.Wallet.Services.WalletTask" . [(null)]
2017-03-20 10:06:26,104 [52] BntWeb.Task.BackgroundService - (null) - 后台任务执行完成 "BntWeb.OrderProcess.Services.OrderProcessTask" . [(null)]
2017-03-20 10:06:26,104 [59] BntWeb.Task.BackgroundService - (null) - 后台任务执行完成 "BntWeb.Core.SystemSettings.Services.ClearLogsTask" . [(null)]
2017-03-20 10:06:26,235 [55] BntWeb.Task.BackgroundService - (null) - 后台任务执行完成 "BntWeb.Core.SystemSettings.Services.ClearFilesTask" . [(null)]
