2017-03-24 09:08:18,132 [7] BntWeb.Environment.DefaultBntWebHost - (null) - Initializing [(null)]
2017-03-24 09:08:18,189 [7] BntWeb.Environment.DefaultBntWebHost - (null) - Start creation of shells [(null)]
2017-03-24 09:08:18,275 [7] BntWeb.Environment.DefaultBntWebShell - (null) - 成功加载模块系统:System [(null)]
2017-03-24 09:08:18,276 [7] BntWeb.Environment.DefaultBntWebShell - (null) - 成功加载模块后台用户:Core-SystemUsers [(null)]
2017-03-24 09:08:18,278 [7] BntWeb.Environment.DefaultBntWebShell - (null) - 成功加载模块系统管理:Core-SystemSettings [(null)]
2017-03-24 09:08:18,280 [7] BntWeb.Environment.DefaultBntWebShell - (null) - 成功加载模块系统错误:Core-Error [(null)]
2017-03-24 09:08:18,281 [7] BntWeb.Environment.DefaultBntWebShell - (null) - 成功加载模块广告管理:BntWeb-Advertisement [(null)]
2017-03-24 09:08:18,282 [7] BntWeb.Environment.DefaultBntWebShell - (null) - 成功加载模块轮播管理:BntWeb-Carousel [(null)]
2017-03-24 09:08:18,283 [7] BntWeb.Environment.DefaultBntWebShell - (null) - 成功加载模块配置管理:BntWeb-Config [(null)]
2017-03-24 09:08:18,285 [7] BntWeb.Environment.DefaultBntWebShell - (null) - 成功加载模块内容标记:BntWeb-ContentMarkup [(null)]
2017-03-24 09:08:18,288 [7] BntWeb.Environment.DefaultBntWebShell - (null) - 成功加载模块优惠券管理:BntWeb-Coupon [(null)]
2017-03-24 09:08:18,289 [7] BntWeb.Environment.DefaultBntWebShell - (null) - 成功加载模块评价管理:BntWeb-Evaluate [(null)]
2017-03-24 09:08:18,292 [7] BntWeb.Environment.DefaultBntWebShell - (null) - 成功加载模块反馈管理:BntWeb-Feedback [(null)]
2017-03-24 09:08:18,293 [7] BntWeb.Environment.DefaultBntWebShell - (null) - 成功加载模块帮助中心:BntWeb-HelpCenter [(null)]
2017-03-24 09:08:18,294 [7] BntWeb.Environment.DefaultBntWebShell - (null) - 成功加载模块物流管理:BntWeb-Logistics [(null)]
2017-03-24 09:08:18,300 [7] BntWeb.Environment.DefaultBntWebShell - (null) - 成功加载模块商城管理:BntWeb-Mall [(null)]
2017-03-24 09:08:18,301 [7] BntWeb.Environment.DefaultBntWebShell - (null) - 成功加载模块会员基础:BntWeb-MemberBase [(null)]
2017-03-24 09:08:18,303 [7] BntWeb.Environment.DefaultBntWebShell - (null) - 成功加载模块会员管理:BntWeb-MemberCenter [(null)]
2017-03-24 09:08:18,304 [7] BntWeb.Environment.DefaultBntWebShell - (null) - 成功加载模块订单管理:BntWeb-OrderProcess [(null)]
2017-03-24 09:08:18,306 [7] BntWeb.Environment.DefaultBntWebShell - (null) - 成功加载模块支付管理:BntWeb-PaymentProcess [(null)]
2017-03-24 09:08:18,308 [7] BntWeb.Environment.DefaultBntWebShell - (null) - 成功加载模块单页管理:BntWeb-SinglePage [(null)]
2017-03-24 09:08:18,309 [7] BntWeb.Environment.DefaultBntWebShell - (null) - 成功加载模块消息中心:BntWeb-SystemMessage [(null)]
2017-03-24 09:08:18,310 [7] BntWeb.Environment.DefaultBntWebShell - (null) - 成功加载模块标签管理:BntWeb-Tag [(null)]
2017-03-24 09:08:18,311 [7] BntWeb.Environment.DefaultBntWebShell - (null) - 成功加载模块钱包管理:BntWeb-Wallet [(null)]
2017-03-24 09:08:18,312 [7] BntWeb.Environment.DefaultBntWebShell - (null) - 加载22项IRouteProvider [(null)]
2017-03-24 09:08:18,312 [7] BntWeb.Environment.DefaultBntWebShell - (null) - 加载17项IHttpRouteProvider [(null)]
2017-03-24 09:08:18,479 [7] BntWeb.Mvc.Routes.RoutePublisher - (null) - 共加载277条路由 [(null)]
2017-03-24 09:08:18,694 [7] BntWeb.Environment.DefaultBntWebHost - (null) - Initialized [(null)]
2017-03-24 09:09:27,964 [7] BntWeb.Task.BackgroundService - (null) - 开始执行后台任务 "BntWeb.Core.SystemSettings.Services.ClearFilesTask" . [(null)]
2017-03-24 09:09:27,964 [9] BntWeb.Task.BackgroundService - (null) - 开始执行后台任务 "BntWeb.OrderProcess.Services.OrderProcessTask" . [(null)]
2017-03-24 09:09:27,964 [5] BntWeb.Task.BackgroundService - (null) - 开始执行后台任务 "BntWeb.Coupon.Services.CouponTask" . [(null)]
2017-03-24 09:09:27,964 [8] BntWeb.Task.BackgroundService - (null) - 开始执行后台任务 "BntWeb.Wallet.Services.WalletTask" . [(null)]
2017-03-24 09:09:27,964 [11] BntWeb.Task.BackgroundService - (null) - 开始执行后台任务 "BntWeb.Core.SystemSettings.Services.ClearLogsTask" . [(null)]
2017-03-24 09:09:28,994 [11] BntWeb.Task.BackgroundService - (null) - 后台任务执行完成 "BntWeb.Core.SystemSettings.Services.ClearLogsTask" . [(null)]
2017-03-24 09:09:29,214 [5] BntWeb.Task.BackgroundService - (null) - 后台任务执行完成 "BntWeb.Coupon.Services.CouponTask" . [(null)]
2017-03-24 09:09:29,399 [7] BntWeb.Task.BackgroundService - (null) - 后台任务执行完成 "BntWeb.Core.SystemSettings.Services.ClearFilesTask" . [(null)]
2017-03-24 09:09:29,506 [9] BntWeb.Task.BackgroundService - (null) - 后台任务执行完成 "BntWeb.OrderProcess.Services.OrderProcessTask" . [(null)]
2017-03-24 09:09:30,510 [8] BntWeb.Task.BackgroundService - (null) - 后台任务执行完成 "BntWeb.Wallet.Services.WalletTask" . [(null)]
2017-03-24 09:10:18,626 [11] BntWeb.Task.BackgroundService - (null) - 开始执行后台任务 "BntWeb.Core.SystemSettings.Services.ClearFilesTask" . [(null)]
2017-03-24 09:10:18,627 [8] BntWeb.Task.BackgroundService - (null) - 开始执行后台任务 "BntWeb.Coupon.Services.CouponTask" . [(null)]
2017-03-24 09:10:18,626 [5] BntWeb.Task.BackgroundService - (null) - 开始执行后台任务 "BntWeb.Wallet.Services.WalletTask" . [(null)]
2017-03-24 09:10:18,626 [7] BntWeb.Task.BackgroundService - (null) - 开始执行后台任务 "BntWeb.Core.SystemSettings.Services.ClearLogsTask" . [(null)]
2017-03-24 09:10:18,648 [8] BntWeb.Task.BackgroundService - (null) - 后台任务执行完成 "BntWeb.Coupon.Services.CouponTask" . [(null)]
2017-03-24 09:10:18,649 [8] BntWeb.Task.BackgroundService - (null) - 开始执行后台任务 "BntWeb.OrderProcess.Services.OrderProcessTask" . [(null)]
2017-03-24 09:10:18,678 [5] BntWeb.Task.BackgroundService - (null) - 后台任务执行完成 "BntWeb.Wallet.Services.WalletTask" . [(null)]
2017-03-24 09:10:18,698 [7] BntWeb.Task.BackgroundService - (null) - 后台任务执行完成 "BntWeb.Core.SystemSettings.Services.ClearLogsTask" . [(null)]
2017-03-24 09:10:18,767 [11] BntWeb.Task.BackgroundService - (null) - 后台任务执行完成 "BntWeb.Core.SystemSettings.Services.ClearFilesTask" . [(null)]
2017-03-24 09:10:19,154 [8] BntWeb.Task.BackgroundService - (null) - 后台任务执行完成 "BntWeb.OrderProcess.Services.OrderProcessTask" . [(null)]
2017-03-24 09:11:18,640 [8] BntWeb.Task.BackgroundService - (null) - 开始执行后台任务 "BntWeb.Wallet.Services.WalletTask" . [(null)]
2017-03-24 09:11:18,640 [7] BntWeb.Task.BackgroundService - (null) - 开始执行后台任务 "BntWeb.Core.SystemSettings.Services.ClearLogsTask" . [(null)]
2017-03-24 09:11:18,640 [11] BntWeb.Task.BackgroundService - (null) - 开始执行后台任务 "BntWeb.Core.SystemSettings.Services.ClearFilesTask" . [(null)]
2017-03-24 09:11:18,642 [5] BntWeb.Task.BackgroundService - (null) - 开始执行后台任务 "BntWeb.Coupon.Services.CouponTask" . [(null)]
2017-03-24 09:11:18,643 [14] BntWeb.Task.BackgroundService - (null) - 开始执行后台任务 "BntWeb.OrderProcess.Services.OrderProcessTask" . [(null)]
2017-03-24 09:11:18,687 [5] BntWeb.Task.BackgroundService - (null) - 后台任务执行完成 "BntWeb.Coupon.Services.CouponTask" . [(null)]
2017-03-24 09:11:19,058 [11] BntWeb.Task.BackgroundService - (null) - 后台任务执行完成 "BntWeb.Core.SystemSettings.Services.ClearFilesTask" . [(null)]
2017-03-24 09:11:19,074 [7] BntWeb.Task.BackgroundService - (null) - 后台任务执行完成 "BntWeb.Core.SystemSettings.Services.ClearLogsTask" . [(null)]
2017-03-24 09:11:19,133 [8] BntWeb.Task.BackgroundService - (null) - 后台任务执行完成 "BntWeb.Wallet.Services.WalletTask" . [(null)]
2017-03-24 09:11:19,348 [14] BntWeb.Task.BackgroundService - (null) - 后台任务执行完成 "BntWeb.OrderProcess.Services.OrderProcessTask" . [(null)]
2017-03-24 09:12:18,654 [11] BntWeb.Task.BackgroundService - (null) - 开始执行后台任务 "BntWeb.Wallet.Services.WalletTask" . [(null)]
2017-03-24 09:12:18,655 [7] BntWeb.Task.BackgroundService - (null) - 开始执行后台任务 "BntWeb.Core.SystemSettings.Services.ClearLogsTask" . [(null)]
2017-03-24 09:12:18,654 [8] BntWeb.Task.BackgroundService - (null) - 开始执行后台任务 "BntWeb.Core.SystemSettings.Services.ClearFilesTask" . [(null)]
2017-03-24 09:12:18,655 [5] BntWeb.Task.BackgroundService - (null) - 开始执行后台任务 "BntWeb.Coupon.Services.CouponTask" . [(null)]
2017-03-24 09:12:18,691 [5] BntWeb.Task.BackgroundService - (null) - 后台任务执行完成 "BntWeb.Coupon.Services.CouponTask" . [(null)]
2017-03-24 09:12:18,692 [5] BntWeb.Task.BackgroundService - (null) - 开始执行后台任务 "BntWeb.OrderProcess.Services.OrderProcessTask" . [(null)]
2017-03-24 09:12:18,697 [11] BntWeb.Task.BackgroundService - (null) - 后台任务执行完成 "BntWeb.Wallet.Services.WalletTask" . [(null)]
2017-03-24 09:12:18,699 [7] BntWeb.Task.BackgroundService - (null) - 后台任务执行完成 "BntWeb.Core.SystemSettings.Services.ClearLogsTask" . [(null)]
2017-03-24 09:12:18,759 [8] BntWeb.Task.BackgroundService - (null) - 后台任务执行完成 "BntWeb.Core.SystemSettings.Services.ClearFilesTask" . [(null)]
2017-03-24 09:12:18,760 [5] BntWeb.Task.BackgroundService - (null) - 后台任务执行完成 "BntWeb.OrderProcess.Services.OrderProcessTask" . [(null)]
2017-03-24 09:13:18,667 [11] BntWeb.Task.BackgroundService - (null) - 开始执行后台任务 "BntWeb.Core.SystemSettings.Services.ClearFilesTask" . [(null)]
2017-03-24 09:13:18,667 [5] BntWeb.Task.BackgroundService - (null) - 开始执行后台任务 "BntWeb.Core.SystemSettings.Services.ClearLogsTask" . [(null)]
2017-03-24 09:13:18,671 [15] BntWeb.Task.BackgroundService - (null) - 开始执行后台任务 "BntWeb.OrderProcess.Services.OrderProcessTask" . [(null)]
2017-03-24 09:13:18,671 [7] BntWeb.Task.BackgroundService - (null) - 开始执行后台任务 "BntWeb.Coupon.Services.CouponTask" . [(null)]
2017-03-24 09:13:18,667 [8] BntWeb.Task.BackgroundService - (null) - 开始执行后台任务 "BntWeb.Wallet.Services.WalletTask" . [(null)]
2017-03-24 09:13:18,707 [7] BntWeb.Task.BackgroundService - (null) - 后台任务执行完成 "BntWeb.Coupon.Services.CouponTask" . [(null)]
2017-03-24 09:13:18,773 [8] BntWeb.Task.BackgroundService - (null) - 后台任务执行完成 "BntWeb.Wallet.Services.WalletTask" . [(null)]
2017-03-24 09:13:18,777 [5] BntWeb.Task.BackgroundService - (null) - 后台任务执行完成 "BntWeb.Core.SystemSettings.Services.ClearLogsTask" . [(null)]
2017-03-24 09:13:18,831 [15] BntWeb.Task.BackgroundService - (null) - 后台任务执行完成 "BntWeb.OrderProcess.Services.OrderProcessTask" . [(null)]
2017-03-24 09:13:18,851 [11] BntWeb.Task.BackgroundService - (null) - 后台任务执行完成 "BntWeb.Core.SystemSettings.Services.ClearFilesTask" . [(null)]
2017-03-24 09:14:18,681 [11] BntWeb.Task.BackgroundService - (null) - 开始执行后台任务 "BntWeb.Core.SystemSettings.Services.ClearFilesTask" . [(null)]
2017-03-24 09:14:18,684 [5] BntWeb.Task.BackgroundService - (null) - 开始执行后台任务 "BntWeb.Core.SystemSettings.Services.ClearLogsTask" . [(null)]
2017-03-24 09:14:18,686 [15] BntWeb.Task.BackgroundService - (null) - 开始执行后台任务 "BntWeb.Coupon.Services.CouponTask" . [(null)]
2017-03-24 09:14:18,681 [7] BntWeb.Task.BackgroundService - (null) - 开始执行后台任务 "BntWeb.Wallet.Services.WalletTask" . [(null)]
2017-03-24 09:14:18,688 [13] BntWeb.Task.BackgroundService - (null) - 开始执行后台任务 "BntWeb.OrderProcess.Services.OrderProcessTask" . [(null)]
2017-03-24 09:14:18,728 [15] BntWeb.Task.BackgroundService - (null) - 后台任务执行完成 "BntWeb.Coupon.Services.CouponTask" . [(null)]
2017-03-24 09:14:18,730 [7] BntWeb.Task.BackgroundService - (null) - 后台任务执行完成 "BntWeb.Wallet.Services.WalletTask" . [(null)]
2017-03-24 09:14:18,739 [5] BntWeb.Task.BackgroundService - (null) - 后台任务执行完成 "BntWeb.Core.SystemSettings.Services.ClearLogsTask" . [(null)]
2017-03-24 09:14:18,786 [11] BntWeb.Task.BackgroundService - (null) - 后台任务执行完成 "BntWeb.Core.SystemSettings.Services.ClearFilesTask" . [(null)]
2017-03-24 09:14:18,789 [13] BntWeb.Task.BackgroundService - (null) - 后台任务执行完成 "BntWeb.OrderProcess.Services.OrderProcessTask" . [(null)]
2017-03-24 09:15:18,695 [15] BntWeb.Task.BackgroundService - (null) - 开始执行后台任务 "BntWeb.Core.SystemSettings.Services.ClearFilesTask" . [(null)]
2017-03-24 09:15:18,695 [7] BntWeb.Task.BackgroundService - (null) - 开始执行后台任务 "BntWeb.Wallet.Services.WalletTask" . [(null)]
2017-03-24 09:15:18,695 [13] BntWeb.Task.BackgroundService - (null) - 开始执行后台任务 "BntWeb.Core.SystemSettings.Services.ClearLogsTask" . [(null)]
2017-03-24 09:15:18,695 [11] BntWeb.Task.BackgroundService - (null) - 开始执行后台任务 "BntWeb.Coupon.Services.CouponTask" . [(null)]
2017-03-24 09:15:18,720 [11] BntWeb.Task.BackgroundService - (null) - 后台任务执行完成 "BntWeb.Coupon.Services.CouponTask" . [(null)]
2017-03-24 09:15:18,721 [11] BntWeb.Task.BackgroundService - (null) - 开始执行后台任务 "BntWeb.OrderProcess.Services.OrderProcessTask" . [(null)]
2017-03-24 09:15:18,725 [7] BntWeb.Task.BackgroundService - (null) - 后台任务执行完成 "BntWeb.Wallet.Services.WalletTask" . [(null)]
2017-03-24 09:15:18,730 [13] BntWeb.Task.BackgroundService - (null) - 后台任务执行完成 "BntWeb.Core.SystemSettings.Services.ClearLogsTask" . [(null)]
2017-03-24 09:15:18,779 [15] BntWeb.Task.BackgroundService - (null) - 后台任务执行完成 "BntWeb.Core.SystemSettings.Services.ClearFilesTask" . [(null)]
2017-03-24 09:15:18,790 [11] BntWeb.Task.BackgroundService - (null) - 后台任务执行完成 "BntWeb.OrderProcess.Services.OrderProcessTask" . [(null)]
2017-03-24 09:16:18,708 [7] BntWeb.Task.BackgroundService - (null) - 开始执行后台任务 "BntWeb.Core.SystemSettings.Services.ClearFilesTask" . [(null)]
2017-03-24 09:16:18,710 [15] BntWeb.Task.BackgroundService - (null) - 开始执行后台任务 "BntWeb.Coupon.Services.CouponTask" . [(null)]
2017-03-24 09:16:18,712 [12] BntWeb.Task.BackgroundService - (null) - 开始执行后台任务 "BntWeb.OrderProcess.Services.OrderProcessTask" . [(null)]
2017-03-24 09:16:18,708 [11] BntWeb.Task.BackgroundService - (null) - 开始执行后台任务 "BntWeb.Wallet.Services.WalletTask" . [(null)]
2017-03-24 09:16:18,709 [13] BntWeb.Task.BackgroundService - (null) - 开始执行后台任务 "BntWeb.Core.SystemSettings.Services.ClearLogsTask" . [(null)]
2017-03-24 09:16:18,737 [15] BntWeb.Task.BackgroundService - (null) - 后台任务执行完成 "BntWeb.Coupon.Services.CouponTask" . [(null)]
2017-03-24 09:16:18,746 [11] BntWeb.Task.BackgroundService - (null) - 后台任务执行完成 "BntWeb.Wallet.Services.WalletTask" . [(null)]
2017-03-24 09:16:18,754 [13] BntWeb.Task.BackgroundService - (null) - 后台任务执行完成 "BntWeb.Core.SystemSettings.Services.ClearLogsTask" . [(null)]
2017-03-24 09:16:18,799 [12] BntWeb.Task.BackgroundService - (null) - 后台任务执行完成 "BntWeb.OrderProcess.Services.OrderProcessTask" . [(null)]
2017-03-24 09:16:18,803 [7] BntWeb.Task.BackgroundService - (null) - 后台任务执行完成 "BntWeb.Core.SystemSettings.Services.ClearFilesTask" . [(null)]
2017-03-24 09:17:18,722 [13] BntWeb.Task.BackgroundService - (null) - 开始执行后台任务 "BntWeb.Core.SystemSettings.Services.ClearFilesTask" . [(null)]
2017-03-24 09:17:18,722 [15] BntWeb.Task.BackgroundService - (null) - 开始执行后台任务 "BntWeb.Wallet.Services.WalletTask" . [(null)]
2017-03-24 09:17:18,723 [12] BntWeb.Task.BackgroundService - (null) - 开始执行后台任务 "BntWeb.Coupon.Services.CouponTask" . [(null)]
2017-03-24 09:17:18,722 [7] BntWeb.Task.BackgroundService - (null) - 开始执行后台任务 "BntWeb.Core.SystemSettings.Services.ClearLogsTask" . [(null)]
2017-03-24 09:17:18,749 [12] BntWeb.Task.BackgroundService - (null) - 后台任务执行完成 "BntWeb.Coupon.Services.CouponTask" . [(null)]
2017-03-24 09:17:18,750 [12] BntWeb.Task.BackgroundService - (null) - 开始执行后台任务 "BntWeb.OrderProcess.Services.OrderProcessTask" . [(null)]
2017-03-24 09:17:18,753 [15] BntWeb.Task.BackgroundService - (null) - 后台任务执行完成 "BntWeb.Wallet.Services.WalletTask" . [(null)]
2017-03-24 09:17:18,763 [7] BntWeb.Task.BackgroundService - (null) - 后台任务执行完成 "BntWeb.Core.SystemSettings.Services.ClearLogsTask" . [(null)]
2017-03-24 09:17:18,819 [13] BntWeb.Task.BackgroundService - (null) - 后台任务执行完成 "BntWeb.Core.SystemSettings.Services.ClearFilesTask" . [(null)]
2017-03-24 09:17:18,834 [12] BntWeb.Task.BackgroundService - (null) - 后台任务执行完成 "BntWeb.OrderProcess.Services.OrderProcessTask" . [(null)]
2017-03-24 09:18:18,735 [16] BntWeb.Task.BackgroundService - (null) - 开始执行后台任务 "BntWeb.Core.SystemSettings.Services.ClearFilesTask" . [(null)]
2017-03-24 09:18:18,736 [15] BntWeb.Task.BackgroundService - (null) - 开始执行后台任务 "BntWeb.Core.SystemSettings.Services.ClearLogsTask" . [(null)]
2017-03-24 09:18:18,736 [12] BntWeb.Task.BackgroundService - (null) - 开始执行后台任务 "BntWeb.Wallet.Services.WalletTask" . [(null)]
2017-03-24 09:18:18,741 [13] BntWeb.Task.BackgroundService - (null) - 开始执行后台任务 "BntWeb.OrderProcess.Services.OrderProcessTask" . [(null)]
2017-03-24 09:18:18,736 [7] BntWeb.Task.BackgroundService - (null) - 开始执行后台任务 "BntWeb.Coupon.Services.CouponTask" . [(null)]
2017-03-24 09:18:18,783 [7] BntWeb.Task.BackgroundService - (null) - 后台任务执行完成 "BntWeb.Coupon.Services.CouponTask" . [(null)]
2017-03-24 09:18:18,839 [16] BntWeb.Task.BackgroundService - (null) - 后台任务执行完成 "BntWeb.Core.SystemSettings.Services.ClearFilesTask" . [(null)]
2017-03-24 09:18:19,078 [12] BntWeb.Task.BackgroundService - (null) - 后台任务执行完成 "BntWeb.Wallet.Services.WalletTask" . [(null)]
2017-03-24 09:18:19,088 [15] BntWeb.Task.BackgroundService - (null) - 后台任务执行完成 "BntWeb.Core.SystemSettings.Services.ClearLogsTask" . [(null)]
2017-03-24 09:18:21,370 [13] BntWeb.Task.BackgroundService - (null) - 后台任务执行完成 "BntWeb.OrderProcess.Services.OrderProcessTask" . [(null)]
2017-03-24 09:19:18,748 [16] BntWeb.Task.BackgroundService - (null) - 开始执行后台任务 "BntWeb.Wallet.Services.WalletTask" . [(null)]
2017-03-24 09:19:18,748 [15] BntWeb.Task.BackgroundService - (null) - 开始执行后台任务 "BntWeb.Core.SystemSettings.Services.ClearLogsTask" . [(null)]
2017-03-24 09:19:18,748 [13] BntWeb.Task.BackgroundService - (null) - 开始执行后台任务 "BntWeb.Core.SystemSettings.Services.ClearFilesTask" . [(null)]
2017-03-24 09:19:18,748 [7] BntWeb.Task.BackgroundService - (null) - 开始执行后台任务 "BntWeb.Coupon.Services.CouponTask" . [(null)]
2017-03-24 09:19:18,775 [16] BntWeb.Task.BackgroundService - (null) - 后台任务执行完成 "BntWeb.Wallet.Services.WalletTask" . [(null)]
2017-03-24 09:19:18,776 [16] BntWeb.Task.BackgroundService - (null) - 开始执行后台任务 "BntWeb.OrderProcess.Services.OrderProcessTask" . [(null)]
2017-03-24 09:19:18,778 [7] BntWeb.Task.BackgroundService - (null) - 后台任务执行完成 "BntWeb.Coupon.Services.CouponTask" . [(null)]
2017-03-24 09:19:18,784 [15] BntWeb.Task.BackgroundService - (null) - 后台任务执行完成 "BntWeb.Core.SystemSettings.Services.ClearLogsTask" . [(null)]
2017-03-24 09:19:18,848 [13] BntWeb.Task.BackgroundService - (null) - 后台任务执行完成 "BntWeb.Core.SystemSettings.Services.ClearFilesTask" . [(null)]
2017-03-24 09:19:18,856 [16] BntWeb.Task.BackgroundService - (null) - 后台任务执行完成 "BntWeb.OrderProcess.Services.OrderProcessTask" . [(null)]
2017-03-24 09:20:18,763 [7] BntWeb.Task.BackgroundService - (null) - 开始执行后台任务 "BntWeb.Wallet.Services.WalletTask" . [(null)]
2017-03-24 09:20:18,763 [15] BntWeb.Task.BackgroundService - (null) - 开始执行后台任务 "BntWeb.Coupon.Services.CouponTask" . [(null)]
2017-03-24 09:20:18,763 [16] BntWeb.Task.BackgroundService - (null) - 开始执行后台任务 "BntWeb.Core.SystemSettings.Services.ClearLogsTask" . [(null)]
2017-03-24 09:20:18,764 [13] BntWeb.Task.BackgroundService - (null) - 开始执行后台任务 "BntWeb.OrderProcess.Services.OrderProcessTask" . [(null)]
2017-03-24 09:20:18,763 [17] BntWeb.Task.BackgroundService - (null) - 开始执行后台任务 "BntWeb.Core.SystemSettings.Services.ClearFilesTask" . [(null)]
2017-03-24 09:20:18,794 [15] BntWeb.Task.BackgroundService - (null) - 后台任务执行完成 "BntWeb.Coupon.Services.CouponTask" . [(null)]
2017-03-24 09:20:18,807 [7] BntWeb.Task.BackgroundService - (null) - 后台任务执行完成 "BntWeb.Wallet.Services.WalletTask" . [(null)]
2017-03-24 09:20:18,809 [16] BntWeb.Task.BackgroundService - (null) - 后台任务执行完成 "BntWeb.Core.SystemSettings.Services.ClearLogsTask" . [(null)]
2017-03-24 09:20:18,872 [17] BntWeb.Task.BackgroundService - (null) - 后台任务执行完成 "BntWeb.Core.SystemSettings.Services.ClearFilesTask" . [(null)]
2017-03-24 09:20:18,888 [13] BntWeb.Task.BackgroundService - (null) - 后台任务执行完成 "BntWeb.OrderProcess.Services.OrderProcessTask" . [(null)]
2017-03-24 09:21:18,778 [15] BntWeb.Task.BackgroundService - (null) - 开始执行后台任务 "BntWeb.Core.SystemSettings.Services.ClearFilesTask" . [(null)]
2017-03-24 09:21:18,778 [7] BntWeb.Task.BackgroundService - (null) - 开始执行后台任务 "BntWeb.Wallet.Services.WalletTask" . [(null)]
2017-03-24 09:21:18,778 [17] BntWeb.Task.BackgroundService - (null) - 开始执行后台任务 "BntWeb.Coupon.Services.CouponTask" . [(null)]
2017-03-24 09:21:18,779 [23] BntWeb.Task.BackgroundService - (null) - 开始执行后台任务 "BntWeb.OrderProcess.Services.OrderProcessTask" . [(null)]
2017-03-24 09:21:18,778 [13] BntWeb.Task.BackgroundService - (null) - 开始执行后台任务 "BntWeb.Core.SystemSettings.Services.ClearLogsTask" . [(null)]
2017-03-24 09:21:18,803 [17] BntWeb.Task.BackgroundService - (null) - 后台任务执行完成 "BntWeb.Coupon.Services.CouponTask" . [(null)]
2017-03-24 09:21:18,809 [7] BntWeb.Task.BackgroundService - (null) - 后台任务执行完成 "BntWeb.Wallet.Services.WalletTask" . [(null)]
2017-03-24 09:21:18,815 [13] BntWeb.Task.BackgroundService - (null) - 后台任务执行完成 "BntWeb.Core.SystemSettings.Services.ClearLogsTask" . [(null)]
2017-03-24 09:21:18,877 [23] BntWeb.Task.BackgroundService - (null) - 后台任务执行完成 "BntWeb.OrderProcess.Services.OrderProcessTask" . [(null)]
2017-03-24 09:21:18,882 [15] BntWeb.Task.BackgroundService - (null) - 后台任务执行完成 "BntWeb.Core.SystemSettings.Services.ClearFilesTask" . [(null)]
2017-03-24 09:22:18,789 [23] BntWeb.Task.BackgroundService - (null) - 开始执行后台任务 "BntWeb.Wallet.Services.WalletTask" . [(null)]
2017-03-24 09:22:18,790 [13] BntWeb.Task.BackgroundService - (null) - 开始执行后台任务 "BntWeb.Core.SystemSettings.Services.ClearLogsTask" . [(null)]
2017-03-24 09:22:18,792 [17] BntWeb.Task.BackgroundService - (null) - 开始执行后台任务 "BntWeb.Coupon.Services.CouponTask" . [(null)]
2017-03-24 09:22:18,790 [15] BntWeb.Task.BackgroundService - (null) - 开始执行后台任务 "BntWeb.Core.SystemSettings.Services.ClearFilesTask" . [(null)]
2017-03-24 09:22:18,822 [17] BntWeb.Task.BackgroundService - (null) - 后台任务执行完成 "BntWeb.Coupon.Services.CouponTask" . [(null)]
2017-03-24 09:22:18,822 [17] BntWeb.Task.BackgroundService - (null) - 开始执行后台任务 "BntWeb.OrderProcess.Services.OrderProcessTask" . [(null)]
2017-03-24 09:22:18,827 [23] BntWeb.Task.BackgroundService - (null) - 后台任务执行完成 "BntWeb.Wallet.Services.WalletTask" . [(null)]
2017-03-24 09:22:18,831 [13] BntWeb.Task.BackgroundService - (null) - 后台任务执行完成 "BntWeb.Core.SystemSettings.Services.ClearLogsTask" . [(null)]
2017-03-24 09:22:18,907 [17] BntWeb.Task.BackgroundService - (null) - 后台任务执行完成 "BntWeb.OrderProcess.Services.OrderProcessTask" . [(null)]
2017-03-24 09:22:18,914 [15] BntWeb.Task.BackgroundService - (null) - 后台任务执行完成 "BntWeb.Core.SystemSettings.Services.ClearFilesTask" . [(null)]
2017-03-24 09:23:18,804 [23] BntWeb.Task.BackgroundService - (null) - 开始执行后台任务 "BntWeb.Core.SystemSettings.Services.ClearFilesTask" . [(null)]
2017-03-24 09:23:18,804 [15] BntWeb.Task.BackgroundService - (null) - 开始执行后台任务 "BntWeb.Wallet.Services.WalletTask" . [(null)]
2017-03-24 09:23:18,805 [17] BntWeb.Task.BackgroundService - (null) - 开始执行后台任务 "BntWeb.OrderProcess.Services.OrderProcessTask" . [(null)]
2017-03-24 09:23:18,804 [26] BntWeb.Task.BackgroundService - (null) - 开始执行后台任务 "BntWeb.Coupon.Services.CouponTask" . [(null)]
2017-03-24 09:23:18,804 [13] BntWeb.Task.BackgroundService - (null) - 开始执行后台任务 "BntWeb.Core.SystemSettings.Services.ClearLogsTask" . [(null)]
2017-03-24 09:23:18,827 [26] BntWeb.Task.BackgroundService - (null) - 后台任务执行完成 "BntWeb.Coupon.Services.CouponTask" . [(null)]
2017-03-24 09:23:18,836 [15] BntWeb.Task.BackgroundService - (null) - 后台任务执行完成 "BntWeb.Wallet.Services.WalletTask" . [(null)]
2017-03-24 09:23:18,837 [13] BntWeb.Task.BackgroundService - (null) - 后台任务执行完成 "BntWeb.Core.SystemSettings.Services.ClearLogsTask" . [(null)]
2017-03-24 09:23:18,881 [17] BntWeb.Task.BackgroundService - (null) - 后台任务执行完成 "BntWeb.OrderProcess.Services.OrderProcessTask" . [(null)]
2017-03-24 09:23:18,891 [23] BntWeb.Task.BackgroundService - (null) - 后台任务执行完成 "BntWeb.Core.SystemSettings.Services.ClearFilesTask" . [(null)]
2017-03-24 09:24:18,823 [23] BntWeb.Task.BackgroundService - (null) - 开始执行后台任务 "BntWeb.Core.SystemSettings.Services.ClearFilesTask" . [(null)]
2017-03-24 09:24:18,825 [26] BntWeb.Task.BackgroundService - (null) - 开始执行后台任务 "BntWeb.Core.SystemSettings.Services.ClearLogsTask" . [(null)]
2017-03-24 09:24:18,825 [13] BntWeb.Task.BackgroundService - (null) - 开始执行后台任务 "BntWeb.Wallet.Services.WalletTask" . [(null)]
2017-03-24 09:24:18,826 [15] BntWeb.Task.BackgroundService - (null) - 开始执行后台任务 "BntWeb.Coupon.Services.CouponTask" . [(null)]
2017-03-24 09:24:18,880 [15] BntWeb.Task.BackgroundService - (null) - 后台任务执行完成 "BntWeb.Coupon.Services.CouponTask" . [(null)]
2017-03-24 09:24:18,883 [13] BntWeb.Task.BackgroundService - (null) - 后台任务执行完成 "BntWeb.Wallet.Services.WalletTask" . [(null)]
2017-03-24 09:24:18,884 [15] BntWeb.Task.BackgroundService - (null) - 开始执行后台任务 "BntWeb.OrderProcess.Services.OrderProcessTask" . [(null)]
2017-03-24 09:24:18,885 [26] BntWeb.Task.BackgroundService - (null) - 后台任务执行完成 "BntWeb.Core.SystemSettings.Services.ClearLogsTask" . [(null)]
2017-03-24 09:24:18,936 [23] BntWeb.Task.BackgroundService - (null) - 后台任务执行完成 "BntWeb.Core.SystemSettings.Services.ClearFilesTask" . [(null)]
2017-03-24 09:24:18,962 [15] BntWeb.Task.BackgroundService - (null) - 后台任务执行完成 "BntWeb.OrderProcess.Services.OrderProcessTask" . [(null)]
2017-03-24 09:25:18,830 [26] BntWeb.Task.BackgroundService - (null) - 开始执行后台任务 "BntWeb.Wallet.Services.WalletTask" . [(null)]
2017-03-24 09:25:18,831 [15] BntWeb.Task.BackgroundService - (null) - 开始执行后台任务 "BntWeb.Core.SystemSettings.Services.ClearFilesTask" . [(null)]
2017-03-24 09:25:18,831 [13] BntWeb.Task.BackgroundService - (null) - 开始执行后台任务 "BntWeb.Core.SystemSettings.Services.ClearLogsTask" . [(null)]
2017-03-24 09:25:18,836 [25] BntWeb.Task.BackgroundService - (null) - 开始执行后台任务 "BntWeb.OrderProcess.Services.OrderProcessTask" . [(null)]
2017-03-24 09:25:18,835 [23] BntWeb.Task.BackgroundService - (null) - 开始执行后台任务 "BntWeb.Coupon.Services.CouponTask" . [(null)]
2017-03-24 09:25:18,909 [23] BntWeb.Task.BackgroundService - (null) - 后台任务执行完成 "BntWeb.Coupon.Services.CouponTask" . [(null)]
2017-03-24 09:25:18,948 [15] BntWeb.Task.BackgroundService - (null) - 后台任务执行完成 "BntWeb.Core.SystemSettings.Services.ClearFilesTask" . [(null)]
2017-03-24 09:25:19,359 [13] BntWeb.Task.BackgroundService - (null) - 后台任务执行完成 "BntWeb.Core.SystemSettings.Services.ClearLogsTask" . [(null)]
2017-03-24 09:25:19,377 [26] BntWeb.Task.BackgroundService - (null) - 后台任务执行完成 "BntWeb.Wallet.Services.WalletTask" . [(null)]
2017-03-24 09:25:20,077 [25] BntWeb.Task.BackgroundService - (null) - 后台任务执行完成 "BntWeb.OrderProcess.Services.OrderProcessTask" . [(null)]
2017-03-24 09:26:18,844 [15] BntWeb.Task.BackgroundService - (null) - 开始执行后台任务 "BntWeb.Core.SystemSettings.Services.ClearFilesTask" . [(null)]
2017-03-24 09:26:18,844 [26] BntWeb.Task.BackgroundService - (null) - 开始执行后台任务 "BntWeb.Core.SystemSettings.Services.ClearLogsTask" . [(null)]
2017-03-24 09:26:18,844 [13] BntWeb.Task.BackgroundService - (null) - 开始执行后台任务 "BntWeb.Wallet.Services.WalletTask" . [(null)]
2017-03-24 09:26:18,844 [23] BntWeb.Task.BackgroundService - (null) - 开始执行后台任务 "BntWeb.Coupon.Services.CouponTask" . [(null)]
2017-03-24 09:26:18,884 [13] BntWeb.Task.BackgroundService - (null) - 后台任务执行完成 "BntWeb.Wallet.Services.WalletTask" . [(null)]
2017-03-24 09:26:18,885 [13] BntWeb.Task.BackgroundService - (null) - 开始执行后台任务 "BntWeb.OrderProcess.Services.OrderProcessTask" . [(null)]
2017-03-24 09:26:18,893 [26] BntWeb.Task.BackgroundService - (null) - 后台任务执行完成 "BntWeb.Core.SystemSettings.Services.ClearLogsTask" . [(null)]
2017-03-24 09:26:18,903 [23] BntWeb.Task.BackgroundService - (null) - 后台任务执行完成 "BntWeb.Coupon.Services.CouponTask" . [(null)]
2017-03-24 09:26:18,948 [15] BntWeb.Task.BackgroundService - (null) - 后台任务执行完成 "BntWeb.Core.SystemSettings.Services.ClearFilesTask" . [(null)]
2017-03-24 09:26:18,960 [13] BntWeb.Task.BackgroundService - (null) - 后台任务执行完成 "BntWeb.OrderProcess.Services.OrderProcessTask" . [(null)]
2017-03-24 09:27:18,860 [15] BntWeb.Task.BackgroundService - (null) - 开始执行后台任务 "BntWeb.Wallet.Services.WalletTask" . [(null)]
2017-03-24 09:27:18,860 [26] BntWeb.Task.BackgroundService - (null) - 开始执行后台任务 "BntWeb.Core.SystemSettings.Services.ClearFilesTask" . [(null)]
2017-03-24 09:27:18,860 [23] BntWeb.Task.BackgroundService - (null) - 开始执行后台任务 "BntWeb.Coupon.Services.CouponTask" . [(null)]
2017-03-24 09:27:18,860 [13] BntWeb.Task.BackgroundService - (null) - 开始执行后台任务 "BntWeb.OrderProcess.Services.OrderProcessTask" . [(null)]
2017-03-24 09:27:18,860 [24] BntWeb.Task.BackgroundService - (null) - 开始执行后台任务 "BntWeb.Core.SystemSettings.Services.ClearLogsTask" . [(null)]
2017-03-24 09:27:18,897 [15] BntWeb.Task.BackgroundService - (null) - 后台任务执行完成 "BntWeb.Wallet.Services.WalletTask" . [(null)]
2017-03-24 09:27:18,901 [23] BntWeb.Task.BackgroundService - (null) - 后台任务执行完成 "BntWeb.Coupon.Services.CouponTask" . [(null)]
2017-03-24 09:27:18,905 [24] BntWeb.Task.BackgroundService - (null) - 后台任务执行完成 "BntWeb.Core.SystemSettings.Services.ClearLogsTask" . [(null)]
2017-03-24 09:27:18,943 [13] BntWeb.Task.BackgroundService - (null) - 后台任务执行完成 "BntWeb.OrderProcess.Services.OrderProcessTask" . [(null)]
2017-03-24 09:27:18,964 [26] BntWeb.Task.BackgroundService - (null) - 后台任务执行完成 "BntWeb.Core.SystemSettings.Services.ClearFilesTask" . [(null)]
2017-03-24 09:28:18,875 [13] BntWeb.Task.BackgroundService - (null) - 开始执行后台任务 "BntWeb.Core.SystemSettings.Services.ClearFilesTask" . [(null)]
2017-03-24 09:28:18,875 [15] BntWeb.Task.BackgroundService - (null) - 开始执行后台任务 "BntWeb.Core.SystemSettings.Services.ClearLogsTask" . [(null)]
2017-03-24 09:28:18,875 [21] BntWeb.Task.BackgroundService - (null) - 开始执行后台任务 "BntWeb.OrderProcess.Services.OrderProcessTask" . [(null)]
2017-03-24 09:28:18,875 [26] BntWeb.Task.BackgroundService - (null) - 开始执行后台任务 "BntWeb.Coupon.Services.CouponTask" . [(null)]
2017-03-24 09:28:18,875 [23] BntWeb.Task.BackgroundService - (null) - 开始执行后台任务 "BntWeb.Wallet.Services.WalletTask" . [(null)]
2017-03-24 09:28:18,906 [15] BntWeb.Task.BackgroundService - (null) - 后台任务执行完成 "BntWeb.Core.SystemSettings.Services.ClearLogsTask" . [(null)]
2017-03-24 09:28:18,922 [26] BntWeb.Task.BackgroundService - (null) - 后台任务执行完成 "BntWeb.Coupon.Services.CouponTask" . [(null)]
2017-03-24 09:28:18,937 [23] BntWeb.Task.BackgroundService - (null) - 后台任务执行完成 "BntWeb.Wallet.Services.WalletTask" . [(null)]
2017-03-24 09:28:18,998 [21] BntWeb.Task.BackgroundService - (null) - 后台任务执行完成 "BntWeb.OrderProcess.Services.OrderProcessTask" . [(null)]
2017-03-24 09:28:18,998 [13] BntWeb.Task.BackgroundService - (null) - 后台任务执行完成 "BntWeb.Core.SystemSettings.Services.ClearFilesTask" . [(null)]
2017-03-24 16:13:49,866 [7] BntWeb.Environment.DefaultBntWebHost - (null) - Initializing [(null)]
2017-03-24 16:13:50,032 [7] BntWeb.Environment.DefaultBntWebHost - (null) - Start creation of shells [(null)]
2017-03-24 16:13:50,043 [7] BntWeb.Environment.DefaultBntWebShell - (null) - 成功加载模块系统:System [(null)]
2017-03-24 16:13:50,044 [7] BntWeb.Environment.DefaultBntWebShell - (null) - 成功加载模块后台用户:Core-SystemUsers [(null)]
2017-03-24 16:13:50,045 [7] BntWeb.Environment.DefaultBntWebShell - (null) - 成功加载模块系统管理:Core-SystemSettings [(null)]
2017-03-24 16:13:50,119 [7] BntWeb.Environment.DefaultBntWebShell - (null) - 成功加载模块系统错误:Core-Error [(null)]
2017-03-24 16:13:50,121 [7] BntWeb.Environment.DefaultBntWebShell - (null) - 成功加载模块广告管理:BntWeb-Advertisement [(null)]
2017-03-24 16:13:50,123 [7] BntWeb.Environment.DefaultBntWebShell - (null) - 成功加载模块轮播管理:BntWeb-Carousel [(null)]
2017-03-24 16:13:50,124 [7] BntWeb.Environment.DefaultBntWebShell - (null) - 成功加载模块配置管理:BntWeb-Config [(null)]
2017-03-24 16:13:50,127 [7] BntWeb.Environment.DefaultBntWebShell - (null) - 成功加载模块内容标记:BntWeb-ContentMarkup [(null)]
2017-03-24 16:13:50,130 [7] BntWeb.Environment.DefaultBntWebShell - (null) - 成功加载模块优惠券管理:BntWeb-Coupon [(null)]
2017-03-24 16:13:50,132 [7] BntWeb.Environment.DefaultBntWebShell - (null) - 成功加载模块评价管理:BntWeb-Evaluate [(null)]
2017-03-24 16:13:50,134 [7] BntWeb.Environment.DefaultBntWebShell - (null) - 成功加载模块反馈管理:BntWeb-Feedback [(null)]
2017-03-24 16:13:50,136 [7] BntWeb.Environment.DefaultBntWebShell - (null) - 成功加载模块帮助中心:BntWeb-HelpCenter [(null)]
2017-03-24 16:13:50,137 [7] BntWeb.Environment.DefaultBntWebShell - (null) - 成功加载模块物流管理:BntWeb-Logistics [(null)]
2017-03-24 16:13:50,697 [7] BntWeb.Environment.DefaultBntWebShell - (null) - 成功加载模块商城管理:BntWeb-Mall [(null)]
2017-03-24 16:13:50,701 [7] BntWeb.Environment.DefaultBntWebShell - (null) - 成功加载模块会员基础:BntWeb-MemberBase [(null)]
2017-03-24 16:13:50,703 [7] BntWeb.Environment.DefaultBntWebShell - (null) - 成功加载模块会员管理:BntWeb-MemberCenter [(null)]
2017-03-24 16:13:50,704 [7] BntWeb.Environment.DefaultBntWebShell - (null) - 成功加载模块订单管理:BntWeb-OrderProcess [(null)]
2017-03-24 16:13:50,706 [7] BntWeb.Environment.DefaultBntWebShell - (null) - 成功加载模块支付管理:BntWeb-PaymentProcess [(null)]
2017-03-24 16:13:50,707 [7] BntWeb.Environment.DefaultBntWebShell - (null) - 成功加载模块单页管理:BntWeb-SinglePage [(null)]
2017-03-24 16:13:50,709 [7] BntWeb.Environment.DefaultBntWebShell - (null) - 成功加载模块消息中心:BntWeb-SystemMessage [(null)]
2017-03-24 16:13:50,710 [7] BntWeb.Environment.DefaultBntWebShell - (null) - 成功加载模块标签管理:BntWeb-Tag [(null)]
2017-03-24 16:13:50,711 [7] BntWeb.Environment.DefaultBntWebShell - (null) - 成功加载模块钱包管理:BntWeb-Wallet [(null)]
2017-03-24 16:13:50,711 [7] BntWeb.Environment.DefaultBntWebShell - (null) - 加载22项IRouteProvider [(null)]
2017-03-24 16:13:50,712 [7] BntWeb.Environment.DefaultBntWebShell - (null) - 加载17项IHttpRouteProvider [(null)]
2017-03-24 16:13:50,722 [7] BntWeb.Mvc.Routes.RoutePublisher - (null) - 共加载277条路由 [(null)]
2017-03-24 16:13:51,476 [7] BntWeb.Environment.DefaultBntWebHost - (null) - Initialized [(null)]
2017-03-24 16:15:03,574 [8] BntWeb.Task.BackgroundService - (null) - 开始执行后台任务 "BntWeb.Core.SystemSettings.Services.ClearLogsTask" . [(null)]
2017-03-24 16:15:03,574 [7] BntWeb.Task.BackgroundService - (null) - 开始执行后台任务 "BntWeb.OrderProcess.Services.OrderProcessTask" . [(null)]
2017-03-24 16:15:03,584 [5] BntWeb.Task.BackgroundService - (null) - 开始执行后台任务 "BntWeb.Wallet.Services.WalletTask" . [(null)]
2017-03-24 16:15:03,574 [9] BntWeb.Task.BackgroundService - (null) - 开始执行后台任务 "BntWeb.Coupon.Services.CouponTask" . [(null)]
2017-03-24 16:15:03,576 [12] BntWeb.Task.BackgroundService - (null) - 开始执行后台任务 "BntWeb.Core.SystemSettings.Services.ClearFilesTask" . [(null)]
2017-03-24 16:15:04,099 [8] BntWeb.Task.BackgroundService - (null) - 后台任务执行完成 "BntWeb.Core.SystemSettings.Services.ClearLogsTask" . [(null)]
2017-03-24 16:15:04,380 [9] BntWeb.Task.BackgroundService - (null) - 后台任务执行完成 "BntWeb.Coupon.Services.CouponTask" . [(null)]
2017-03-24 16:15:04,727 [7] BntWeb.Task.BackgroundService - (null) - 后台任务执行完成 "BntWeb.OrderProcess.Services.OrderProcessTask" . [(null)]
2017-03-24 16:15:04,826 [12] BntWeb.Task.BackgroundService - (null) - 后台任务执行完成 "BntWeb.Core.SystemSettings.Services.ClearFilesTask" . [(null)]
2017-03-24 16:15:06,128 [5] BntWeb.Task.BackgroundService - (null) - 后台任务执行完成 "BntWeb.Wallet.Services.WalletTask" . [(null)]
2017-03-24 16:15:51,344 [9] BntWeb.Task.BackgroundService - (null) - 开始执行后台任务 "BntWeb.Wallet.Services.WalletTask" . [(null)]
2017-03-24 16:15:51,345 [8] BntWeb.Task.BackgroundService - (null) - 开始执行后台任务 "BntWeb.Core.SystemSettings.Services.ClearFilesTask" . [(null)]
2017-03-24 16:15:51,349 [7] BntWeb.Task.BackgroundService - (null) - 开始执行后台任务 "BntWeb.Core.SystemSettings.Services.ClearLogsTask" . [(null)]
2017-03-24 16:15:51,350 [5] BntWeb.Task.BackgroundService - (null) - 开始执行后台任务 "BntWeb.Coupon.Services.CouponTask" . [(null)]
2017-03-24 16:15:51,382 [9] BntWeb.Task.BackgroundService - (null) - 后台任务执行完成 "BntWeb.Wallet.Services.WalletTask" . [(null)]
2017-03-24 16:15:51,384 [9] BntWeb.Task.BackgroundService - (null) - 开始执行后台任务 "BntWeb.OrderProcess.Services.OrderProcessTask" . [(null)]
2017-03-24 16:15:51,385 [5] BntWeb.Task.BackgroundService - (null) - 后台任务执行完成 "BntWeb.Coupon.Services.CouponTask" . [(null)]
2017-03-24 16:15:51,386 [7] BntWeb.Task.BackgroundService - (null) - 后台任务执行完成 "BntWeb.Core.SystemSettings.Services.ClearLogsTask" . [(null)]
2017-03-24 16:15:51,478 [8] BntWeb.Task.BackgroundService - (null) - 后台任务执行完成 "BntWeb.Core.SystemSettings.Services.ClearFilesTask" . [(null)]
2017-03-24 16:15:51,482 [9] BntWeb.Task.BackgroundService - (null) - 后台任务执行完成 "BntWeb.OrderProcess.Services.OrderProcessTask" . [(null)]
2017-03-24 16:16:51,355 [9] BntWeb.Task.BackgroundService - (null) - 开始执行后台任务 "BntWeb.Core.SystemSettings.Services.ClearFilesTask" . [(null)]
2017-03-24 16:16:51,355 [8] BntWeb.Task.BackgroundService - (null) - 开始执行后台任务 "BntWeb.Coupon.Services.CouponTask" . [(null)]
2017-03-24 16:16:51,355 [7] BntWeb.Task.BackgroundService - (null) - 开始执行后台任务 "BntWeb.Wallet.Services.WalletTask" . [(null)]
2017-03-24 16:16:51,355 [16] BntWeb.Task.BackgroundService - (null) - 开始执行后台任务 "BntWeb.Core.SystemSettings.Services.ClearLogsTask" . [(null)]
2017-03-24 16:16:51,355 [5] BntWeb.Task.BackgroundService - (null) - 开始执行后台任务 "BntWeb.OrderProcess.Services.OrderProcessTask" . [(null)]
2017-03-24 16:16:51,387 [8] BntWeb.Task.BackgroundService - (null) - 后台任务执行完成 "BntWeb.Coupon.Services.CouponTask" . [(null)]
2017-03-24 16:16:51,390 [7] BntWeb.Task.BackgroundService - (null) - 后台任务执行完成 "BntWeb.Wallet.Services.WalletTask" . [(null)]
2017-03-24 16:16:51,391 [16] BntWeb.Task.BackgroundService - (null) - 后台任务执行完成 "BntWeb.Core.SystemSettings.Services.ClearLogsTask" . [(null)]
2017-03-24 16:16:51,479 [9] BntWeb.Task.BackgroundService - (null) - 后台任务执行完成 "BntWeb.Core.SystemSettings.Services.ClearFilesTask" . [(null)]
2017-03-24 16:16:51,521 [5] BntWeb.Task.BackgroundService - (null) - 后台任务执行完成 "BntWeb.OrderProcess.Services.OrderProcessTask" . [(null)]
2017-03-24 16:17:51,369 [9] BntWeb.Task.BackgroundService - (null) - 开始执行后台任务 "BntWeb.Wallet.Services.WalletTask" . [(null)]
2017-03-24 16:17:51,369 [16] BntWeb.Task.BackgroundService - (null) - 开始执行后台任务 "BntWeb.Coupon.Services.CouponTask" . [(null)]
2017-03-24 16:17:51,369 [7] BntWeb.Task.BackgroundService - (null) - 开始执行后台任务 "BntWeb.Core.SystemSettings.Services.ClearLogsTask" . [(null)]
2017-03-24 16:17:51,369 [8] BntWeb.Task.BackgroundService - (null) - 开始执行后台任务 "BntWeb.Core.SystemSettings.Services.ClearFilesTask" . [(null)]
2017-03-24 16:17:51,417 [9] BntWeb.Task.BackgroundService - (null) - 后台任务执行完成 "BntWeb.Wallet.Services.WalletTask" . [(null)]
2017-03-24 16:17:51,418 [9] BntWeb.Task.BackgroundService - (null) - 开始执行后台任务 "BntWeb.OrderProcess.Services.OrderProcessTask" . [(null)]
2017-03-24 16:17:51,419 [16] BntWeb.Task.BackgroundService - (null) - 后台任务执行完成 "BntWeb.Coupon.Services.CouponTask" . [(null)]
2017-03-24 16:17:51,428 [7] BntWeb.Task.BackgroundService - (null) - 后台任务执行完成 "BntWeb.Core.SystemSettings.Services.ClearLogsTask" . [(null)]
2017-03-24 16:17:51,495 [8] BntWeb.Task.BackgroundService - (null) - 后台任务执行完成 "BntWeb.Core.SystemSettings.Services.ClearFilesTask" . [(null)]
2017-03-24 16:17:51,529 [9] BntWeb.Task.BackgroundService - (null) - 后台任务执行完成 "BntWeb.OrderProcess.Services.OrderProcessTask" . [(null)]
2017-03-24 16:18:51,381 [9] BntWeb.Task.BackgroundService - (null) - 开始执行后台任务 "BntWeb.Wallet.Services.WalletTask" . [(null)]
2017-03-24 16:18:51,381 [7] BntWeb.Task.BackgroundService - (null) - 开始执行后台任务 "BntWeb.Coupon.Services.CouponTask" . [(null)]
2017-03-24 16:18:51,381 [8] BntWeb.Task.BackgroundService - (null) - 开始执行后台任务 "BntWeb.Core.SystemSettings.Services.ClearFilesTask" . [(null)]
2017-03-24 16:18:51,381 [16] BntWeb.Task.BackgroundService - (null) - 开始执行后台任务 "BntWeb.Core.SystemSettings.Services.ClearLogsTask" . [(null)]
2017-03-24 16:18:51,386 [13] BntWeb.Task.BackgroundService - (null) - 开始执行后台任务 "BntWeb.OrderProcess.Services.OrderProcessTask" . [(null)]
2017-03-24 16:18:51,444 [7] BntWeb.Task.BackgroundService - (null) - 后台任务执行完成 "BntWeb.Coupon.Services.CouponTask" . [(null)]
2017-03-24 16:18:51,448 [16] BntWeb.Task.BackgroundService - (null) - 后台任务执行完成 "BntWeb.Core.SystemSettings.Services.ClearLogsTask" . [(null)]
2017-03-24 16:18:51,452 [9] BntWeb.Task.BackgroundService - (null) - 后台任务执行完成 "BntWeb.Wallet.Services.WalletTask" . [(null)]
2017-03-24 16:18:51,511 [13] BntWeb.Task.BackgroundService - (null) - 后台任务执行完成 "BntWeb.OrderProcess.Services.OrderProcessTask" . [(null)]
2017-03-24 16:18:51,516 [8] BntWeb.Task.BackgroundService - (null) - 后台任务执行完成 "BntWeb.Core.SystemSettings.Services.ClearFilesTask" . [(null)]
2017-03-24 16:19:51,397 [9] BntWeb.Task.BackgroundService - (null) - 开始执行后台任务 "BntWeb.Core.SystemSettings.Services.ClearFilesTask" . [(null)]
2017-03-24 16:19:51,397 [7] BntWeb.Task.BackgroundService - (null) - 开始执行后台任务 "BntWeb.Core.SystemSettings.Services.ClearLogsTask" . [(null)]
2017-03-24 16:19:51,400 [16] BntWeb.Task.BackgroundService - (null) - 开始执行后台任务 "BntWeb.Wallet.Services.WalletTask" . [(null)]
2017-03-24 16:19:51,397 [8] BntWeb.Task.BackgroundService - (null) - 开始执行后台任务 "BntWeb.Coupon.Services.CouponTask" . [(null)]
2017-03-24 16:19:51,403 [14] BntWeb.Task.BackgroundService - (null) - 开始执行后台任务 "BntWeb.OrderProcess.Services.OrderProcessTask" . [(null)]
2017-03-24 16:19:51,553 [8] BntWeb.Task.BackgroundService - (null) - 后台任务执行完成 "BntWeb.Coupon.Services.CouponTask" . [(null)]
2017-03-24 16:19:51,557 [7] BntWeb.Task.BackgroundService - (null) - 后台任务执行完成 "BntWeb.Core.SystemSettings.Services.ClearLogsTask" . [(null)]
2017-03-24 16:19:51,907 [16] BntWeb.Task.BackgroundService - (null) - 后台任务执行完成 "BntWeb.Wallet.Services.WalletTask" . [(null)]
2017-03-24 16:19:53,060 [9] BntWeb.Task.BackgroundService - (null) - 后台任务执行完成 "BntWeb.Core.SystemSettings.Services.ClearFilesTask" . [(null)]
2017-03-24 16:19:55,280 [14] BntWeb.Task.BackgroundService - (null) - 后台任务执行完成 "BntWeb.OrderProcess.Services.OrderProcessTask" . [(null)]
2017-03-24 16:20:51,408 [16] BntWeb.Task.BackgroundService - (null) - 开始执行后台任务 "BntWeb.Core.SystemSettings.Services.ClearFilesTask" . [(null)]
2017-03-24 16:20:51,411 [8] BntWeb.Task.BackgroundService - (null) - 开始执行后台任务 "BntWeb.Coupon.Services.CouponTask" . [(null)]
2017-03-24 16:20:51,408 [14] BntWeb.Task.BackgroundService - (null) - 开始执行后台任务 "BntWeb.Wallet.Services.WalletTask" . [(null)]
2017-03-24 16:20:51,410 [9] BntWeb.Task.BackgroundService - (null) - 开始执行后台任务 "BntWeb.Core.SystemSettings.Services.ClearLogsTask" . [(null)]
2017-03-24 16:20:51,443 [8] BntWeb.Task.BackgroundService - (null) - 后台任务执行完成 "BntWeb.Coupon.Services.CouponTask" . [(null)]
2017-03-24 16:20:51,446 [8] BntWeb.Task.BackgroundService - (null) - 开始执行后台任务 "BntWeb.OrderProcess.Services.OrderProcessTask" . [(null)]
2017-03-24 16:20:51,444 [14] BntWeb.Task.BackgroundService - (null) - 后台任务执行完成 "BntWeb.Wallet.Services.WalletTask" . [(null)]
2017-03-24 16:20:51,472 [9] BntWeb.Task.BackgroundService - (null) - 后台任务执行完成 "BntWeb.Core.SystemSettings.Services.ClearLogsTask" . [(null)]
2017-03-24 16:20:51,510 [16] BntWeb.Task.BackgroundService - (null) - 后台任务执行完成 "BntWeb.Core.SystemSettings.Services.ClearFilesTask" . [(null)]
2017-03-24 16:20:51,517 [8] BntWeb.Task.BackgroundService - (null) - 后台任务执行完成 "BntWeb.OrderProcess.Services.OrderProcessTask" . [(null)]
2017-03-24 16:21:51,423 [8] BntWeb.Task.BackgroundService - (null) - 开始执行后台任务 "BntWeb.Wallet.Services.WalletTask" . [(null)]
2017-03-24 16:21:51,424 [9] BntWeb.Task.BackgroundService - (null) - 开始执行后台任务 "BntWeb.Core.SystemSettings.Services.ClearFilesTask" . [(null)]
2017-03-24 16:21:51,424 [17] BntWeb.Task.BackgroundService - (null) - 开始执行后台任务 "BntWeb.Coupon.Services.CouponTask" . [(null)]
2017-03-24 16:21:51,424 [14] BntWeb.Task.BackgroundService - (null) - 开始执行后台任务 "BntWeb.Core.SystemSettings.Services.ClearLogsTask" . [(null)]
2017-03-24 16:21:51,425 [16] BntWeb.Task.BackgroundService - (null) - 开始执行后台任务 "BntWeb.OrderProcess.Services.OrderProcessTask" . [(null)]
2017-03-24 16:21:51,452 [8] BntWeb.Task.BackgroundService - (null) - 后台任务执行完成 "BntWeb.Wallet.Services.WalletTask" . [(null)]
2017-03-24 16:21:51,456 [17] BntWeb.Task.BackgroundService - (null) - 后台任务执行完成 "BntWeb.Coupon.Services.CouponTask" . [(null)]
2017-03-24 16:21:51,459 [14] BntWeb.Task.BackgroundService - (null) - 后台任务执行完成 "BntWeb.Core.SystemSettings.Services.ClearLogsTask" . [(null)]
2017-03-24 16:21:51,497 [16] BntWeb.Task.BackgroundService - (null) - 后台任务执行完成 "BntWeb.OrderProcess.Services.OrderProcessTask" . [(null)]
2017-03-24 16:21:51,521 [9] BntWeb.Task.BackgroundService - (null) - 后台任务执行完成 "BntWeb.Core.SystemSettings.Services.ClearFilesTask" . [(null)]
2017-03-24 16:22:51,437 [8] BntWeb.Task.BackgroundService - (null) - 开始执行后台任务 "BntWeb.Wallet.Services.WalletTask" . [(null)]
2017-03-24 16:22:51,437 [14] BntWeb.Task.BackgroundService - (null) - 开始执行后台任务 "BntWeb.Core.SystemSettings.Services.ClearFilesTask" . [(null)]
2017-03-24 16:22:51,437 [17] BntWeb.Task.BackgroundService - (null) - 开始执行后台任务 "BntWeb.Coupon.Services.CouponTask" . [(null)]
2017-03-24 16:22:51,437 [16] BntWeb.Task.BackgroundService - (null) - 开始执行后台任务 "BntWeb.Core.SystemSettings.Services.ClearLogsTask" . [(null)]
2017-03-24 16:22:51,465 [8] BntWeb.Task.BackgroundService - (null) - 后台任务执行完成 "BntWeb.Wallet.Services.WalletTask" . [(null)]
2017-03-24 16:22:51,475 [17] BntWeb.Task.BackgroundService - (null) - 后台任务执行完成 "BntWeb.Coupon.Services.CouponTask" . [(null)]
2017-03-24 16:22:51,476 [16] BntWeb.Task.BackgroundService - (null) - 后台任务执行完成 "BntWeb.Core.SystemSettings.Services.ClearLogsTask" . [(null)]
2017-03-24 16:22:51,487 [8] BntWeb.Task.BackgroundService - (null) - 开始执行后台任务 "BntWeb.OrderProcess.Services.OrderProcessTask" . [(null)]
2017-03-24 16:22:51,540 [14] BntWeb.Task.BackgroundService - (null) - 后台任务执行完成 "BntWeb.Core.SystemSettings.Services.ClearFilesTask" . [(null)]
2017-03-24 16:22:51,557 [8] BntWeb.Task.BackgroundService - (null) - 后台任务执行完成 "BntWeb.OrderProcess.Services.OrderProcessTask" . [(null)]
2017-03-24 16:23:51,452 [16] BntWeb.Task.BackgroundService - (null) - 开始执行后台任务 "BntWeb.Wallet.Services.WalletTask" . [(null)]
2017-03-24 16:23:51,453 [14] BntWeb.Task.BackgroundService - (null) - 开始执行后台任务 "BntWeb.Core.SystemSettings.Services.ClearFilesTask" . [(null)]
2017-03-24 16:23:51,455 [8] BntWeb.Task.BackgroundService - (null) - 开始执行后台任务 "BntWeb.Core.SystemSettings.Services.ClearLogsTask" . [(null)]
2017-03-24 16:23:51,457 [17] BntWeb.Task.BackgroundService - (null) - 开始执行后台任务 "BntWeb.Coupon.Services.CouponTask" . [(null)]
2017-03-24 16:23:51,459 [10] BntWeb.Task.BackgroundService - (null) - 开始执行后台任务 "BntWeb.OrderProcess.Services.OrderProcessTask" . [(null)]
2017-03-24 16:23:51,502 [17] BntWeb.Task.BackgroundService - (null) - 后台任务执行完成 "BntWeb.Coupon.Services.CouponTask" . [(null)]
2017-03-24 16:23:51,503 [16] BntWeb.Task.BackgroundService - (null) - 后台任务执行完成 "BntWeb.Wallet.Services.WalletTask" . [(null)]
2017-03-24 16:23:51,506 [8] BntWeb.Task.BackgroundService - (null) - 后台任务执行完成 "BntWeb.Core.SystemSettings.Services.ClearLogsTask" . [(null)]
2017-03-24 16:23:51,541 [10] BntWeb.Task.BackgroundService - (null) - 后台任务执行完成 "BntWeb.OrderProcess.Services.OrderProcessTask" . [(null)]
2017-03-24 16:23:51,570 [14] BntWeb.Task.BackgroundService - (null) - 后台任务执行完成 "BntWeb.Core.SystemSettings.Services.ClearFilesTask" . [(null)]
2017-03-24 16:24:51,464 [14] BntWeb.Task.BackgroundService - (null) - 开始执行后台任务 "BntWeb.Core.SystemSettings.Services.ClearFilesTask" . [(null)]
2017-03-24 16:24:51,464 [10] BntWeb.Task.BackgroundService - (null) - 开始执行后台任务 "BntWeb.Wallet.Services.WalletTask" . [(null)]
2017-03-24 16:24:51,464 [8] BntWeb.Task.BackgroundService - (null) - 开始执行后台任务 "BntWeb.Coupon.Services.CouponTask" . [(null)]
2017-03-24 16:24:51,464 [16] BntWeb.Task.BackgroundService - (null) - 开始执行后台任务 "BntWeb.Core.SystemSettings.Services.ClearLogsTask" . [(null)]
2017-03-24 16:24:51,488 [8] BntWeb.Task.BackgroundService - (null) - 后台任务执行完成 "BntWeb.Coupon.Services.CouponTask" . [(null)]
2017-03-24 16:24:51,489 [8] BntWeb.Task.BackgroundService - (null) - 开始执行后台任务 "BntWeb.OrderProcess.Services.OrderProcessTask" . [(null)]
2017-03-24 16:24:51,494 [10] BntWeb.Task.BackgroundService - (null) - 后台任务执行完成 "BntWeb.Wallet.Services.WalletTask" . [(null)]
2017-03-24 16:24:51,507 [16] BntWeb.Task.BackgroundService - (null) - 后台任务执行完成 "BntWeb.Core.SystemSettings.Services.ClearLogsTask" . [(null)]
2017-03-24 16:24:51,564 [8] BntWeb.Task.BackgroundService - (null) - 后台任务执行完成 "BntWeb.OrderProcess.Services.OrderProcessTask" . [(null)]
2017-03-24 16:24:51,572 [14] BntWeb.Task.BackgroundService - (null) - 后台任务执行完成 "BntWeb.Core.SystemSettings.Services.ClearFilesTask" . [(null)]
2017-03-24 16:25:51,477 [10] BntWeb.Task.BackgroundService - (null) - 开始执行后台任务 "BntWeb.Wallet.Services.WalletTask" . [(null)]
2017-03-24 16:25:51,477 [16] BntWeb.Task.BackgroundService - (null) - 开始执行后台任务 "BntWeb.Core.SystemSettings.Services.ClearFilesTask" . [(null)]
2017-03-24 16:25:51,480 [19] BntWeb.Task.BackgroundService - (null) - 开始执行后台任务 "BntWeb.OrderProcess.Services.OrderProcessTask" . [(null)]
2017-03-24 16:25:51,479 [8] BntWeb.Task.BackgroundService - (null) - 开始执行后台任务 "BntWeb.Core.SystemSettings.Services.ClearLogsTask" . [(null)]
2017-03-24 16:25:51,479 [14] BntWeb.Task.BackgroundService - (null) - 开始执行后台任务 "BntWeb.Coupon.Services.CouponTask" . [(null)]
2017-03-24 16:25:51,502 [10] BntWeb.Task.BackgroundService - (null) - 后台任务执行完成 "BntWeb.Wallet.Services.WalletTask" . [(null)]
2017-03-24 16:25:51,506 [14] BntWeb.Task.BackgroundService - (null) - 后台任务执行完成 "BntWeb.Coupon.Services.CouponTask" . [(null)]
2017-03-24 16:25:51,511 [8] BntWeb.Task.BackgroundService - (null) - 后台任务执行完成 "BntWeb.Core.SystemSettings.Services.ClearLogsTask" . [(null)]
2017-03-24 16:25:51,546 [19] BntWeb.Task.BackgroundService - (null) - 后台任务执行完成 "BntWeb.OrderProcess.Services.OrderProcessTask" . [(null)]
2017-03-24 16:25:51,579 [16] BntWeb.Task.BackgroundService - (null) - 后台任务执行完成 "BntWeb.Core.SystemSettings.Services.ClearFilesTask" . [(null)]
2017-03-24 16:26:51,494 [10] BntWeb.Task.BackgroundService - (null) - 开始执行后台任务 "BntWeb.Core.SystemSettings.Services.ClearFilesTask" . [(null)]
2017-03-24 16:26:51,511 [15] BntWeb.Task.BackgroundService - (null) - 开始执行后台任务 "BntWeb.OrderProcess.Services.OrderProcessTask" . [(null)]
2017-03-24 16:26:51,498 [8] BntWeb.Task.BackgroundService - (null) - 开始执行后台任务 "BntWeb.Coupon.Services.CouponTask" . [(null)]
2017-03-24 16:26:51,503 [19] BntWeb.Task.BackgroundService - (null) - 开始执行后台任务 "BntWeb.Wallet.Services.WalletTask" . [(null)]
2017-03-24 16:26:51,496 [14] BntWeb.Task.BackgroundService - (null) - 开始执行后台任务 "BntWeb.Core.SystemSettings.Services.ClearLogsTask" . [(null)]
2017-03-24 16:26:51,561 [8] BntWeb.Task.BackgroundService - (null) - 后台任务执行完成 "BntWeb.Coupon.Services.CouponTask" . [(null)]
2017-03-24 16:26:51,578 [14] BntWeb.Task.BackgroundService - (null) - 后台任务执行完成 "BntWeb.Core.SystemSettings.Services.ClearLogsTask" . [(null)]
2017-03-24 16:26:51,602 [15] BntWeb.Task.BackgroundService - (null) - 后台任务执行完成 "BntWeb.OrderProcess.Services.OrderProcessTask" . [(null)]
2017-03-24 16:26:51,767 [10] BntWeb.Task.BackgroundService - (null) - 后台任务执行完成 "BntWeb.Core.SystemSettings.Services.ClearFilesTask" . [(null)]
2017-03-24 16:26:51,913 [19] BntWeb.Task.BackgroundService - (null) - 后台任务执行完成 "BntWeb.Wallet.Services.WalletTask" . [(null)]
2017-03-24 16:27:51,504 [19] BntWeb.Task.BackgroundService - (null) - 开始执行后台任务 "BntWeb.Core.SystemSettings.Services.ClearFilesTask" . [(null)]
2017-03-24 16:27:51,515 [8] BntWeb.Task.BackgroundService - (null) - 开始执行后台任务 "BntWeb.Coupon.Services.CouponTask" . [(null)]
2017-03-24 16:27:51,508 [10] BntWeb.Task.BackgroundService - (null) - 开始执行后台任务 "BntWeb.Wallet.Services.WalletTask" . [(null)]
2017-03-24 16:27:51,510 [14] BntWeb.Task.BackgroundService - (null) - 开始执行后台任务 "BntWeb.Core.SystemSettings.Services.ClearLogsTask" . [(null)]
2017-03-24 16:27:51,553 [8] BntWeb.Task.BackgroundService - (null) - 后台任务执行完成 "BntWeb.Coupon.Services.CouponTask" . [(null)]
2017-03-24 16:27:51,554 [8] BntWeb.Task.BackgroundService - (null) - 开始执行后台任务 "BntWeb.OrderProcess.Services.OrderProcessTask" . [(null)]
2017-03-24 16:27:51,571 [14] BntWeb.Task.BackgroundService - (null) - 后台任务执行完成 "BntWeb.Core.SystemSettings.Services.ClearLogsTask" . [(null)]
2017-03-24 16:27:51,624 [19] BntWeb.Task.BackgroundService - (null) - 后台任务执行完成 "BntWeb.Core.SystemSettings.Services.ClearFilesTask" . [(null)]
2017-03-24 16:27:51,831 [8] BntWeb.Task.BackgroundService - (null) - 后台任务执行完成 "BntWeb.OrderProcess.Services.OrderProcessTask" . [(null)]
2017-03-24 16:27:51,853 [10] BntWeb.Task.BackgroundService - (null) - 后台任务执行完成 "BntWeb.Wallet.Services.WalletTask" . [(null)]
2017-03-24 16:28:51,519 [19] BntWeb.Task.BackgroundService - (null) - 开始执行后台任务 "BntWeb.Core.SystemSettings.Services.ClearFilesTask" . [(null)]
2017-03-24 16:28:51,519 [18] BntWeb.Task.BackgroundService - (null) - 开始执行后台任务 "BntWeb.Coupon.Services.CouponTask" . [(null)]
2017-03-24 16:28:51,519 [10] BntWeb.Task.BackgroundService - (null) - 开始执行后台任务 "BntWeb.Core.SystemSettings.Services.ClearLogsTask" . [(null)]
2017-03-24 16:28:51,519 [14] BntWeb.Task.BackgroundService - (null) - 开始执行后台任务 "BntWeb.Wallet.Services.WalletTask" . [(null)]
2017-03-24 16:28:51,520 [8] BntWeb.Task.BackgroundService - (null) - 开始执行后台任务 "BntWeb.OrderProcess.Services.OrderProcessTask" . [(null)]
2017-03-24 16:28:51,550 [18] BntWeb.Task.BackgroundService - (null) - 后台任务执行完成 "BntWeb.Coupon.Services.CouponTask" . [(null)]
2017-03-24 16:28:51,553 [14] BntWeb.Task.BackgroundService - (null) - 后台任务执行完成 "BntWeb.Wallet.Services.WalletTask" . [(null)]
2017-03-24 16:28:51,556 [10] BntWeb.Task.BackgroundService - (null) - 后台任务执行完成 "BntWeb.Core.SystemSettings.Services.ClearLogsTask" . [(null)]
2017-03-24 16:28:51,624 [19] BntWeb.Task.BackgroundService - (null) - 后台任务执行完成 "BntWeb.Core.SystemSettings.Services.ClearFilesTask" . [(null)]
2017-03-24 16:28:51,807 [8] BntWeb.Task.BackgroundService - (null) - 后台任务执行完成 "BntWeb.OrderProcess.Services.OrderProcessTask" . [(null)]
2017-03-24 16:29:51,532 [18] BntWeb.Task.BackgroundService - (null) - 开始执行后台任务 "BntWeb.Wallet.Services.WalletTask" . [(null)]
2017-03-24 16:29:51,532 [19] BntWeb.Task.BackgroundService - (null) - 开始执行后台任务 "BntWeb.Core.SystemSettings.Services.ClearFilesTask" . [(null)]
2017-03-24 16:29:51,532 [14] BntWeb.Task.BackgroundService - (null) - 开始执行后台任务 "BntWeb.Coupon.Services.CouponTask" . [(null)]
2017-03-24 16:29:51,532 [8] BntWeb.Task.BackgroundService - (null) - 开始执行后台任务 "BntWeb.Core.SystemSettings.Services.ClearLogsTask" . [(null)]
2017-03-24 16:29:51,560 [18] BntWeb.Task.BackgroundService - (null) - 后台任务执行完成 "BntWeb.Wallet.Services.WalletTask" . [(null)]
2017-03-24 16:29:51,562 [18] BntWeb.Task.BackgroundService - (null) - 开始执行后台任务 "BntWeb.OrderProcess.Services.OrderProcessTask" . [(null)]
2017-03-24 16:29:51,567 [14] BntWeb.Task.BackgroundService - (null) - 后台任务执行完成 "BntWeb.Coupon.Services.CouponTask" . [(null)]
2017-03-24 16:29:51,570 [8] BntWeb.Task.BackgroundService - (null) - 后台任务执行完成 "BntWeb.Core.SystemSettings.Services.ClearLogsTask" . [(null)]
2017-03-24 16:29:51,639 [19] BntWeb.Task.BackgroundService - (null) - 后台任务执行完成 "BntWeb.Core.SystemSettings.Services.ClearFilesTask" . [(null)]
2017-03-24 16:29:51,643 [18] BntWeb.Task.BackgroundService - (null) - 后台任务执行完成 "BntWeb.OrderProcess.Services.OrderProcessTask" . [(null)]
2017-03-24 16:30:51,545 [21] BntWeb.Task.BackgroundService - (null) - 开始执行后台任务 "BntWeb.Core.SystemSettings.Services.ClearFilesTask" . [(null)]
2017-03-24 16:30:51,545 [18] BntWeb.Task.BackgroundService - (null) - 开始执行后台任务 "BntWeb.Core.SystemSettings.Services.ClearLogsTask" . [(null)]
2017-03-24 16:30:51,546 [8] BntWeb.Task.BackgroundService - (null) - 开始执行后台任务 "BntWeb.Coupon.Services.CouponTask" . [(null)]
2017-03-24 16:30:51,547 [14] BntWeb.Task.BackgroundService - (null) - 开始执行后台任务 "BntWeb.OrderProcess.Services.OrderProcessTask" . [(null)]
2017-03-24 16:30:51,548 [19] BntWeb.Task.BackgroundService - (null) - 开始执行后台任务 "BntWeb.Wallet.Services.WalletTask" . [(null)]
2017-03-24 16:30:51,582 [8] BntWeb.Task.BackgroundService - (null) - 后台任务执行完成 "BntWeb.Coupon.Services.CouponTask" . [(null)]
2017-03-24 16:30:51,584 [18] BntWeb.Task.BackgroundService - (null) - 后台任务执行完成 "BntWeb.Core.SystemSettings.Services.ClearLogsTask" . [(null)]
2017-03-24 16:30:51,587 [19] BntWeb.Task.BackgroundService - (null) - 后台任务执行完成 "BntWeb.Wallet.Services.WalletTask" . [(null)]
2017-03-24 16:30:51,628 [14] BntWeb.Task.BackgroundService - (null) - 后台任务执行完成 "BntWeb.OrderProcess.Services.OrderProcessTask" . [(null)]
2017-03-24 16:30:51,657 [21] BntWeb.Task.BackgroundService - (null) - 后台任务执行完成 "BntWeb.Core.SystemSettings.Services.ClearFilesTask" . [(null)]
2017-03-24 16:31:51,559 [21] BntWeb.Task.BackgroundService - (null) - 开始执行后台任务 "BntWeb.Core.SystemSettings.Services.ClearFilesTask" . [(null)]
2017-03-24 16:31:51,561 [8] BntWeb.Task.BackgroundService - (null) - 开始执行后台任务 "BntWeb.Wallet.Services.WalletTask" . [(null)]
2017-03-24 16:31:51,563 [14] BntWeb.Task.BackgroundService - (null) - 开始执行后台任务 "BntWeb.Core.SystemSettings.Services.ClearLogsTask" . [(null)]
2017-03-24 16:31:51,565 [19] BntWeb.Task.BackgroundService - (null) - 开始执行后台任务 "BntWeb.Coupon.Services.CouponTask" . [(null)]
2017-03-24 16:31:51,609 [8] BntWeb.Task.BackgroundService - (null) - 后台任务执行完成 "BntWeb.Wallet.Services.WalletTask" . [(null)]
2017-03-24 16:31:51,611 [8] BntWeb.Task.BackgroundService - (null) - 开始执行后台任务 "BntWeb.OrderProcess.Services.OrderProcessTask" . [(null)]
2017-03-24 16:31:51,612 [19] BntWeb.Task.BackgroundService - (null) - 后台任务执行完成 "BntWeb.Coupon.Services.CouponTask" . [(null)]
2017-03-24 16:31:51,613 [14] BntWeb.Task.BackgroundService - (null) - 后台任务执行完成 "BntWeb.Core.SystemSettings.Services.ClearLogsTask" . [(null)]
2017-03-24 16:31:51,687 [8] BntWeb.Task.BackgroundService - (null) - 后台任务执行完成 "BntWeb.OrderProcess.Services.OrderProcessTask" . [(null)]
2017-03-24 16:31:51,689 [21] BntWeb.Task.BackgroundService - (null) - 后台任务执行完成 "BntWeb.Core.SystemSettings.Services.ClearFilesTask" . [(null)]
2017-03-24 16:32:51,574 [24] BntWeb.Task.BackgroundService - (null) - 开始执行后台任务 "BntWeb.Core.SystemSettings.Services.ClearFilesTask" . [(null)]
2017-03-24 16:32:51,576 [19] BntWeb.Task.BackgroundService - (null) - 开始执行后台任务 "BntWeb.Coupon.Services.CouponTask" . [(null)]
2017-03-24 16:32:51,576 [21] BntWeb.Task.BackgroundService - (null) - 开始执行后台任务 "BntWeb.Core.SystemSettings.Services.ClearLogsTask" . [(null)]
2017-03-24 16:32:51,574 [14] BntWeb.Task.BackgroundService - (null) - 开始执行后台任务 "BntWeb.Wallet.Services.WalletTask" . [(null)]
2017-03-24 16:32:51,578 [8] BntWeb.Task.BackgroundService - (null) - 开始执行后台任务 "BntWeb.OrderProcess.Services.OrderProcessTask" . [(null)]
2017-03-24 16:32:51,610 [19] BntWeb.Task.BackgroundService - (null) - 后台任务执行完成 "BntWeb.Coupon.Services.CouponTask" . [(null)]
2017-03-24 16:32:51,622 [14] BntWeb.Task.BackgroundService - (null) - 后台任务执行完成 "BntWeb.Wallet.Services.WalletTask" . [(null)]
2017-03-24 16:32:51,623 [21] BntWeb.Task.BackgroundService - (null) - 后台任务执行完成 "BntWeb.Core.SystemSettings.Services.ClearLogsTask" . [(null)]
2017-03-24 16:32:51,668 [8] BntWeb.Task.BackgroundService - (null) - 后台任务执行完成 "BntWeb.OrderProcess.Services.OrderProcessTask" . [(null)]
2017-03-24 16:32:51,685 [24] BntWeb.Task.BackgroundService - (null) - 后台任务执行完成 "BntWeb.Core.SystemSettings.Services.ClearFilesTask" . [(null)]
2017-03-24 16:33:51,586 [24] BntWeb.Task.BackgroundService - (null) - 开始执行后台任务 "BntWeb.Wallet.Services.WalletTask" . [(null)]
2017-03-24 16:33:51,588 [19] BntWeb.Task.BackgroundService - (null) - 开始执行后台任务 "BntWeb.Coupon.Services.CouponTask" . [(null)]
2017-03-24 16:33:51,588 [21] BntWeb.Task.BackgroundService - (null) - 开始执行后台任务 "BntWeb.Core.SystemSettings.Services.ClearLogsTask" . [(null)]
2017-03-24 16:33:51,586 [22] BntWeb.Task.BackgroundService - (null) - 开始执行后台任务 "BntWeb.Core.SystemSettings.Services.ClearFilesTask" . [(null)]
2017-03-24 16:33:51,590 [8] BntWeb.Task.BackgroundService - (null) - 开始执行后台任务 "BntWeb.OrderProcess.Services.OrderProcessTask" . [(null)]
2017-03-24 16:33:51,632 [24] BntWeb.Task.BackgroundService - (null) - 后台任务执行完成 "BntWeb.Wallet.Services.WalletTask" . [(null)]
2017-03-24 16:33:51,638 [19] BntWeb.Task.BackgroundService - (null) - 后台任务执行完成 "BntWeb.Coupon.Services.CouponTask" . [(null)]
2017-03-24 16:33:51,643 [21] BntWeb.Task.BackgroundService - (null) - 后台任务执行完成 "BntWeb.Core.SystemSettings.Services.ClearLogsTask" . [(null)]
2017-03-24 16:33:51,691 [8] BntWeb.Task.BackgroundService - (null) - 后台任务执行完成 "BntWeb.OrderProcess.Services.OrderProcessTask" . [(null)]
2017-03-24 16:33:51,724 [22] BntWeb.Task.BackgroundService - (null) - 后台任务执行完成 "BntWeb.Core.SystemSettings.Services.ClearFilesTask" . [(null)]
