2017-03-31 08:48:50,721 [7] BntWeb.Environment.DefaultBntWebHost - (null) - Initializing [(null)]
2017-03-31 08:48:50,749 [7] BntWeb.Environment.DefaultBntWebHost - (null) - Start creation of shells [(null)]
2017-03-31 08:48:50,751 [7] BntWeb.Environment.DefaultBntWebShell - (null) - 成功加载模块系统:System [(null)]
2017-03-31 08:48:50,752 [7] BntWeb.Environment.DefaultBntWebShell - (null) - 成功加载模块后台用户:Core-SystemUsers [(null)]
2017-03-31 08:48:50,754 [7] BntWeb.Environment.DefaultBntWebShell - (null) - 成功加载模块系统管理:Core-SystemSettings [(null)]
2017-03-31 08:48:50,756 [7] BntWeb.Environment.DefaultBntWebShell - (null) - 成功加载模块系统错误:Core-Error [(null)]
2017-03-31 08:48:50,759 [7] BntWeb.Environment.DefaultBntWebShell - (null) - 成功加载模块广告管理:BntWeb-Advertisement [(null)]
2017-03-31 08:48:50,761 [7] BntWeb.Environment.DefaultBntWebShell - (null) - 成功加载模块轮播管理:BntWeb-Carousel [(null)]
2017-03-31 08:48:50,762 [7] BntWeb.Environment.DefaultBntWebShell - (null) - 成功加载模块配置管理:BntWeb-Config [(null)]
2017-03-31 08:48:50,764 [7] BntWeb.Environment.DefaultBntWebShell - (null) - 成功加载模块内容标记:BntWeb-ContentMarkup [(null)]
2017-03-31 08:48:50,766 [7] BntWeb.Environment.DefaultBntWebShell - (null) - 成功加载模块优惠券管理:BntWeb-Coupon [(null)]
2017-03-31 08:48:50,767 [7] BntWeb.Environment.DefaultBntWebShell - (null) - 成功加载模块评价管理:BntWeb-Evaluate [(null)]
2017-03-31 08:48:50,769 [7] BntWeb.Environment.DefaultBntWebShell - (null) - 成功加载模块反馈管理:BntWeb-Feedback [(null)]
2017-03-31 08:48:50,770 [7] BntWeb.Environment.DefaultBntWebShell - (null) - 成功加载模块帮助中心:BntWeb-HelpCenter [(null)]
2017-03-31 08:48:50,773 [7] BntWeb.Environment.DefaultBntWebShell - (null) - 成功加载模块物流管理:BntWeb-Logistics [(null)]
2017-03-31 08:48:50,774 [7] BntWeb.Environment.DefaultBntWebShell - (null) - 成功加载模块商城管理:BntWeb-Mall [(null)]
2017-03-31 08:48:50,776 [7] BntWeb.Environment.DefaultBntWebShell - (null) - 成功加载模块会员基础:BntWeb-MemberBase [(null)]
2017-03-31 08:48:50,777 [7] BntWeb.Environment.DefaultBntWebShell - (null) - 成功加载模块会员管理:BntWeb-MemberCenter [(null)]
2017-03-31 08:48:50,779 [7] BntWeb.Environment.DefaultBntWebShell - (null) - 成功加载模块订单管理:BntWeb-OrderProcess [(null)]
2017-03-31 08:48:50,780 [7] BntWeb.Environment.DefaultBntWebShell - (null) - 成功加载模块支付管理:BntWeb-PaymentProcess [(null)]
2017-03-31 08:48:50,782 [7] BntWeb.Environment.DefaultBntWebShell - (null) - 成功加载模块单页管理:BntWeb-SinglePage [(null)]
2017-03-31 08:48:50,783 [7] BntWeb.Environment.DefaultBntWebShell - (null) - 成功加载模块消息中心:BntWeb-SystemMessage [(null)]
2017-03-31 08:48:50,785 [7] BntWeb.Environment.DefaultBntWebShell - (null) - 成功加载模块标签管理:BntWeb-Tag [(null)]
2017-03-31 08:48:50,786 [7] BntWeb.Environment.DefaultBntWebShell - (null) - 成功加载模块钱包管理:BntWeb-Wallet [(null)]
2017-03-31 08:48:50,788 [7] BntWeb.Environment.DefaultBntWebShell - (null) - 加载22项IRouteProvider [(null)]
2017-03-31 08:48:50,790 [7] BntWeb.Environment.DefaultBntWebShell - (null) - 加载17项IHttpRouteProvider [(null)]
2017-03-31 08:48:50,911 [7] BntWeb.Mvc.Routes.RoutePublisher - (null) - 共加载277条路由 [(null)]
2017-03-31 08:48:52,016 [7] BntWeb.Environment.DefaultBntWebHost - (null) - Initialized [(null)]
2017-03-31 08:49:57,591 [8] BntWeb.Task.BackgroundService - (null) - 开始执行后台任务 "BntWeb.Core.SystemSettings.Services.ClearFilesTask" . [(null)]
2017-03-31 08:49:57,591 [9] BntWeb.Task.BackgroundService - (null) - 开始执行后台任务 "BntWeb.Core.SystemSettings.Services.ClearLogsTask" . [(null)]
2017-03-31 08:49:57,591 [5] BntWeb.Task.BackgroundService - (null) - 开始执行后台任务 "BntWeb.Wallet.Services.WalletTask" . [(null)]
2017-03-31 08:49:57,591 [7] BntWeb.Task.BackgroundService - (null) - 开始执行后台任务 "BntWeb.Coupon.Services.CouponTask" . [(null)]
2017-03-31 08:49:57,591 [11] BntWeb.Task.BackgroundService - (null) - 开始执行后台任务 "BntWeb.OrderProcess.Services.OrderProcessTask" . [(null)]
2017-03-31 08:49:58,021 [9] BntWeb.Task.BackgroundService - (null) - 后台任务执行完成 "BntWeb.Core.SystemSettings.Services.ClearLogsTask" . [(null)]
2017-03-31 08:49:58,323 [7] BntWeb.Task.BackgroundService - (null) - 后台任务执行完成 "BntWeb.Coupon.Services.CouponTask" . [(null)]
2017-03-31 08:49:58,383 [11] BntWeb.Task.BackgroundService - (null) - 后台任务执行完成 "BntWeb.OrderProcess.Services.OrderProcessTask" . [(null)]
2017-03-31 08:49:58,543 [8] BntWeb.Task.BackgroundService - (null) - 后台任务执行完成 "BntWeb.Core.SystemSettings.Services.ClearFilesTask" . [(null)]
2017-03-31 08:49:58,673 [5] BntWeb.Task.BackgroundService - (null) - 后台任务执行完成 "BntWeb.Wallet.Services.WalletTask" . [(null)]
2017-03-31 08:50:51,968 [11] BntWeb.Task.BackgroundService - (null) - 开始执行后台任务 "BntWeb.Wallet.Services.WalletTask" . [(null)]
2017-03-31 08:50:51,968 [7] BntWeb.Task.BackgroundService - (null) - 开始执行后台任务 "BntWeb.Core.SystemSettings.Services.ClearFilesTask" . [(null)]
2017-03-31 08:50:51,968 [5] BntWeb.Task.BackgroundService - (null) - 开始执行后台任务 "BntWeb.Core.SystemSettings.Services.ClearLogsTask" . [(null)]
2017-03-31 08:50:51,969 [9] BntWeb.Task.BackgroundService - (null) - 开始执行后台任务 "BntWeb.Coupon.Services.CouponTask" . [(null)]
2017-03-31 08:50:52,003 [9] BntWeb.Task.BackgroundService - (null) - 后台任务执行完成 "BntWeb.Coupon.Services.CouponTask" . [(null)]
2017-03-31 08:50:52,004 [9] BntWeb.Task.BackgroundService - (null) - 开始执行后台任务 "BntWeb.OrderProcess.Services.OrderProcessTask" . [(null)]
2017-03-31 08:50:52,012 [11] BntWeb.Task.BackgroundService - (null) - 后台任务执行完成 "BntWeb.Wallet.Services.WalletTask" . [(null)]
2017-03-31 08:50:52,013 [5] BntWeb.Task.BackgroundService - (null) - 后台任务执行完成 "BntWeb.Core.SystemSettings.Services.ClearLogsTask" . [(null)]
2017-03-31 08:50:52,066 [7] BntWeb.Task.BackgroundService - (null) - 后台任务执行完成 "BntWeb.Core.SystemSettings.Services.ClearFilesTask" . [(null)]
2017-03-31 08:50:52,113 [9] BntWeb.Task.BackgroundService - (null) - 后台任务执行完成 "BntWeb.OrderProcess.Services.OrderProcessTask" . [(null)]
2017-03-31 08:51:51,984 [7] BntWeb.Task.BackgroundService - (null) - 开始执行后台任务 "BntWeb.Wallet.Services.WalletTask" . [(null)]
2017-03-31 08:51:51,990 [5] BntWeb.Task.BackgroundService - (null) - 开始执行后台任务 "BntWeb.OrderProcess.Services.OrderProcessTask" . [(null)]
2017-03-31 08:51:51,985 [9] BntWeb.Task.BackgroundService - (null) - 开始执行后台任务 "BntWeb.Core.SystemSettings.Services.ClearFilesTask" . [(null)]
2017-03-31 08:51:51,986 [15] BntWeb.Task.BackgroundService - (null) - 开始执行后台任务 "BntWeb.Core.SystemSettings.Services.ClearLogsTask" . [(null)]
2017-03-31 08:51:51,989 [11] BntWeb.Task.BackgroundService - (null) - 开始执行后台任务 "BntWeb.Coupon.Services.CouponTask" . [(null)]
2017-03-31 08:51:52,020 [7] BntWeb.Task.BackgroundService - (null) - 后台任务执行完成 "BntWeb.Wallet.Services.WalletTask" . [(null)]
2017-03-31 08:51:52,020 [11] BntWeb.Task.BackgroundService - (null) - 后台任务执行完成 "BntWeb.Coupon.Services.CouponTask" . [(null)]
2017-03-31 08:51:52,029 [15] BntWeb.Task.BackgroundService - (null) - 后台任务执行完成 "BntWeb.Core.SystemSettings.Services.ClearLogsTask" . [(null)]
2017-03-31 08:51:52,067 [5] BntWeb.Task.BackgroundService - (null) - 后台任务执行完成 "BntWeb.OrderProcess.Services.OrderProcessTask" . [(null)]
2017-03-31 08:51:52,077 [9] BntWeb.Task.BackgroundService - (null) - 后台任务执行完成 "BntWeb.Core.SystemSettings.Services.ClearFilesTask" . [(null)]
2017-03-31 08:52:51,995 [7] BntWeb.Task.BackgroundService - (null) - 开始执行后台任务 "BntWeb.Wallet.Services.WalletTask" . [(null)]
2017-03-31 08:52:51,996 [5] BntWeb.Task.BackgroundService - (null) - 开始执行后台任务 "BntWeb.Coupon.Services.CouponTask" . [(null)]
2017-03-31 08:52:51,995 [15] BntWeb.Task.BackgroundService - (null) - 开始执行后台任务 "BntWeb.Core.SystemSettings.Services.ClearFilesTask" . [(null)]
2017-03-31 08:52:51,995 [11] BntWeb.Task.BackgroundService - (null) - 开始执行后台任务 "BntWeb.Core.SystemSettings.Services.ClearLogsTask" . [(null)]
2017-03-31 08:52:52,017 [5] BntWeb.Task.BackgroundService - (null) - 后台任务执行完成 "BntWeb.Coupon.Services.CouponTask" . [(null)]
2017-03-31 08:52:52,018 [5] BntWeb.Task.BackgroundService - (null) - 开始执行后台任务 "BntWeb.OrderProcess.Services.OrderProcessTask" . [(null)]
2017-03-31 08:52:52,024 [7] BntWeb.Task.BackgroundService - (null) - 后台任务执行完成 "BntWeb.Wallet.Services.WalletTask" . [(null)]
2017-03-31 08:52:52,033 [11] BntWeb.Task.BackgroundService - (null) - 后台任务执行完成 "BntWeb.Core.SystemSettings.Services.ClearLogsTask" . [(null)]
2017-03-31 08:52:52,073 [15] BntWeb.Task.BackgroundService - (null) - 后台任务执行完成 "BntWeb.Core.SystemSettings.Services.ClearFilesTask" . [(null)]
2017-03-31 08:52:52,097 [5] BntWeb.Task.BackgroundService - (null) - 后台任务执行完成 "BntWeb.OrderProcess.Services.OrderProcessTask" . [(null)]
2017-03-31 08:53:52,009 [7] BntWeb.Task.BackgroundService - (null) - 开始执行后台任务 "BntWeb.Core.SystemSettings.Services.ClearFilesTask" . [(null)]
2017-03-31 08:53:52,009 [5] BntWeb.Task.BackgroundService - (null) - 开始执行后台任务 "BntWeb.OrderProcess.Services.OrderProcessTask" . [(null)]
2017-03-31 08:53:52,009 [19] BntWeb.Task.BackgroundService - (null) - 开始执行后台任务 "BntWeb.Coupon.Services.CouponTask" . [(null)]
2017-03-31 08:53:52,009 [11] BntWeb.Task.BackgroundService - (null) - 开始执行后台任务 "BntWeb.Wallet.Services.WalletTask" . [(null)]
2017-03-31 08:53:52,009 [17] BntWeb.Task.BackgroundService - (null) - 开始执行后台任务 "BntWeb.Core.SystemSettings.Services.ClearLogsTask" . [(null)]
2017-03-31 08:53:52,038 [19] BntWeb.Task.BackgroundService - (null) - 后台任务执行完成 "BntWeb.Coupon.Services.CouponTask" . [(null)]
2017-03-31 08:53:52,040 [11] BntWeb.Task.BackgroundService - (null) - 后台任务执行完成 "BntWeb.Wallet.Services.WalletTask" . [(null)]
2017-03-31 08:53:52,039 [17] BntWeb.Task.BackgroundService - (null) - 后台任务执行完成 "BntWeb.Core.SystemSettings.Services.ClearLogsTask" . [(null)]
2017-03-31 08:53:52,039 [7] BntWeb.Task.BackgroundService - (null) - 后台任务执行完成 "BntWeb.Core.SystemSettings.Services.ClearFilesTask" . [(null)]
2017-03-31 08:53:52,059 [5] BntWeb.Task.BackgroundService - (null) - 后台任务执行完成 "BntWeb.OrderProcess.Services.OrderProcessTask" . [(null)]
2017-03-31 08:54:52,024 [19] BntWeb.Task.BackgroundService - (null) - 开始执行后台任务 "BntWeb.Core.SystemSettings.Services.ClearFilesTask" . [(null)]
2017-03-31 08:54:52,024 [17] BntWeb.Task.BackgroundService - (null) - 开始执行后台任务 "BntWeb.Wallet.Services.WalletTask" . [(null)]
2017-03-31 08:54:52,024 [11] BntWeb.Task.BackgroundService - (null) - 开始执行后台任务 "BntWeb.Coupon.Services.CouponTask" . [(null)]
2017-03-31 08:54:52,024 [5] BntWeb.Task.BackgroundService - (null) - 开始执行后台任务 "BntWeb.Core.SystemSettings.Services.ClearLogsTask" . [(null)]
2017-03-31 08:54:52,054 [17] BntWeb.Task.BackgroundService - (null) - 后台任务执行完成 "BntWeb.Wallet.Services.WalletTask" . [(null)]
2017-03-31 08:54:52,054 [17] BntWeb.Task.BackgroundService - (null) - 开始执行后台任务 "BntWeb.OrderProcess.Services.OrderProcessTask" . [(null)]
2017-03-31 08:54:52,054 [11] BntWeb.Task.BackgroundService - (null) - 后台任务执行完成 "BntWeb.Coupon.Services.CouponTask" . [(null)]
2017-03-31 08:54:52,074 [5] BntWeb.Task.BackgroundService - (null) - 后台任务执行完成 "BntWeb.Core.SystemSettings.Services.ClearLogsTask" . [(null)]
2017-03-31 08:54:52,264 [17] BntWeb.Task.BackgroundService - (null) - 后台任务执行完成 "BntWeb.OrderProcess.Services.OrderProcessTask" . [(null)]
2017-03-31 08:54:52,370 [19] BntWeb.Task.BackgroundService - (null) - 后台任务执行完成 "BntWeb.Core.SystemSettings.Services.ClearFilesTask" . [(null)]
2017-03-31 08:55:52,036 [21] BntWeb.Task.BackgroundService - (null) - 开始执行后台任务 "BntWeb.Wallet.Services.WalletTask" . [(null)]
2017-03-31 08:55:52,036 [11] BntWeb.Task.BackgroundService - (null) - 开始执行后台任务 "BntWeb.Core.SystemSettings.Services.ClearLogsTask" . [(null)]
2017-03-31 08:55:52,036 [5] BntWeb.Task.BackgroundService - (null) - 开始执行后台任务 "BntWeb.OrderProcess.Services.OrderProcessTask" . [(null)]
2017-03-31 08:55:52,036 [22] BntWeb.Task.BackgroundService - (null) - 开始执行后台任务 "BntWeb.Core.SystemSettings.Services.ClearFilesTask" . [(null)]
2017-03-31 08:55:52,036 [17] BntWeb.Task.BackgroundService - (null) - 开始执行后台任务 "BntWeb.Coupon.Services.CouponTask" . [(null)]
2017-03-31 08:55:52,106 [17] BntWeb.Task.BackgroundService - (null) - 后台任务执行完成 "BntWeb.Coupon.Services.CouponTask" . [(null)]
2017-03-31 08:55:52,166 [5] BntWeb.Task.BackgroundService - (null) - 后台任务执行完成 "BntWeb.OrderProcess.Services.OrderProcessTask" . [(null)]
2017-03-31 08:55:52,166 [22] BntWeb.Task.BackgroundService - (null) - 后台任务执行完成 "BntWeb.Core.SystemSettings.Services.ClearFilesTask" . [(null)]
2017-03-31 08:55:52,436 [11] BntWeb.Task.BackgroundService - (null) - 后台任务执行完成 "BntWeb.Core.SystemSettings.Services.ClearLogsTask" . [(null)]
2017-03-31 08:55:52,506 [21] BntWeb.Task.BackgroundService - (null) - 后台任务执行完成 "BntWeb.Wallet.Services.WalletTask" . [(null)]
2017-03-31 08:56:52,056 [19] BntWeb.Task.BackgroundService - (null) - 开始执行后台任务 "BntWeb.Wallet.Services.WalletTask" . [(null)]
2017-03-31 08:56:52,056 [11] BntWeb.Task.BackgroundService - (null) - 开始执行后台任务 "BntWeb.Coupon.Services.CouponTask" . [(null)]
2017-03-31 08:56:52,056 [21] BntWeb.Task.BackgroundService - (null) - 开始执行后台任务 "BntWeb.Core.SystemSettings.Services.ClearLogsTask" . [(null)]
2017-03-31 08:56:52,056 [22] BntWeb.Task.BackgroundService - (null) - 开始执行后台任务 "BntWeb.Core.SystemSettings.Services.ClearFilesTask" . [(null)]
2017-03-31 08:56:52,116 [19] BntWeb.Task.BackgroundService - (null) - 后台任务执行完成 "BntWeb.Wallet.Services.WalletTask" . [(null)]
2017-03-31 08:56:52,116 [19] BntWeb.Task.BackgroundService - (null) - 开始执行后台任务 "BntWeb.OrderProcess.Services.OrderProcessTask" . [(null)]
2017-03-31 08:56:52,116 [11] BntWeb.Task.BackgroundService - (null) - 后台任务执行完成 "BntWeb.Coupon.Services.CouponTask" . [(null)]
2017-03-31 08:56:52,156 [22] BntWeb.Task.BackgroundService - (null) - 后台任务执行完成 "BntWeb.Core.SystemSettings.Services.ClearFilesTask" . [(null)]
2017-03-31 08:56:52,426 [19] BntWeb.Task.BackgroundService - (null) - 后台任务执行完成 "BntWeb.OrderProcess.Services.OrderProcessTask" . [(null)]
2017-03-31 08:56:52,496 [21] BntWeb.Task.BackgroundService - (null) - 后台任务执行完成 "BntWeb.Core.SystemSettings.Services.ClearLogsTask" . [(null)]
2017-03-31 08:57:52,065 [21] BntWeb.Task.BackgroundService - (null) - 开始执行后台任务 "BntWeb.Wallet.Services.WalletTask" . [(null)]
2017-03-31 08:57:52,065 [19] BntWeb.Task.BackgroundService - (null) - 开始执行后台任务 "BntWeb.Core.SystemSettings.Services.ClearLogsTask" . [(null)]
2017-03-31 08:57:52,065 [22] BntWeb.Task.BackgroundService - (null) - 开始执行后台任务 "BntWeb.OrderProcess.Services.OrderProcessTask" . [(null)]
2017-03-31 08:57:52,065 [11] BntWeb.Task.BackgroundService - (null) - 开始执行后台任务 "BntWeb.Core.SystemSettings.Services.ClearFilesTask" . [(null)]
2017-03-31 08:57:52,065 [26] BntWeb.Task.BackgroundService - (null) - 开始执行后台任务 "BntWeb.Coupon.Services.CouponTask" . [(null)]
2017-03-31 08:57:52,115 [21] BntWeb.Task.BackgroundService - (null) - 后台任务执行完成 "BntWeb.Wallet.Services.WalletTask" . [(null)]
2017-03-31 08:57:52,125 [19] BntWeb.Task.BackgroundService - (null) - 后台任务执行完成 "BntWeb.Core.SystemSettings.Services.ClearLogsTask" . [(null)]
2017-03-31 08:57:52,145 [26] BntWeb.Task.BackgroundService - (null) - 后台任务执行完成 "BntWeb.Coupon.Services.CouponTask" . [(null)]
2017-03-31 08:57:52,185 [22] BntWeb.Task.BackgroundService - (null) - 后台任务执行完成 "BntWeb.OrderProcess.Services.OrderProcessTask" . [(null)]
2017-03-31 08:57:52,185 [11] BntWeb.Task.BackgroundService - (null) - 后台任务执行完成 "BntWeb.Core.SystemSettings.Services.ClearFilesTask" . [(null)]
2017-03-31 08:58:52,085 [11] BntWeb.Task.BackgroundService - (null) - 开始执行后台任务 "BntWeb.Core.SystemSettings.Services.ClearFilesTask" . [(null)]
2017-03-31 08:58:52,085 [21] BntWeb.Task.BackgroundService - (null) - 开始执行后台任务 "BntWeb.Core.SystemSettings.Services.ClearLogsTask" . [(null)]
2017-03-31 08:58:52,085 [26] BntWeb.Task.BackgroundService - (null) - 开始执行后台任务 "BntWeb.Wallet.Services.WalletTask" . [(null)]
2017-03-31 08:58:52,085 [27] BntWeb.Task.BackgroundService - (null) - 开始执行后台任务 "BntWeb.Coupon.Services.CouponTask" . [(null)]
2017-03-31 08:58:52,115 [27] BntWeb.Task.BackgroundService - (null) - 后台任务执行完成 "BntWeb.Coupon.Services.CouponTask" . [(null)]
2017-03-31 08:58:52,115 [27] BntWeb.Task.BackgroundService - (null) - 开始执行后台任务 "BntWeb.OrderProcess.Services.OrderProcessTask" . [(null)]
2017-03-31 08:58:52,135 [26] BntWeb.Task.BackgroundService - (null) - 后台任务执行完成 "BntWeb.Wallet.Services.WalletTask" . [(null)]
2017-03-31 08:58:52,135 [21] BntWeb.Task.BackgroundService - (null) - 后台任务执行完成 "BntWeb.Core.SystemSettings.Services.ClearLogsTask" . [(null)]
2017-03-31 08:58:52,255 [11] BntWeb.Task.BackgroundService - (null) - 后台任务执行完成 "BntWeb.Core.SystemSettings.Services.ClearFilesTask" . [(null)]
2017-03-31 08:58:52,255 [27] BntWeb.Task.BackgroundService - (null) - 后台任务执行完成 "BntWeb.OrderProcess.Services.OrderProcessTask" . [(null)]
2017-03-31 08:59:52,097 [11] BntWeb.Task.BackgroundService - (null) - 开始执行后台任务 "BntWeb.Core.SystemSettings.Services.ClearFilesTask" . [(null)]
2017-03-31 08:59:52,097 [25] BntWeb.Task.BackgroundService - (null) - 开始执行后台任务 "BntWeb.Coupon.Services.CouponTask" . [(null)]
2017-03-31 08:59:52,097 [27] BntWeb.Task.BackgroundService - (null) - 开始执行后台任务 "BntWeb.OrderProcess.Services.OrderProcessTask" . [(null)]
2017-03-31 08:59:52,097 [26] BntWeb.Task.BackgroundService - (null) - 开始执行后台任务 "BntWeb.Wallet.Services.WalletTask" . [(null)]
2017-03-31 08:59:52,097 [21] BntWeb.Task.BackgroundService - (null) - 开始执行后台任务 "BntWeb.Core.SystemSettings.Services.ClearLogsTask" . [(null)]
2017-03-31 08:59:52,117 [25] BntWeb.Task.BackgroundService - (null) - 后台任务执行完成 "BntWeb.Coupon.Services.CouponTask" . [(null)]
2017-03-31 08:59:52,127 [26] BntWeb.Task.BackgroundService - (null) - 后台任务执行完成 "BntWeb.Wallet.Services.WalletTask" . [(null)]
2017-03-31 08:59:52,137 [21] BntWeb.Task.BackgroundService - (null) - 后台任务执行完成 "BntWeb.Core.SystemSettings.Services.ClearLogsTask" . [(null)]
2017-03-31 08:59:52,177 [27] BntWeb.Task.BackgroundService - (null) - 后台任务执行完成 "BntWeb.OrderProcess.Services.OrderProcessTask" . [(null)]
2017-03-31 08:59:52,195 [11] BntWeb.Task.BackgroundService - (null) - 后台任务执行完成 "BntWeb.Core.SystemSettings.Services.ClearFilesTask" . [(null)]
2017-03-31 09:00:52,110 [11] BntWeb.Task.BackgroundService - (null) - 开始执行后台任务 "BntWeb.Core.SystemSettings.Services.ClearLogsTask" . [(null)]
2017-03-31 09:00:52,110 [13] BntWeb.Task.BackgroundService - (null) - 开始执行后台任务 "BntWeb.Wallet.Services.WalletTask" . [(null)]
2017-03-31 09:00:52,110 [27] BntWeb.Task.BackgroundService - (null) - 开始执行后台任务 "BntWeb.Core.SystemSettings.Services.ClearFilesTask" . [(null)]
2017-03-31 09:00:52,110 [26] BntWeb.Task.BackgroundService - (null) - 开始执行后台任务 "BntWeb.Coupon.Services.CouponTask" . [(null)]
2017-03-31 09:00:52,130 [26] BntWeb.Task.BackgroundService - (null) - 后台任务执行完成 "BntWeb.Coupon.Services.CouponTask" . [(null)]
2017-03-31 09:00:52,130 [26] BntWeb.Task.BackgroundService - (null) - 开始执行后台任务 "BntWeb.OrderProcess.Services.OrderProcessTask" . [(null)]
2017-03-31 09:00:52,140 [13] BntWeb.Task.BackgroundService - (null) - 后台任务执行完成 "BntWeb.Wallet.Services.WalletTask" . [(null)]
2017-03-31 09:00:52,140 [11] BntWeb.Task.BackgroundService - (null) - 后台任务执行完成 "BntWeb.Core.SystemSettings.Services.ClearLogsTask" . [(null)]
2017-03-31 09:00:52,200 [27] BntWeb.Task.BackgroundService - (null) - 后台任务执行完成 "BntWeb.Core.SystemSettings.Services.ClearFilesTask" . [(null)]
2017-03-31 09:00:52,220 [26] BntWeb.Task.BackgroundService - (null) - 后台任务执行完成 "BntWeb.OrderProcess.Services.OrderProcessTask" . [(null)]
2017-03-31 09:01:52,125 [27] BntWeb.Task.BackgroundService - (null) - 开始执行后台任务 "BntWeb.Core.SystemSettings.Services.ClearFilesTask" . [(null)]
2017-03-31 09:01:52,125 [23] BntWeb.Task.BackgroundService - (null) - 开始执行后台任务 "BntWeb.Core.SystemSettings.Services.ClearLogsTask" . [(null)]
2017-03-31 09:01:52,125 [24] BntWeb.Task.BackgroundService - (null) - 开始执行后台任务 "BntWeb.Coupon.Services.CouponTask" . [(null)]
2017-03-31 09:01:52,125 [13] BntWeb.Task.BackgroundService - (null) - 开始执行后台任务 "BntWeb.OrderProcess.Services.OrderProcessTask" . [(null)]
2017-03-31 09:01:52,125 [11] BntWeb.Task.BackgroundService - (null) - 开始执行后台任务 "BntWeb.Wallet.Services.WalletTask" . [(null)]
2017-03-31 09:01:52,145 [24] BntWeb.Task.BackgroundService - (null) - 后台任务执行完成 "BntWeb.Coupon.Services.CouponTask" . [(null)]
2017-03-31 09:01:52,165 [23] BntWeb.Task.BackgroundService - (null) - 后台任务执行完成 "BntWeb.Core.SystemSettings.Services.ClearLogsTask" . [(null)]
2017-03-31 09:01:52,175 [11] BntWeb.Task.BackgroundService - (null) - 后台任务执行完成 "BntWeb.Wallet.Services.WalletTask" . [(null)]
2017-03-31 09:01:52,215 [13] BntWeb.Task.BackgroundService - (null) - 后台任务执行完成 "BntWeb.OrderProcess.Services.OrderProcessTask" . [(null)]
2017-03-31 09:01:52,215 [27] BntWeb.Task.BackgroundService - (null) - 后台任务执行完成 "BntWeb.Core.SystemSettings.Services.ClearFilesTask" . [(null)]
2017-03-31 09:02:52,139 [23] BntWeb.Task.BackgroundService - (null) - 开始执行后台任务 "BntWeb.Core.SystemSettings.Services.ClearFilesTask" . [(null)]
2017-03-31 09:02:52,139 [27] BntWeb.Task.BackgroundService - (null) - 开始执行后台任务 "BntWeb.Wallet.Services.WalletTask" . [(null)]
2017-03-31 09:02:52,139 [11] BntWeb.Task.BackgroundService - (null) - 开始执行后台任务 "BntWeb.Coupon.Services.CouponTask" . [(null)]
2017-03-31 09:02:52,139 [24] BntWeb.Task.BackgroundService - (null) - 开始执行后台任务 "BntWeb.Core.SystemSettings.Services.ClearLogsTask" . [(null)]
2017-03-31 09:02:52,169 [11] BntWeb.Task.BackgroundService - (null) - 后台任务执行完成 "BntWeb.Coupon.Services.CouponTask" . [(null)]
2017-03-31 09:02:52,169 [11] BntWeb.Task.BackgroundService - (null) - 开始执行后台任务 "BntWeb.OrderProcess.Services.OrderProcessTask" . [(null)]
2017-03-31 09:02:52,169 [27] BntWeb.Task.BackgroundService - (null) - 后台任务执行完成 "BntWeb.Wallet.Services.WalletTask" . [(null)]
2017-03-31 09:02:52,179 [24] BntWeb.Task.BackgroundService - (null) - 后台任务执行完成 "BntWeb.Core.SystemSettings.Services.ClearLogsTask" . [(null)]
2017-03-31 09:02:52,249 [23] BntWeb.Task.BackgroundService - (null) - 后台任务执行完成 "BntWeb.Core.SystemSettings.Services.ClearFilesTask" . [(null)]
2017-03-31 09:02:52,269 [11] BntWeb.Task.BackgroundService - (null) - 后台任务执行完成 "BntWeb.OrderProcess.Services.OrderProcessTask" . [(null)]
2017-03-31 09:03:52,148 [27] BntWeb.Task.BackgroundService - (null) - 开始执行后台任务 "BntWeb.Core.SystemSettings.Services.ClearFilesTask" . [(null)]
2017-03-31 09:03:52,149 [30] BntWeb.Task.BackgroundService - (null) - 开始执行后台任务 "BntWeb.OrderProcess.Services.OrderProcessTask" . [(null)]
2017-03-31 09:03:52,148 [11] BntWeb.Task.BackgroundService - (null) - 开始执行后台任务 "BntWeb.Wallet.Services.WalletTask" . [(null)]
2017-03-31 09:03:52,149 [23] BntWeb.Task.BackgroundService - (null) - 开始执行后台任务 "BntWeb.Coupon.Services.CouponTask" . [(null)]
2017-03-31 09:03:52,148 [24] BntWeb.Task.BackgroundService - (null) - 开始执行后台任务 "BntWeb.Core.SystemSettings.Services.ClearLogsTask" . [(null)]
2017-03-31 09:03:52,183 [23] BntWeb.Task.BackgroundService - (null) - 后台任务执行完成 "BntWeb.Coupon.Services.CouponTask" . [(null)]
2017-03-31 09:03:52,196 [24] BntWeb.Task.BackgroundService - (null) - 后台任务执行完成 "BntWeb.Core.SystemSettings.Services.ClearLogsTask" . [(null)]
2017-03-31 09:03:52,194 [11] BntWeb.Task.BackgroundService - (null) - 后台任务执行完成 "BntWeb.Wallet.Services.WalletTask" . [(null)]
2017-03-31 09:03:52,241 [30] BntWeb.Task.BackgroundService - (null) - 后台任务执行完成 "BntWeb.OrderProcess.Services.OrderProcessTask" . [(null)]
2017-03-31 09:03:52,256 [27] BntWeb.Task.BackgroundService - (null) - 后台任务执行完成 "BntWeb.Core.SystemSettings.Services.ClearFilesTask" . [(null)]
2017-03-31 09:04:52,181 [30] BntWeb.Task.BackgroundService - (null) - 开始执行后台任务 "BntWeb.Wallet.Services.WalletTask" . [(null)]
2017-03-31 09:04:52,181 [27] BntWeb.Task.BackgroundService - (null) - 开始执行后台任务 "BntWeb.Core.SystemSettings.Services.ClearFilesTask" . [(null)]
2017-03-31 09:04:52,181 [11] BntWeb.Task.BackgroundService - (null) - 开始执行后台任务 "BntWeb.Core.SystemSettings.Services.ClearLogsTask" . [(null)]
2017-03-31 09:04:52,181 [24] BntWeb.Task.BackgroundService - (null) - 开始执行后台任务 "BntWeb.Coupon.Services.CouponTask" . [(null)]
2017-03-31 09:04:52,221 [30] BntWeb.Task.BackgroundService - (null) - 后台任务执行完成 "BntWeb.Wallet.Services.WalletTask" . [(null)]
2017-03-31 09:04:52,221 [30] BntWeb.Task.BackgroundService - (null) - 开始执行后台任务 "BntWeb.OrderProcess.Services.OrderProcessTask" . [(null)]
2017-03-31 09:04:52,231 [24] BntWeb.Task.BackgroundService - (null) - 后台任务执行完成 "BntWeb.Coupon.Services.CouponTask" . [(null)]
2017-03-31 09:04:52,231 [11] BntWeb.Task.BackgroundService - (null) - 后台任务执行完成 "BntWeb.Core.SystemSettings.Services.ClearLogsTask" . [(null)]
2017-03-31 09:04:52,291 [27] BntWeb.Task.BackgroundService - (null) - 后台任务执行完成 "BntWeb.Core.SystemSettings.Services.ClearFilesTask" . [(null)]
2017-03-31 09:04:52,311 [30] BntWeb.Task.BackgroundService - (null) - 后台任务执行完成 "BntWeb.OrderProcess.Services.OrderProcessTask" . [(null)]
2017-03-31 09:05:52,204 [11] BntWeb.Task.BackgroundService - (null) - 开始执行后台任务 "BntWeb.Wallet.Services.WalletTask" . [(null)]
2017-03-31 09:05:52,204 [27] BntWeb.Task.BackgroundService - (null) - 开始执行后台任务 "BntWeb.Core.SystemSettings.Services.ClearFilesTask" . [(null)]
2017-03-31 09:05:52,204 [30] BntWeb.Task.BackgroundService - (null) - 开始执行后台任务 "BntWeb.Core.SystemSettings.Services.ClearLogsTask" . [(null)]
2017-03-31 09:05:52,204 [24] BntWeb.Task.BackgroundService - (null) - 开始执行后台任务 "BntWeb.Coupon.Services.CouponTask" . [(null)]
2017-03-31 09:05:52,214 [32] BntWeb.Task.BackgroundService - (null) - 开始执行后台任务 "BntWeb.OrderProcess.Services.OrderProcessTask" . [(null)]
2017-03-31 09:05:52,246 [11] BntWeb.Task.BackgroundService - (null) - 后台任务执行完成 "BntWeb.Wallet.Services.WalletTask" . [(null)]
2017-03-31 09:05:52,246 [24] BntWeb.Task.BackgroundService - (null) - 后台任务执行完成 "BntWeb.Coupon.Services.CouponTask" . [(null)]
2017-03-31 09:05:52,266 [30] BntWeb.Task.BackgroundService - (null) - 后台任务执行完成 "BntWeb.Core.SystemSettings.Services.ClearLogsTask" . [(null)]
2017-03-31 09:05:52,316 [27] BntWeb.Task.BackgroundService - (null) - 后台任务执行完成 "BntWeb.Core.SystemSettings.Services.ClearFilesTask" . [(null)]
2017-03-31 09:05:52,316 [32] BntWeb.Task.BackgroundService - (null) - 后台任务执行完成 "BntWeb.OrderProcess.Services.OrderProcessTask" . [(null)]
2017-03-31 09:06:52,218 [30] BntWeb.Task.BackgroundService - (null) - 开始执行后台任务 "BntWeb.Core.SystemSettings.Services.ClearFilesTask" . [(null)]
2017-03-31 09:06:52,218 [24] BntWeb.Task.BackgroundService - (null) - 开始执行后台任务 "BntWeb.Core.SystemSettings.Services.ClearLogsTask" . [(null)]
2017-03-31 09:06:52,223 [34] BntWeb.Task.BackgroundService - (null) - 开始执行后台任务 "BntWeb.OrderProcess.Services.OrderProcessTask" . [(null)]
2017-03-31 09:06:52,218 [11] BntWeb.Task.BackgroundService - (null) - 开始执行后台任务 "BntWeb.Coupon.Services.CouponTask" . [(null)]
2017-03-31 09:06:52,219 [32] BntWeb.Task.BackgroundService - (null) - 开始执行后台任务 "BntWeb.Wallet.Services.WalletTask" . [(null)]
2017-03-31 09:06:52,249 [11] BntWeb.Task.BackgroundService - (null) - 后台任务执行完成 "BntWeb.Coupon.Services.CouponTask" . [(null)]
2017-03-31 09:06:52,258 [24] BntWeb.Task.BackgroundService - (null) - 后台任务执行完成 "BntWeb.Core.SystemSettings.Services.ClearLogsTask" . [(null)]
2017-03-31 09:06:52,259 [32] BntWeb.Task.BackgroundService - (null) - 后台任务执行完成 "BntWeb.Wallet.Services.WalletTask" . [(null)]
2017-03-31 09:06:52,314 [34] BntWeb.Task.BackgroundService - (null) - 后台任务执行完成 "BntWeb.OrderProcess.Services.OrderProcessTask" . [(null)]
2017-03-31 09:06:52,322 [30] BntWeb.Task.BackgroundService - (null) - 后台任务执行完成 "BntWeb.Core.SystemSettings.Services.ClearFilesTask" . [(null)]
2017-03-31 09:07:52,231 [34] BntWeb.Task.BackgroundService - (null) - 开始执行后台任务 "BntWeb.Core.SystemSettings.Services.ClearFilesTask" . [(null)]
2017-03-31 09:07:52,232 [30] BntWeb.Task.BackgroundService - (null) - 开始执行后台任务 "BntWeb.Coupon.Services.CouponTask" . [(null)]
2017-03-31 09:07:52,233 [11] BntWeb.Task.BackgroundService - (null) - 开始执行后台任务 "BntWeb.OrderProcess.Services.OrderProcessTask" . [(null)]
2017-03-31 09:07:52,231 [24] BntWeb.Task.BackgroundService - (null) - 开始执行后台任务 "BntWeb.Wallet.Services.WalletTask" . [(null)]
2017-03-31 09:07:52,232 [35] BntWeb.Task.BackgroundService - (null) - 开始执行后台任务 "BntWeb.Core.SystemSettings.Services.ClearLogsTask" . [(null)]
2017-03-31 09:07:52,257 [30] BntWeb.Task.BackgroundService - (null) - 后台任务执行完成 "BntWeb.Coupon.Services.CouponTask" . [(null)]
2017-03-31 09:07:52,270 [24] BntWeb.Task.BackgroundService - (null) - 后台任务执行完成 "BntWeb.Wallet.Services.WalletTask" . [(null)]
2017-03-31 09:07:52,278 [35] BntWeb.Task.BackgroundService - (null) - 后台任务执行完成 "BntWeb.Core.SystemSettings.Services.ClearLogsTask" . [(null)]
2017-03-31 09:07:52,315 [11] BntWeb.Task.BackgroundService - (null) - 后台任务执行完成 "BntWeb.OrderProcess.Services.OrderProcessTask" . [(null)]
2017-03-31 09:07:52,325 [34] BntWeb.Task.BackgroundService - (null) - 后台任务执行完成 "BntWeb.Core.SystemSettings.Services.ClearFilesTask" . [(null)]
2017-03-31 09:08:52,245 [30] BntWeb.Task.BackgroundService - (null) - 开始执行后台任务 "BntWeb.Core.SystemSettings.Services.ClearFilesTask" . [(null)]
2017-03-31 09:08:52,245 [32] BntWeb.Task.BackgroundService - (null) - 开始执行后台任务 "BntWeb.Wallet.Services.WalletTask" . [(null)]
2017-03-31 09:08:52,245 [34] BntWeb.Task.BackgroundService - (null) - 开始执行后台任务 "BntWeb.Coupon.Services.CouponTask" . [(null)]
2017-03-31 09:08:52,245 [35] BntWeb.Task.BackgroundService - (null) - 开始执行后台任务 "BntWeb.Core.SystemSettings.Services.ClearLogsTask" . [(null)]
2017-03-31 09:08:52,247 [28] BntWeb.Task.BackgroundService - (null) - 开始执行后台任务 "BntWeb.OrderProcess.Services.OrderProcessTask" . [(null)]
2017-03-31 09:08:52,269 [34] BntWeb.Task.BackgroundService - (null) - 后台任务执行完成 "BntWeb.Coupon.Services.CouponTask" . [(null)]
2017-03-31 09:08:52,270 [35] BntWeb.Task.BackgroundService - (null) - 后台任务执行完成 "BntWeb.Core.SystemSettings.Services.ClearLogsTask" . [(null)]
2017-03-31 09:08:52,274 [30] BntWeb.Task.BackgroundService - (null) - 后台任务执行完成 "BntWeb.Core.SystemSettings.Services.ClearFilesTask" . [(null)]
2017-03-31 09:08:52,646 [28] BntWeb.Task.BackgroundService - (null) - 后台任务执行完成 "BntWeb.OrderProcess.Services.OrderProcessTask" . [(null)]
2017-03-31 09:08:52,685 [32] BntWeb.Task.BackgroundService - (null) - 后台任务执行完成 "BntWeb.Wallet.Services.WalletTask" . [(null)]
