2017-03-30 13:38:19,495 [7] BntWeb.Environment.DefaultBntWebHost - (null) - Initializing [(null)]
2017-03-30 13:38:19,972 [7] BntWeb.Environment.DefaultBntWebHost - (null) - Start creation of shells [(null)]
2017-03-30 13:38:20,024 [7] BntWeb.Environment.DefaultBntWebShell - (null) - 成功加载模块系统:System [(null)]
2017-03-30 13:38:20,027 [7] BntWeb.Environment.DefaultBntWebShell - (null) - 成功加载模块后台用户:Core-SystemUsers [(null)]
2017-03-30 13:38:20,029 [7] BntWeb.Environment.DefaultBntWebShell - (null) - 成功加载模块系统管理:Core-SystemSettings [(null)]
2017-03-30 13:38:20,031 [7] BntWeb.Environment.DefaultBntWebShell - (null) - 成功加载模块系统错误:Core-Error [(null)]
2017-03-30 13:38:20,040 [7] BntWeb.Environment.DefaultBntWebShell - (null) - 成功加载模块广告管理:BntWeb-Advertisement [(null)]
2017-03-30 13:38:20,046 [7] BntWeb.Environment.DefaultBntWebShell - (null) - 成功加载模块轮播管理:BntWeb-Carousel [(null)]
2017-03-30 13:38:20,048 [7] BntWeb.Environment.DefaultBntWebShell - (null) - 成功加载模块配置管理:BntWeb-Config [(null)]
2017-03-30 13:38:20,053 [7] BntWeb.Environment.DefaultBntWebShell - (null) - 成功加载模块内容标记:BntWeb-ContentMarkup [(null)]
2017-03-30 13:38:20,057 [7] BntWeb.Environment.DefaultBntWebShell - (null) - 成功加载模块优惠券管理:BntWeb-Coupon [(null)]
2017-03-30 13:38:20,066 [7] BntWeb.Environment.DefaultBntWebShell - (null) - 成功加载模块评价管理:BntWeb-Evaluate [(null)]
2017-03-30 13:38:20,070 [7] BntWeb.Environment.DefaultBntWebShell - (null) - 成功加载模块反馈管理:BntWeb-Feedback [(null)]
2017-03-30 13:38:20,072 [7] BntWeb.Environment.DefaultBntWebShell - (null) - 成功加载模块帮助中心:BntWeb-HelpCenter [(null)]
2017-03-30 13:38:20,073 [7] BntWeb.Environment.DefaultBntWebShell - (null) - 成功加载模块物流管理:BntWeb-Logistics [(null)]
2017-03-30 13:38:20,086 [7] BntWeb.Environment.DefaultBntWebShell - (null) - 成功加载模块商城管理:BntWeb-Mall [(null)]
2017-03-30 13:38:20,089 [7] BntWeb.Environment.DefaultBntWebShell - (null) - 成功加载模块会员基础:BntWeb-MemberBase [(null)]
2017-03-30 13:38:20,092 [7] BntWeb.Environment.DefaultBntWebShell - (null) - 成功加载模块会员管理:BntWeb-MemberCenter [(null)]
2017-03-30 13:38:20,095 [7] BntWeb.Environment.DefaultBntWebShell - (null) - 成功加载模块订单管理:BntWeb-OrderProcess [(null)]
2017-03-30 13:38:20,096 [7] BntWeb.Environment.DefaultBntWebShell - (null) - 成功加载模块支付管理:BntWeb-PaymentProcess [(null)]
2017-03-30 13:38:20,097 [7] BntWeb.Environment.DefaultBntWebShell - (null) - 成功加载模块单页管理:BntWeb-SinglePage [(null)]
2017-03-30 13:38:20,099 [7] BntWeb.Environment.DefaultBntWebShell - (null) - 成功加载模块消息中心:BntWeb-SystemMessage [(null)]
2017-03-30 13:38:20,100 [7] BntWeb.Environment.DefaultBntWebShell - (null) - 成功加载模块标签管理:BntWeb-Tag [(null)]
2017-03-30 13:38:20,102 [7] BntWeb.Environment.DefaultBntWebShell - (null) - 成功加载模块钱包管理:BntWeb-Wallet [(null)]
2017-03-30 13:38:20,103 [7] BntWeb.Environment.DefaultBntWebShell - (null) - 加载22项IRouteProvider [(null)]
2017-03-30 13:38:20,104 [7] BntWeb.Environment.DefaultBntWebShell - (null) - 加载17项IHttpRouteProvider [(null)]
2017-03-30 13:38:20,716 [7] BntWeb.Mvc.Routes.RoutePublisher - (null) - 共加载277条路由 [(null)]
2017-03-30 13:38:21,355 [7] BntWeb.Environment.DefaultBntWebHost - (null) - Initialized [(null)]
2017-03-30 13:39:33,112 [10] BntWeb.Task.BackgroundService - (null) - 开始执行后台任务 "BntWeb.Core.SystemSettings.Services.ClearFilesTask" . [(null)]
2017-03-30 13:39:33,126 [11] BntWeb.Task.BackgroundService - (null) - 开始执行后台任务 "BntWeb.Wallet.Services.WalletTask" . [(null)]
2017-03-30 13:39:33,132 [7] BntWeb.Task.BackgroundService - (null) - 开始执行后台任务 "BntWeb.Core.SystemSettings.Services.ClearLogsTask" . [(null)]
2017-03-30 13:39:33,134 [8] BntWeb.Task.BackgroundService - (null) - 开始执行后台任务 "BntWeb.Coupon.Services.CouponTask" . [(null)]
2017-03-30 13:39:33,700 [7] BntWeb.Task.BackgroundService - (null) - 后台任务执行完成 "BntWeb.Core.SystemSettings.Services.ClearLogsTask" . [(null)]
2017-03-30 13:39:33,703 [7] BntWeb.Task.BackgroundService - (null) - 开始执行后台任务 "BntWeb.OrderProcess.Services.OrderProcessTask" . [(null)]
2017-03-30 13:39:34,077 [8] BntWeb.Task.BackgroundService - (null) - 后台任务执行完成 "BntWeb.Coupon.Services.CouponTask" . [(null)]
2017-03-30 13:39:34,355 [10] BntWeb.Task.BackgroundService - (null) - 后台任务执行完成 "BntWeb.Core.SystemSettings.Services.ClearFilesTask" . [(null)]
2017-03-30 13:39:34,692 [7] BntWeb.Task.BackgroundService - (null) - 后台任务执行完成 "BntWeb.OrderProcess.Services.OrderProcessTask" . [(null)]
2017-03-30 13:39:35,096 [11] BntWeb.Task.BackgroundService - (null) - 后台任务执行完成 "BntWeb.Wallet.Services.WalletTask" . [(null)]
2017-03-30 13:40:20,934 [8] BntWeb.Task.BackgroundService - (null) - 开始执行后台任务 "BntWeb.Wallet.Services.WalletTask" . [(null)]
2017-03-30 13:40:20,934 [10] BntWeb.Task.BackgroundService - (null) - 开始执行后台任务 "BntWeb.OrderProcess.Services.OrderProcessTask" . [(null)]
2017-03-30 13:40:20,934 [7] BntWeb.Task.BackgroundService - (null) - 开始执行后台任务 "BntWeb.Core.SystemSettings.Services.ClearFilesTask" . [(null)]
2017-03-30 13:40:20,934 [11] BntWeb.Task.BackgroundService - (null) - 开始执行后台任务 "BntWeb.Core.SystemSettings.Services.ClearLogsTask" . [(null)]
2017-03-30 13:40:20,934 [13] BntWeb.Task.BackgroundService - (null) - 开始执行后台任务 "BntWeb.Coupon.Services.CouponTask" . [(null)]
2017-03-30 13:40:20,988 [11] BntWeb.Task.BackgroundService - (null) - 后台任务执行完成 "BntWeb.Core.SystemSettings.Services.ClearLogsTask" . [(null)]
2017-03-30 13:40:21,332 [7] BntWeb.Task.BackgroundService - (null) - 后台任务执行完成 "BntWeb.Core.SystemSettings.Services.ClearFilesTask" . [(null)]
2017-03-30 13:40:21,472 [13] BntWeb.Task.BackgroundService - (null) - 后台任务执行完成 "BntWeb.Coupon.Services.CouponTask" . [(null)]
2017-03-30 13:40:21,525 [8] BntWeb.Task.BackgroundService - (null) - 后台任务执行完成 "BntWeb.Wallet.Services.WalletTask" . [(null)]
2017-03-30 13:40:22,083 [10] BntWeb.Task.BackgroundService - (null) - 后台任务执行完成 "BntWeb.OrderProcess.Services.OrderProcessTask" . [(null)]
2017-03-30 13:41:20,947 [11] BntWeb.Task.BackgroundService - (null) - 开始执行后台任务 "BntWeb.Core.SystemSettings.Services.ClearFilesTask" . [(null)]
2017-03-30 13:41:20,947 [10] BntWeb.Task.BackgroundService - (null) - 开始执行后台任务 "BntWeb.Wallet.Services.WalletTask" . [(null)]
2017-03-30 13:41:20,947 [13] BntWeb.Task.BackgroundService - (null) - 开始执行后台任务 "BntWeb.Core.SystemSettings.Services.ClearLogsTask" . [(null)]
2017-03-30 13:41:20,948 [7] BntWeb.Task.BackgroundService - (null) - 开始执行后台任务 "BntWeb.Coupon.Services.CouponTask" . [(null)]
2017-03-30 13:41:20,989 [7] BntWeb.Task.BackgroundService - (null) - 后台任务执行完成 "BntWeb.Coupon.Services.CouponTask" . [(null)]
2017-03-30 13:41:20,990 [7] BntWeb.Task.BackgroundService - (null) - 开始执行后台任务 "BntWeb.OrderProcess.Services.OrderProcessTask" . [(null)]
2017-03-30 13:41:20,992 [10] BntWeb.Task.BackgroundService - (null) - 后台任务执行完成 "BntWeb.Wallet.Services.WalletTask" . [(null)]
2017-03-30 13:41:20,996 [13] BntWeb.Task.BackgroundService - (null) - 后台任务执行完成 "BntWeb.Core.SystemSettings.Services.ClearLogsTask" . [(null)]
2017-03-30 13:41:21,011 [11] BntWeb.Task.BackgroundService - (null) - 后台任务执行完成 "BntWeb.Core.SystemSettings.Services.ClearFilesTask" . [(null)]
2017-03-30 13:41:21,270 [7] BntWeb.Task.BackgroundService - (null) - 后台任务执行完成 "BntWeb.OrderProcess.Services.OrderProcessTask" . [(null)]
2017-03-30 13:42:20,961 [11] BntWeb.Task.BackgroundService - (null) - 开始执行后台任务 "BntWeb.Wallet.Services.WalletTask" . [(null)]
2017-03-30 13:42:20,962 [16] BntWeb.Task.BackgroundService - (null) - 开始执行后台任务 "BntWeb.OrderProcess.Services.OrderProcessTask" . [(null)]
2017-03-30 13:42:20,962 [7] BntWeb.Task.BackgroundService - (null) - 开始执行后台任务 "BntWeb.Coupon.Services.CouponTask" . [(null)]
2017-03-30 13:42:20,962 [12] BntWeb.Task.BackgroundService - (null) - 开始执行后台任务 "BntWeb.Core.SystemSettings.Services.ClearLogsTask" . [(null)]
2017-03-30 13:42:20,961 [10] BntWeb.Task.BackgroundService - (null) - 开始执行后台任务 "BntWeb.Core.SystemSettings.Services.ClearFilesTask" . [(null)]
2017-03-30 13:42:20,994 [7] BntWeb.Task.BackgroundService - (null) - 后台任务执行完成 "BntWeb.Coupon.Services.CouponTask" . [(null)]
2017-03-30 13:42:20,996 [11] BntWeb.Task.BackgroundService - (null) - 后台任务执行完成 "BntWeb.Wallet.Services.WalletTask" . [(null)]
2017-03-30 13:42:21,006 [12] BntWeb.Task.BackgroundService - (null) - 后台任务执行完成 "BntWeb.Core.SystemSettings.Services.ClearLogsTask" . [(null)]
2017-03-30 13:42:21,088 [10] BntWeb.Task.BackgroundService - (null) - 后台任务执行完成 "BntWeb.Core.SystemSettings.Services.ClearFilesTask" . [(null)]
2017-03-30 13:42:21,864 [16] BntWeb.Task.BackgroundService - (null) - 后台任务执行完成 "BntWeb.OrderProcess.Services.OrderProcessTask" . [(null)]
2017-03-30 13:43:20,975 [10] BntWeb.Task.BackgroundService - (null) - 开始执行后台任务 "BntWeb.Wallet.Services.WalletTask" . [(null)]
2017-03-30 13:43:20,975 [16] BntWeb.Task.BackgroundService - (null) - 开始执行后台任务 "BntWeb.Core.SystemSettings.Services.ClearFilesTask" . [(null)]
2017-03-30 13:43:20,975 [12] BntWeb.Task.BackgroundService - (null) - 开始执行后台任务 "BntWeb.Core.SystemSettings.Services.ClearLogsTask" . [(null)]
2017-03-30 13:43:20,976 [11] BntWeb.Task.BackgroundService - (null) - 开始执行后台任务 "BntWeb.Coupon.Services.CouponTask" . [(null)]
2017-03-30 13:43:20,976 [13] BntWeb.Task.BackgroundService - (null) - 开始执行后台任务 "BntWeb.OrderProcess.Services.OrderProcessTask" . [(null)]
2017-03-30 13:43:21,006 [10] BntWeb.Task.BackgroundService - (null) - 后台任务执行完成 "BntWeb.Wallet.Services.WalletTask" . [(null)]
2017-03-30 13:43:21,008 [11] BntWeb.Task.BackgroundService - (null) - 后台任务执行完成 "BntWeb.Coupon.Services.CouponTask" . [(null)]
2017-03-30 13:43:21,017 [12] BntWeb.Task.BackgroundService - (null) - 后台任务执行完成 "BntWeb.Core.SystemSettings.Services.ClearLogsTask" . [(null)]
2017-03-30 13:43:21,063 [16] BntWeb.Task.BackgroundService - (null) - 后台任务执行完成 "BntWeb.Core.SystemSettings.Services.ClearFilesTask" . [(null)]
2017-03-30 13:43:21,090 [13] BntWeb.Task.BackgroundService - (null) - 后台任务执行完成 "BntWeb.OrderProcess.Services.OrderProcessTask" . [(null)]
2017-03-30 13:44:20,988 [22] BntWeb.Task.BackgroundService - (null) - 开始执行后台任务 "BntWeb.Core.SystemSettings.Services.ClearLogsTask" . [(null)]
2017-03-30 13:44:20,989 [16] BntWeb.Task.BackgroundService - (null) - 开始执行后台任务 "BntWeb.OrderProcess.Services.OrderProcessTask" . [(null)]
2017-03-30 13:44:20,988 [12] BntWeb.Task.BackgroundService - (null) - 开始执行后台任务 "BntWeb.Coupon.Services.CouponTask" . [(null)]
2017-03-30 13:44:20,989 [20] BntWeb.Task.BackgroundService - (null) - 开始执行后台任务 "BntWeb.Wallet.Services.WalletTask" . [(null)]
2017-03-30 13:44:20,988 [23] BntWeb.Task.BackgroundService - (null) - 开始执行后台任务 "BntWeb.Core.SystemSettings.Services.ClearFilesTask" . [(null)]
2017-03-30 13:44:21,034 [12] BntWeb.Task.BackgroundService - (null) - 后台任务执行完成 "BntWeb.Coupon.Services.CouponTask" . [(null)]
2017-03-30 13:44:21,048 [20] BntWeb.Task.BackgroundService - (null) - 后台任务执行完成 "BntWeb.Wallet.Services.WalletTask" . [(null)]
2017-03-30 13:44:21,105 [23] BntWeb.Task.BackgroundService - (null) - 后台任务执行完成 "BntWeb.Core.SystemSettings.Services.ClearFilesTask" . [(null)]
2017-03-30 13:44:21,458 [22] BntWeb.Task.BackgroundService - (null) - 后台任务执行完成 "BntWeb.Core.SystemSettings.Services.ClearLogsTask" . [(null)]
2017-03-30 13:44:21,740 [16] BntWeb.Task.BackgroundService - (null) - 后台任务执行完成 "BntWeb.OrderProcess.Services.OrderProcessTask" . [(null)]
2017-03-30 13:45:21,003 [22] BntWeb.Task.BackgroundService - (null) - 开始执行后台任务 "BntWeb.Wallet.Services.WalletTask" . [(null)]
2017-03-30 13:45:21,003 [17] BntWeb.Task.BackgroundService - (null) - 开始执行后台任务 "BntWeb.Core.SystemSettings.Services.ClearFilesTask" . [(null)]
2017-03-30 13:45:21,003 [12] BntWeb.Task.BackgroundService - (null) - 开始执行后台任务 "BntWeb.Coupon.Services.CouponTask" . [(null)]
2017-03-30 13:45:21,003 [20] BntWeb.Task.BackgroundService - (null) - 开始执行后台任务 "BntWeb.Core.SystemSettings.Services.ClearLogsTask" . [(null)]
2017-03-30 13:45:21,004 [21] BntWeb.Task.BackgroundService - (null) - 开始执行后台任务 "BntWeb.OrderProcess.Services.OrderProcessTask" . [(null)]
2017-03-30 13:45:21,035 [22] BntWeb.Task.BackgroundService - (null) - 后台任务执行完成 "BntWeb.Wallet.Services.WalletTask" . [(null)]
2017-03-30 13:45:21,048 [17] BntWeb.Task.BackgroundService - (null) - 后台任务执行完成 "BntWeb.Core.SystemSettings.Services.ClearFilesTask" . [(null)]
2017-03-30 13:45:21,078 [12] BntWeb.Task.BackgroundService - (null) - 后台任务执行完成 "BntWeb.Coupon.Services.CouponTask" . [(null)]
2017-03-30 13:45:21,079 [20] BntWeb.Task.BackgroundService - (null) - 后台任务执行完成 "BntWeb.Core.SystemSettings.Services.ClearLogsTask" . [(null)]
2017-03-30 13:45:21,444 [21] BntWeb.Task.BackgroundService - (null) - 后台任务执行完成 "BntWeb.OrderProcess.Services.OrderProcessTask" . [(null)]
2017-03-30 13:46:21,015 [18] BntWeb.Task.BackgroundService - (null) - 开始执行后台任务 "BntWeb.Core.SystemSettings.Services.ClearFilesTask" . [(null)]
2017-03-30 13:46:21,015 [20] BntWeb.Task.BackgroundService - (null) - 开始执行后台任务 "BntWeb.Core.SystemSettings.Services.ClearLogsTask" . [(null)]
2017-03-30 13:46:21,015 [22] BntWeb.Task.BackgroundService - (null) - 开始执行后台任务 "BntWeb.Coupon.Services.CouponTask" . [(null)]
2017-03-30 13:46:21,015 [12] BntWeb.Task.BackgroundService - (null) - 开始执行后台任务 "BntWeb.Wallet.Services.WalletTask" . [(null)]
2017-03-30 13:46:21,016 [23] BntWeb.Task.BackgroundService - (null) - 开始执行后台任务 "BntWeb.OrderProcess.Services.OrderProcessTask" . [(null)]
2017-03-30 13:46:21,044 [22] BntWeb.Task.BackgroundService - (null) - 后台任务执行完成 "BntWeb.Coupon.Services.CouponTask" . [(null)]
2017-03-30 13:46:21,050 [20] BntWeb.Task.BackgroundService - (null) - 后台任务执行完成 "BntWeb.Core.SystemSettings.Services.ClearLogsTask" . [(null)]
2017-03-30 13:46:21,054 [12] BntWeb.Task.BackgroundService - (null) - 后台任务执行完成 "BntWeb.Wallet.Services.WalletTask" . [(null)]
2017-03-30 13:46:21,124 [18] BntWeb.Task.BackgroundService - (null) - 后台任务执行完成 "BntWeb.Core.SystemSettings.Services.ClearFilesTask" . [(null)]
2017-03-30 13:46:21,126 [23] BntWeb.Task.BackgroundService - (null) - 后台任务执行完成 "BntWeb.OrderProcess.Services.OrderProcessTask" . [(null)]
2017-03-30 13:47:21,030 [24] BntWeb.Task.BackgroundService - (null) - 开始执行后台任务 "BntWeb.Wallet.Services.WalletTask" . [(null)]
2017-03-30 13:47:21,033 [12] BntWeb.Task.BackgroundService - (null) - 开始执行后台任务 "BntWeb.OrderProcess.Services.OrderProcessTask" . [(null)]
2017-03-30 13:47:21,032 [14] BntWeb.Task.BackgroundService - (null) - 开始执行后台任务 "BntWeb.Core.SystemSettings.Services.ClearFilesTask" . [(null)]
2017-03-30 13:47:21,032 [20] BntWeb.Task.BackgroundService - (null) - 开始执行后台任务 "BntWeb.Core.SystemSettings.Services.ClearLogsTask" . [(null)]
2017-03-30 13:47:21,034 [17] BntWeb.Task.BackgroundService - (null) - 开始执行后台任务 "BntWeb.Coupon.Services.CouponTask" . [(null)]
2017-03-30 13:47:21,085 [24] BntWeb.Task.BackgroundService - (null) - 后台任务执行完成 "BntWeb.Wallet.Services.WalletTask" . [(null)]
2017-03-30 13:47:21,086 [17] BntWeb.Task.BackgroundService - (null) - 后台任务执行完成 "BntWeb.Coupon.Services.CouponTask" . [(null)]
2017-03-30 13:47:21,092 [20] BntWeb.Task.BackgroundService - (null) - 后台任务执行完成 "BntWeb.Core.SystemSettings.Services.ClearLogsTask" . [(null)]
2017-03-30 13:47:21,155 [14] BntWeb.Task.BackgroundService - (null) - 后台任务执行完成 "BntWeb.Core.SystemSettings.Services.ClearFilesTask" . [(null)]
2017-03-30 13:47:22,173 [12] BntWeb.Task.BackgroundService - (null) - 后台任务执行完成 "BntWeb.OrderProcess.Services.OrderProcessTask" . [(null)]
2017-03-30 13:48:21,042 [23] BntWeb.Task.BackgroundService - (null) - 开始执行后台任务 "BntWeb.Wallet.Services.WalletTask" . [(null)]
2017-03-30 13:48:21,043 [20] BntWeb.Task.BackgroundService - (null) - 开始执行后台任务 "BntWeb.Core.SystemSettings.Services.ClearFilesTask" . [(null)]
2017-03-30 13:48:21,043 [12] BntWeb.Task.BackgroundService - (null) - 开始执行后台任务 "BntWeb.Core.SystemSettings.Services.ClearLogsTask" . [(null)]
2017-03-30 13:48:21,044 [28] BntWeb.Task.BackgroundService - (null) - 开始执行后台任务 "BntWeb.Coupon.Services.CouponTask" . [(null)]
2017-03-30 13:48:21,044 [18] BntWeb.Task.BackgroundService - (null) - 开始执行后台任务 "BntWeb.OrderProcess.Services.OrderProcessTask" . [(null)]
2017-03-30 13:48:21,088 [28] BntWeb.Task.BackgroundService - (null) - 后台任务执行完成 "BntWeb.Coupon.Services.CouponTask" . [(null)]
2017-03-30 13:48:21,090 [23] BntWeb.Task.BackgroundService - (null) - 后台任务执行完成 "BntWeb.Wallet.Services.WalletTask" . [(null)]
2017-03-30 13:48:21,101 [12] BntWeb.Task.BackgroundService - (null) - 后台任务执行完成 "BntWeb.Core.SystemSettings.Services.ClearLogsTask" . [(null)]
2017-03-30 13:48:21,152 [20] BntWeb.Task.BackgroundService - (null) - 后台任务执行完成 "BntWeb.Core.SystemSettings.Services.ClearFilesTask" . [(null)]
2017-03-30 13:48:21,679 [18] BntWeb.Task.BackgroundService - (null) - 后台任务执行完成 "BntWeb.OrderProcess.Services.OrderProcessTask" . [(null)]
2017-03-30 13:49:21,057 [20] BntWeb.Task.BackgroundService - (null) - 开始执行后台任务 "BntWeb.Core.SystemSettings.Services.ClearLogsTask" . [(null)]
2017-03-30 13:49:21,057 [18] BntWeb.Task.BackgroundService - (null) - 开始执行后台任务 "BntWeb.Wallet.Services.WalletTask" . [(null)]
2017-03-30 13:49:21,057 [28] BntWeb.Task.BackgroundService - (null) - 开始执行后台任务 "BntWeb.Coupon.Services.CouponTask" . [(null)]
2017-03-30 13:49:21,057 [26] BntWeb.Task.BackgroundService - (null) - 开始执行后台任务 "BntWeb.OrderProcess.Services.OrderProcessTask" . [(null)]
2017-03-30 13:49:21,057 [12] BntWeb.Task.BackgroundService - (null) - 开始执行后台任务 "BntWeb.Core.SystemSettings.Services.ClearFilesTask" . [(null)]
2017-03-30 13:49:21,084 [28] BntWeb.Task.BackgroundService - (null) - 后台任务执行完成 "BntWeb.Coupon.Services.CouponTask" . [(null)]
2017-03-30 13:49:21,089 [18] BntWeb.Task.BackgroundService - (null) - 后台任务执行完成 "BntWeb.Wallet.Services.WalletTask" . [(null)]
2017-03-30 13:49:21,091 [20] BntWeb.Task.BackgroundService - (null) - 后台任务执行完成 "BntWeb.Core.SystemSettings.Services.ClearLogsTask" . [(null)]
2017-03-30 13:49:21,167 [12] BntWeb.Task.BackgroundService - (null) - 后台任务执行完成 "BntWeb.Core.SystemSettings.Services.ClearFilesTask" . [(null)]
2017-03-30 13:49:21,176 [26] BntWeb.Task.BackgroundService - (null) - 后台任务执行完成 "BntWeb.OrderProcess.Services.OrderProcessTask" . [(null)]
2017-03-30 13:50:21,089 [28] BntWeb.Task.BackgroundService - (null) - 开始执行后台任务 "BntWeb.Wallet.Services.WalletTask" . [(null)]
2017-03-30 13:50:21,089 [17] BntWeb.Task.BackgroundService - (null) - 开始执行后台任务 "BntWeb.Coupon.Services.CouponTask" . [(null)]
2017-03-30 13:50:21,089 [24] BntWeb.Task.BackgroundService - (null) - 开始执行后台任务 "BntWeb.Core.SystemSettings.Services.ClearLogsTask" . [(null)]
2017-03-30 13:50:21,090 [31] BntWeb.Task.BackgroundService - (null) - 开始执行后台任务 "BntWeb.OrderProcess.Services.OrderProcessTask" . [(null)]
2017-03-30 13:50:21,089 [26] BntWeb.Task.BackgroundService - (null) - 开始执行后台任务 "BntWeb.Core.SystemSettings.Services.ClearFilesTask" . [(null)]
2017-03-30 13:50:21,170 [28] BntWeb.Task.BackgroundService - (null) - 后台任务执行完成 "BntWeb.Wallet.Services.WalletTask" . [(null)]
2017-03-30 13:50:21,181 [24] BntWeb.Task.BackgroundService - (null) - 后台任务执行完成 "BntWeb.Core.SystemSettings.Services.ClearLogsTask" . [(null)]
2017-03-30 13:50:21,185 [17] BntWeb.Task.BackgroundService - (null) - 后台任务执行完成 "BntWeb.Coupon.Services.CouponTask" . [(null)]
2017-03-30 13:50:21,217 [31] BntWeb.Task.BackgroundService - (null) - 后台任务执行完成 "BntWeb.OrderProcess.Services.OrderProcessTask" . [(null)]
2017-03-30 13:50:21,219 [26] BntWeb.Task.BackgroundService - (null) - 后台任务执行完成 "BntWeb.Core.SystemSettings.Services.ClearFilesTask" . [(null)]
2017-03-30 13:51:21,099 [17] BntWeb.Task.BackgroundService - (null) - 开始执行后台任务 "BntWeb.Wallet.Services.WalletTask" . [(null)]
2017-03-30 13:51:21,100 [12] BntWeb.Task.BackgroundService - (null) - 开始执行后台任务 "BntWeb.Coupon.Services.CouponTask" . [(null)]
2017-03-30 13:51:21,100 [24] BntWeb.Task.BackgroundService - (null) - 开始执行后台任务 "BntWeb.Core.SystemSettings.Services.ClearLogsTask" . [(null)]
2017-03-30 13:51:21,100 [31] BntWeb.Task.BackgroundService - (null) - 开始执行后台任务 "BntWeb.OrderProcess.Services.OrderProcessTask" . [(null)]
2017-03-30 13:51:21,099 [23] BntWeb.Task.BackgroundService - (null) - 开始执行后台任务 "BntWeb.Core.SystemSettings.Services.ClearFilesTask" . [(null)]
2017-03-30 13:51:21,140 [12] BntWeb.Task.BackgroundService - (null) - 后台任务执行完成 "BntWeb.Coupon.Services.CouponTask" . [(null)]
2017-03-30 13:51:21,206 [17] BntWeb.Task.BackgroundService - (null) - 后台任务执行完成 "BntWeb.Wallet.Services.WalletTask" . [(null)]
2017-03-30 13:51:21,208 [24] BntWeb.Task.BackgroundService - (null) - 后台任务执行完成 "BntWeb.Core.SystemSettings.Services.ClearLogsTask" . [(null)]
2017-03-30 13:51:21,273 [31] BntWeb.Task.BackgroundService - (null) - 后台任务执行完成 "BntWeb.OrderProcess.Services.OrderProcessTask" . [(null)]
2017-03-30 13:51:21,321 [23] BntWeb.Task.BackgroundService - (null) - 后台任务执行完成 "BntWeb.Core.SystemSettings.Services.ClearFilesTask" . [(null)]
2017-03-30 13:52:21,112 [27] BntWeb.Task.BackgroundService - (null) - 开始执行后台任务 "BntWeb.Core.SystemSettings.Services.ClearFilesTask" . [(null)]
2017-03-30 13:52:21,112 [17] BntWeb.Task.BackgroundService - (null) - 开始执行后台任务 "BntWeb.Core.SystemSettings.Services.ClearLogsTask" . [(null)]
2017-03-30 13:52:21,112 [31] BntWeb.Task.BackgroundService - (null) - 开始执行后台任务 "BntWeb.OrderProcess.Services.OrderProcessTask" . [(null)]
2017-03-30 13:52:21,113 [24] BntWeb.Task.BackgroundService - (null) - 开始执行后台任务 "BntWeb.Coupon.Services.CouponTask" . [(null)]
2017-03-30 13:52:21,112 [23] BntWeb.Task.BackgroundService - (null) - 开始执行后台任务 "BntWeb.Wallet.Services.WalletTask" . [(null)]
2017-03-30 13:52:21,141 [17] BntWeb.Task.BackgroundService - (null) - 后台任务执行完成 "BntWeb.Core.SystemSettings.Services.ClearLogsTask" . [(null)]
2017-03-30 13:52:21,147 [27] BntWeb.Task.BackgroundService - (null) - 后台任务执行完成 "BntWeb.Core.SystemSettings.Services.ClearFilesTask" . [(null)]
2017-03-30 13:52:21,148 [24] BntWeb.Task.BackgroundService - (null) - 后台任务执行完成 "BntWeb.Coupon.Services.CouponTask" . [(null)]
2017-03-30 13:52:21,162 [23] BntWeb.Task.BackgroundService - (null) - 后台任务执行完成 "BntWeb.Wallet.Services.WalletTask" . [(null)]
2017-03-30 13:52:21,173 [31] BntWeb.Task.BackgroundService - (null) - 后台任务执行完成 "BntWeb.OrderProcess.Services.OrderProcessTask" . [(null)]
2017-03-30 13:53:21,125 [24] BntWeb.Task.BackgroundService - (null) - 开始执行后台任务 "BntWeb.Wallet.Services.WalletTask" . [(null)]
2017-03-30 13:53:21,125 [31] BntWeb.Task.BackgroundService - (null) - 开始执行后台任务 "BntWeb.Core.SystemSettings.Services.ClearFilesTask" . [(null)]
2017-03-30 13:53:21,125 [35] BntWeb.Task.BackgroundService - (null) - 开始执行后台任务 "BntWeb.OrderProcess.Services.OrderProcessTask" . [(null)]
2017-03-30 13:53:21,125 [32] BntWeb.Task.BackgroundService - (null) - 开始执行后台任务 "BntWeb.Coupon.Services.CouponTask" . [(null)]
2017-03-30 13:53:21,125 [27] BntWeb.Task.BackgroundService - (null) - 开始执行后台任务 "BntWeb.Core.SystemSettings.Services.ClearLogsTask" . [(null)]
2017-03-30 13:53:21,154 [24] BntWeb.Task.BackgroundService - (null) - 后台任务执行完成 "BntWeb.Wallet.Services.WalletTask" . [(null)]
2017-03-30 13:53:21,159 [32] BntWeb.Task.BackgroundService - (null) - 后台任务执行完成 "BntWeb.Coupon.Services.CouponTask" . [(null)]
2017-03-30 13:53:21,172 [27] BntWeb.Task.BackgroundService - (null) - 后台任务执行完成 "BntWeb.Core.SystemSettings.Services.ClearLogsTask" . [(null)]
2017-03-30 13:53:21,273 [35] BntWeb.Task.BackgroundService - (null) - 后台任务执行完成 "BntWeb.OrderProcess.Services.OrderProcessTask" . [(null)]
2017-03-30 13:53:21,360 [31] BntWeb.Task.BackgroundService - (null) - 后台任务执行完成 "BntWeb.Core.SystemSettings.Services.ClearFilesTask" . [(null)]
2017-03-30 13:54:21,140 [32] BntWeb.Task.BackgroundService - (null) - 开始执行后台任务 "BntWeb.Wallet.Services.WalletTask" . [(null)]
2017-03-30 13:54:21,140 [24] BntWeb.Task.BackgroundService - (null) - 开始执行后台任务 "BntWeb.Core.SystemSettings.Services.ClearFilesTask" . [(null)]
2017-03-30 13:54:21,140 [35] BntWeb.Task.BackgroundService - (null) - 开始执行后台任务 "BntWeb.Core.SystemSettings.Services.ClearLogsTask" . [(null)]
2017-03-30 13:54:21,141 [31] BntWeb.Task.BackgroundService - (null) - 开始执行后台任务 "BntWeb.OrderProcess.Services.OrderProcessTask" . [(null)]
2017-03-30 13:54:21,140 [23] BntWeb.Task.BackgroundService - (null) - 开始执行后台任务 "BntWeb.Coupon.Services.CouponTask" . [(null)]
2017-03-30 13:54:21,169 [32] BntWeb.Task.BackgroundService - (null) - 后台任务执行完成 "BntWeb.Wallet.Services.WalletTask" . [(null)]
2017-03-30 13:54:21,173 [24] BntWeb.Task.BackgroundService - (null) - 后台任务执行完成 "BntWeb.Core.SystemSettings.Services.ClearFilesTask" . [(null)]
2017-03-30 13:54:21,177 [35] BntWeb.Task.BackgroundService - (null) - 后台任务执行完成 "BntWeb.Core.SystemSettings.Services.ClearLogsTask" . [(null)]
2017-03-30 13:54:21,188 [23] BntWeb.Task.BackgroundService - (null) - 后台任务执行完成 "BntWeb.Coupon.Services.CouponTask" . [(null)]
2017-03-30 13:54:21,205 [31] BntWeb.Task.BackgroundService - (null) - 后台任务执行完成 "BntWeb.OrderProcess.Services.OrderProcessTask" . [(null)]
2017-03-30 13:55:21,154 [23] BntWeb.Task.BackgroundService - (null) - 开始执行后台任务 "BntWeb.Wallet.Services.WalletTask" . [(null)]
2017-03-30 13:55:21,155 [32] BntWeb.Task.BackgroundService - (null) - 开始执行后台任务 "BntWeb.Core.SystemSettings.Services.ClearFilesTask" . [(null)]
2017-03-30 13:55:21,156 [31] BntWeb.Task.BackgroundService - (null) - 开始执行后台任务 "BntWeb.OrderProcess.Services.OrderProcessTask" . [(null)]
2017-03-30 13:55:21,158 [24] BntWeb.Task.BackgroundService - (null) - 开始执行后台任务 "BntWeb.Core.SystemSettings.Services.ClearLogsTask" . [(null)]
2017-03-30 13:55:21,155 [27] BntWeb.Task.BackgroundService - (null) - 开始执行后台任务 "BntWeb.Coupon.Services.CouponTask" . [(null)]
2017-03-30 13:55:21,225 [23] BntWeb.Task.BackgroundService - (null) - 后台任务执行完成 "BntWeb.Wallet.Services.WalletTask" . [(null)]
2017-03-30 13:55:21,274 [31] BntWeb.Task.BackgroundService - (null) - 后台任务执行完成 "BntWeb.OrderProcess.Services.OrderProcessTask" . [(null)]
2017-03-30 13:55:21,306 [32] BntWeb.Task.BackgroundService - (null) - 后台任务执行完成 "BntWeb.Core.SystemSettings.Services.ClearFilesTask" . [(null)]
2017-03-30 13:55:21,597 [27] BntWeb.Task.BackgroundService - (null) - 后台任务执行完成 "BntWeb.Coupon.Services.CouponTask" . [(null)]
2017-03-30 13:55:21,654 [24] BntWeb.Task.BackgroundService - (null) - 后台任务执行完成 "BntWeb.Core.SystemSettings.Services.ClearLogsTask" . [(null)]
2017-03-30 13:56:21,167 [27] BntWeb.Task.BackgroundService - (null) - 开始执行后台任务 "BntWeb.Core.SystemSettings.Services.ClearFilesTask" . [(null)]
2017-03-30 13:56:21,168 [17] BntWeb.Task.BackgroundService - (null) - 开始执行后台任务 "BntWeb.OrderProcess.Services.OrderProcessTask" . [(null)]
2017-03-30 13:56:21,167 [31] BntWeb.Task.BackgroundService - (null) - 开始执行后台任务 "BntWeb.Core.SystemSettings.Services.ClearLogsTask" . [(null)]
2017-03-30 13:56:21,167 [24] BntWeb.Task.BackgroundService - (null) - 开始执行后台任务 "BntWeb.Wallet.Services.WalletTask" . [(null)]
2017-03-30 13:56:21,168 [23] BntWeb.Task.BackgroundService - (null) - 开始执行后台任务 "BntWeb.Coupon.Services.CouponTask" . [(null)]
2017-03-30 13:56:21,217 [24] BntWeb.Task.BackgroundService - (null) - 后台任务执行完成 "BntWeb.Wallet.Services.WalletTask" . [(null)]
2017-03-30 13:56:21,221 [31] BntWeb.Task.BackgroundService - (null) - 后台任务执行完成 "BntWeb.Core.SystemSettings.Services.ClearLogsTask" . [(null)]
2017-03-30 13:56:21,222 [23] BntWeb.Task.BackgroundService - (null) - 后台任务执行完成 "BntWeb.Coupon.Services.CouponTask" . [(null)]
2017-03-30 13:56:21,266 [27] BntWeb.Task.BackgroundService - (null) - 后台任务执行完成 "BntWeb.Core.SystemSettings.Services.ClearFilesTask" . [(null)]
2017-03-30 13:56:21,267 [17] BntWeb.Task.BackgroundService - (null) - 后台任务执行完成 "BntWeb.OrderProcess.Services.OrderProcessTask" . [(null)]
2017-03-30 13:57:21,180 [31] BntWeb.Task.BackgroundService - (null) - 开始执行后台任务 "BntWeb.Core.SystemSettings.Services.ClearFilesTask" . [(null)]
2017-03-30 13:57:21,180 [27] BntWeb.Task.BackgroundService - (null) - 开始执行后台任务 "BntWeb.Core.SystemSettings.Services.ClearLogsTask" . [(null)]
2017-03-30 13:57:21,180 [35] BntWeb.Task.BackgroundService - (null) - 开始执行后台任务 "BntWeb.OrderProcess.Services.OrderProcessTask" . [(null)]
2017-03-30 13:57:21,180 [32] BntWeb.Task.BackgroundService - (null) - 开始执行后台任务 "BntWeb.Coupon.Services.CouponTask" . [(null)]
2017-03-30 13:57:21,180 [24] BntWeb.Task.BackgroundService - (null) - 开始执行后台任务 "BntWeb.Wallet.Services.WalletTask" . [(null)]
2017-03-30 13:57:21,209 [32] BntWeb.Task.BackgroundService - (null) - 后台任务执行完成 "BntWeb.Coupon.Services.CouponTask" . [(null)]
2017-03-30 13:57:21,216 [24] BntWeb.Task.BackgroundService - (null) - 后台任务执行完成 "BntWeb.Wallet.Services.WalletTask" . [(null)]
2017-03-30 13:57:21,217 [27] BntWeb.Task.BackgroundService - (null) - 后台任务执行完成 "BntWeb.Core.SystemSettings.Services.ClearLogsTask" . [(null)]
2017-03-30 13:57:21,283 [31] BntWeb.Task.BackgroundService - (null) - 后台任务执行完成 "BntWeb.Core.SystemSettings.Services.ClearFilesTask" . [(null)]
2017-03-30 13:57:21,567 [35] BntWeb.Task.BackgroundService - (null) - 后台任务执行完成 "BntWeb.OrderProcess.Services.OrderProcessTask" . [(null)]
2017-03-30 13:58:21,194 [33] BntWeb.Task.BackgroundService - (null) - 开始执行后台任务 "BntWeb.Wallet.Services.WalletTask" . [(null)]
2017-03-30 13:58:21,195 [17] BntWeb.Task.BackgroundService - (null) - 开始执行后台任务 "BntWeb.OrderProcess.Services.OrderProcessTask" . [(null)]
2017-03-30 13:58:21,194 [37] BntWeb.Task.BackgroundService - (null) - 开始执行后台任务 "BntWeb.Core.SystemSettings.Services.ClearFilesTask" . [(null)]
2017-03-30 13:58:21,194 [31] BntWeb.Task.BackgroundService - (null) - 开始执行后台任务 "BntWeb.Core.SystemSettings.Services.ClearLogsTask" . [(null)]
2017-03-30 13:58:21,194 [39] BntWeb.Task.BackgroundService - (null) - 开始执行后台任务 "BntWeb.Coupon.Services.CouponTask" . [(null)]
2017-03-30 13:58:21,235 [33] BntWeb.Task.BackgroundService - (null) - 后台任务执行完成 "BntWeb.Wallet.Services.WalletTask" . [(null)]
2017-03-30 13:58:21,237 [39] BntWeb.Task.BackgroundService - (null) - 后台任务执行完成 "BntWeb.Coupon.Services.CouponTask" . [(null)]
2017-03-30 13:58:21,244 [31] BntWeb.Task.BackgroundService - (null) - 后台任务执行完成 "BntWeb.Core.SystemSettings.Services.ClearLogsTask" . [(null)]
2017-03-30 13:58:21,283 [17] BntWeb.Task.BackgroundService - (null) - 后台任务执行完成 "BntWeb.OrderProcess.Services.OrderProcessTask" . [(null)]
2017-03-30 13:58:21,289 [37] BntWeb.Task.BackgroundService - (null) - 后台任务执行完成 "BntWeb.Core.SystemSettings.Services.ClearFilesTask" . [(null)]
2017-03-30 17:06:49,102 [7] BntWeb.Environment.DefaultBntWebHost - (null) - Initializing [(null)]
2017-03-30 17:06:49,199 [7] BntWeb.Environment.DefaultBntWebHost - (null) - Start creation of shells [(null)]
2017-03-30 17:06:49,218 [7] BntWeb.Environment.DefaultBntWebShell - (null) - 成功加载模块系统:System [(null)]
2017-03-30 17:06:49,219 [7] BntWeb.Environment.DefaultBntWebShell - (null) - 成功加载模块后台用户:Core-SystemUsers [(null)]
2017-03-30 17:06:49,220 [7] BntWeb.Environment.DefaultBntWebShell - (null) - 成功加载模块系统管理:Core-SystemSettings [(null)]
2017-03-30 17:06:49,246 [7] BntWeb.Environment.DefaultBntWebShell - (null) - 成功加载模块系统错误:Core-Error [(null)]
2017-03-30 17:06:49,499 [7] BntWeb.Environment.DefaultBntWebShell - (null) - 成功加载模块广告管理:BntWeb-Advertisement [(null)]
2017-03-30 17:06:49,500 [7] BntWeb.Environment.DefaultBntWebShell - (null) - 成功加载模块轮播管理:BntWeb-Carousel [(null)]
2017-03-30 17:06:49,502 [7] BntWeb.Environment.DefaultBntWebShell - (null) - 成功加载模块配置管理:BntWeb-Config [(null)]
2017-03-30 17:06:49,504 [7] BntWeb.Environment.DefaultBntWebShell - (null) - 成功加载模块内容标记:BntWeb-ContentMarkup [(null)]
2017-03-30 17:06:49,506 [7] BntWeb.Environment.DefaultBntWebShell - (null) - 成功加载模块优惠券管理:BntWeb-Coupon [(null)]
2017-03-30 17:06:49,508 [7] BntWeb.Environment.DefaultBntWebShell - (null) - 成功加载模块评价管理:BntWeb-Evaluate [(null)]
2017-03-30 17:06:49,510 [7] BntWeb.Environment.DefaultBntWebShell - (null) - 成功加载模块反馈管理:BntWeb-Feedback [(null)]
2017-03-30 17:06:49,513 [7] BntWeb.Environment.DefaultBntWebShell - (null) - 成功加载模块帮助中心:BntWeb-HelpCenter [(null)]
2017-03-30 17:06:49,515 [7] BntWeb.Environment.DefaultBntWebShell - (null) - 成功加载模块物流管理:BntWeb-Logistics [(null)]
2017-03-30 17:06:49,518 [7] BntWeb.Environment.DefaultBntWebShell - (null) - 成功加载模块商城管理:BntWeb-Mall [(null)]
2017-03-30 17:06:49,520 [7] BntWeb.Environment.DefaultBntWebShell - (null) - 成功加载模块会员基础:BntWeb-MemberBase [(null)]
2017-03-30 17:06:49,521 [7] BntWeb.Environment.DefaultBntWebShell - (null) - 成功加载模块会员管理:BntWeb-MemberCenter [(null)]
2017-03-30 17:06:49,526 [7] BntWeb.Environment.DefaultBntWebShell - (null) - 成功加载模块订单管理:BntWeb-OrderProcess [(null)]
2017-03-30 17:06:49,530 [7] BntWeb.Environment.DefaultBntWebShell - (null) - 成功加载模块支付管理:BntWeb-PaymentProcess [(null)]
2017-03-30 17:06:49,533 [7] BntWeb.Environment.DefaultBntWebShell - (null) - 成功加载模块单页管理:BntWeb-SinglePage [(null)]
2017-03-30 17:06:49,535 [7] BntWeb.Environment.DefaultBntWebShell - (null) - 成功加载模块消息中心:BntWeb-SystemMessage [(null)]
2017-03-30 17:06:49,537 [7] BntWeb.Environment.DefaultBntWebShell - (null) - 成功加载模块标签管理:BntWeb-Tag [(null)]
2017-03-30 17:06:49,539 [7] BntWeb.Environment.DefaultBntWebShell - (null) - 成功加载模块钱包管理:BntWeb-Wallet [(null)]
2017-03-30 17:06:49,541 [7] BntWeb.Environment.DefaultBntWebShell - (null) - 加载22项IRouteProvider [(null)]
2017-03-30 17:06:49,543 [7] BntWeb.Environment.DefaultBntWebShell - (null) - 加载17项IHttpRouteProvider [(null)]
2017-03-30 17:06:49,951 [7] BntWeb.Mvc.Routes.RoutePublisher - (null) - 共加载277条路由 [(null)]
2017-03-30 17:06:50,821 [7] BntWeb.Environment.DefaultBntWebHost - (null) - Initialized [(null)]
2017-03-30 17:08:04,689 [5] BntWeb.Task.BackgroundService - (null) - 开始执行后台任务 "BntWeb.Core.SystemSettings.Services.ClearFilesTask" . [(null)]
2017-03-30 17:08:04,689 [8] BntWeb.Task.BackgroundService - (null) - 开始执行后台任务 "BntWeb.Wallet.Services.WalletTask" . [(null)]
2017-03-30 17:08:04,689 [9] BntWeb.Task.BackgroundService - (null) - 开始执行后台任务 "BntWeb.OrderProcess.Services.OrderProcessTask" . [(null)]
2017-03-30 17:08:04,690 [7] BntWeb.Task.BackgroundService - (null) - 开始执行后台任务 "BntWeb.Coupon.Services.CouponTask" . [(null)]
2017-03-30 17:08:04,692 [15] BntWeb.Task.BackgroundService - (null) - 开始执行后台任务 "BntWeb.Core.SystemSettings.Services.ClearLogsTask" . [(null)]
2017-03-30 17:08:05,589 [15] BntWeb.Task.BackgroundService - (null) - 后台任务执行完成 "BntWeb.Core.SystemSettings.Services.ClearLogsTask" . [(null)]
2017-03-30 17:08:06,837 [7] BntWeb.Task.BackgroundService - (null) - 后台任务执行完成 "BntWeb.Coupon.Services.CouponTask" . [(null)]
2017-03-30 17:08:07,249 [9] BntWeb.Task.BackgroundService - (null) - 后台任务执行完成 "BntWeb.OrderProcess.Services.OrderProcessTask" . [(null)]
2017-03-30 17:08:07,490 [8] BntWeb.Task.BackgroundService - (null) - 后台任务执行完成 "BntWeb.Wallet.Services.WalletTask" . [(null)]
2017-03-30 17:08:10,755 [5] BntWeb.Task.BackgroundService - (null) - 后台任务执行完成 "BntWeb.Core.SystemSettings.Services.ClearFilesTask" . [(null)]
2017-03-30 17:08:50,763 [5] BntWeb.Task.BackgroundService - (null) - 开始执行后台任务 "BntWeb.Wallet.Services.WalletTask" . [(null)]
2017-03-30 17:08:50,764 [15] BntWeb.Task.BackgroundService - (null) - 开始执行后台任务 "BntWeb.Core.SystemSettings.Services.ClearLogsTask" . [(null)]
2017-03-30 17:08:50,763 [8] BntWeb.Task.BackgroundService - (null) - 开始执行后台任务 "BntWeb.Core.SystemSettings.Services.ClearFilesTask" . [(null)]
2017-03-30 17:08:50,769 [7] BntWeb.Task.BackgroundService - (null) - 开始执行后台任务 "BntWeb.Coupon.Services.CouponTask" . [(null)]
2017-03-30 17:08:50,797 [5] BntWeb.Task.BackgroundService - (null) - 后台任务执行完成 "BntWeb.Wallet.Services.WalletTask" . [(null)]
2017-03-30 17:08:50,800 [5] BntWeb.Task.BackgroundService - (null) - 开始执行后台任务 "BntWeb.OrderProcess.Services.OrderProcessTask" . [(null)]
2017-03-30 17:08:50,802 [15] BntWeb.Task.BackgroundService - (null) - 后台任务执行完成 "BntWeb.Core.SystemSettings.Services.ClearLogsTask" . [(null)]
2017-03-30 17:08:50,857 [8] BntWeb.Task.BackgroundService - (null) - 后台任务执行完成 "BntWeb.Core.SystemSettings.Services.ClearFilesTask" . [(null)]
2017-03-30 17:08:51,198 [5] BntWeb.Task.BackgroundService - (null) - 后台任务执行完成 "BntWeb.OrderProcess.Services.OrderProcessTask" . [(null)]
2017-03-30 17:08:54,709 [7] BntWeb.Task.BackgroundService - (null) - 后台任务执行完成 "BntWeb.Coupon.Services.CouponTask" . [(null)]
2017-03-30 17:09:50,777 [15] BntWeb.Task.BackgroundService - (null) - 开始执行后台任务 "BntWeb.Wallet.Services.WalletTask" . [(null)]
2017-03-30 17:09:50,777 [5] BntWeb.Task.BackgroundService - (null) - 开始执行后台任务 "BntWeb.Coupon.Services.CouponTask" . [(null)]
2017-03-30 17:09:50,777 [11] BntWeb.Task.BackgroundService - (null) - 开始执行后台任务 "BntWeb.Core.SystemSettings.Services.ClearLogsTask" . [(null)]
2017-03-30 17:09:50,777 [7] BntWeb.Task.BackgroundService - (null) - 开始执行后台任务 "BntWeb.Core.SystemSettings.Services.ClearFilesTask" . [(null)]
2017-03-30 17:09:50,779 [8] BntWeb.Task.BackgroundService - (null) - 开始执行后台任务 "BntWeb.OrderProcess.Services.OrderProcessTask" . [(null)]
2017-03-30 17:09:50,801 [5] BntWeb.Task.BackgroundService - (null) - 后台任务执行完成 "BntWeb.Coupon.Services.CouponTask" . [(null)]
2017-03-30 17:09:50,807 [15] BntWeb.Task.BackgroundService - (null) - 后台任务执行完成 "BntWeb.Wallet.Services.WalletTask" . [(null)]
2017-03-30 17:09:50,818 [11] BntWeb.Task.BackgroundService - (null) - 后台任务执行完成 "BntWeb.Core.SystemSettings.Services.ClearLogsTask" . [(null)]
2017-03-30 17:09:50,859 [7] BntWeb.Task.BackgroundService - (null) - 后台任务执行完成 "BntWeb.Core.SystemSettings.Services.ClearFilesTask" . [(null)]
2017-03-30 17:09:52,144 [8] BntWeb.Task.BackgroundService - (null) - 后台任务执行完成 "BntWeb.OrderProcess.Services.OrderProcessTask" . [(null)]
2017-03-30 17:10:50,794 [8] BntWeb.Task.BackgroundService - (null) - 开始执行后台任务 "BntWeb.Wallet.Services.WalletTask" . [(null)]
2017-03-30 17:10:50,795 [7] BntWeb.Task.BackgroundService - (null) - 开始执行后台任务 "BntWeb.Core.SystemSettings.Services.ClearFilesTask" . [(null)]
2017-03-30 17:10:50,795 [11] BntWeb.Task.BackgroundService - (null) - 开始执行后台任务 "BntWeb.Core.SystemSettings.Services.ClearLogsTask" . [(null)]
2017-03-30 17:10:50,796 [15] BntWeb.Task.BackgroundService - (null) - 开始执行后台任务 "BntWeb.Coupon.Services.CouponTask" . [(null)]
2017-03-30 17:10:50,829 [15] BntWeb.Task.BackgroundService - (null) - 后台任务执行完成 "BntWeb.Coupon.Services.CouponTask" . [(null)]
2017-03-30 17:10:50,830 [15] BntWeb.Task.BackgroundService - (null) - 开始执行后台任务 "BntWeb.OrderProcess.Services.OrderProcessTask" . [(null)]
2017-03-30 17:10:50,833 [8] BntWeb.Task.BackgroundService - (null) - 后台任务执行完成 "BntWeb.Wallet.Services.WalletTask" . [(null)]
2017-03-30 17:10:50,840 [11] BntWeb.Task.BackgroundService - (null) - 后台任务执行完成 "BntWeb.Core.SystemSettings.Services.ClearLogsTask" . [(null)]
2017-03-30 17:10:50,887 [7] BntWeb.Task.BackgroundService - (null) - 后台任务执行完成 "BntWeb.Core.SystemSettings.Services.ClearFilesTask" . [(null)]
2017-03-30 17:10:51,120 [15] BntWeb.Task.BackgroundService - (null) - 后台任务执行完成 "BntWeb.OrderProcess.Services.OrderProcessTask" . [(null)]
2017-03-30 17:11:50,804 [8] BntWeb.Task.BackgroundService - (null) - 开始执行后台任务 "BntWeb.Wallet.Services.WalletTask" . [(null)]
2017-03-30 17:11:50,804 [7] BntWeb.Task.BackgroundService - (null) - 开始执行后台任务 "BntWeb.Coupon.Services.CouponTask" . [(null)]
2017-03-30 17:11:50,805 [16] BntWeb.Task.BackgroundService - (null) - 开始执行后台任务 "BntWeb.OrderProcess.Services.OrderProcessTask" . [(null)]
2017-03-30 17:11:50,804 [11] BntWeb.Task.BackgroundService - (null) - 开始执行后台任务 "BntWeb.Core.SystemSettings.Services.ClearFilesTask" . [(null)]
2017-03-30 17:11:50,804 [13] BntWeb.Task.BackgroundService - (null) - 开始执行后台任务 "BntWeb.Core.SystemSettings.Services.ClearLogsTask" . [(null)]
2017-03-30 17:11:50,836 [8] BntWeb.Task.BackgroundService - (null) - 后台任务执行完成 "BntWeb.Wallet.Services.WalletTask" . [(null)]
2017-03-30 17:11:50,856 [13] BntWeb.Task.BackgroundService - (null) - 后台任务执行完成 "BntWeb.Core.SystemSettings.Services.ClearLogsTask" . [(null)]
2017-03-30 17:11:50,889 [16] BntWeb.Task.BackgroundService - (null) - 后台任务执行完成 "BntWeb.OrderProcess.Services.OrderProcessTask" . [(null)]
2017-03-30 17:11:50,893 [11] BntWeb.Task.BackgroundService - (null) - 后台任务执行完成 "BntWeb.Core.SystemSettings.Services.ClearFilesTask" . [(null)]
2017-03-30 17:11:51,243 [7] BntWeb.Task.BackgroundService - (null) - 后台任务执行完成 "BntWeb.Coupon.Services.CouponTask" . [(null)]
2017-03-30 17:12:50,818 [8] BntWeb.Task.BackgroundService - (null) - 开始执行后台任务 "BntWeb.Wallet.Services.WalletTask" . [(null)]
2017-03-30 17:12:50,818 [15] BntWeb.Task.BackgroundService - (null) - 开始执行后台任务 "BntWeb.Core.SystemSettings.Services.ClearFilesTask" . [(null)]
2017-03-30 17:12:50,818 [13] BntWeb.Task.BackgroundService - (null) - 开始执行后台任务 "BntWeb.Core.SystemSettings.Services.ClearLogsTask" . [(null)]
2017-03-30 17:12:50,818 [7] BntWeb.Task.BackgroundService - (null) - 开始执行后台任务 "BntWeb.Coupon.Services.CouponTask" . [(null)]
2017-03-30 17:12:50,860 [8] BntWeb.Task.BackgroundService - (null) - 后台任务执行完成 "BntWeb.Wallet.Services.WalletTask" . [(null)]
2017-03-30 17:12:50,866 [8] BntWeb.Task.BackgroundService - (null) - 开始执行后台任务 "BntWeb.OrderProcess.Services.OrderProcessTask" . [(null)]
2017-03-30 17:12:50,864 [7] BntWeb.Task.BackgroundService - (null) - 后台任务执行完成 "BntWeb.Coupon.Services.CouponTask" . [(null)]
2017-03-30 17:12:50,868 [13] BntWeb.Task.BackgroundService - (null) - 后台任务执行完成 "BntWeb.Core.SystemSettings.Services.ClearLogsTask" . [(null)]
2017-03-30 17:12:51,153 [8] BntWeb.Task.BackgroundService - (null) - 后台任务执行完成 "BntWeb.OrderProcess.Services.OrderProcessTask" . [(null)]
2017-03-30 17:12:51,246 [15] BntWeb.Task.BackgroundService - (null) - 后台任务执行完成 "BntWeb.Core.SystemSettings.Services.ClearFilesTask" . [(null)]
2017-03-30 17:13:50,832 [14] BntWeb.Task.BackgroundService - (null) - 开始执行后台任务 "BntWeb.Core.SystemSettings.Services.ClearFilesTask" . [(null)]
2017-03-30 17:13:50,836 [7] BntWeb.Task.BackgroundService - (null) - 开始执行后台任务 "BntWeb.Coupon.Services.CouponTask" . [(null)]
2017-03-30 17:13:50,836 [13] BntWeb.Task.BackgroundService - (null) - 开始执行后台任务 "BntWeb.Core.SystemSettings.Services.ClearLogsTask" . [(null)]
2017-03-30 17:13:50,843 [8] BntWeb.Task.BackgroundService - (null) - 开始执行后台任务 "BntWeb.OrderProcess.Services.OrderProcessTask" . [(null)]
2017-03-30 17:13:50,843 [15] BntWeb.Task.BackgroundService - (null) - 开始执行后台任务 "BntWeb.Wallet.Services.WalletTask" . [(null)]
2017-03-30 17:13:50,872 [7] BntWeb.Task.BackgroundService - (null) - 后台任务执行完成 "BntWeb.Coupon.Services.CouponTask" . [(null)]
2017-03-30 17:13:50,884 [13] BntWeb.Task.BackgroundService - (null) - 后台任务执行完成 "BntWeb.Core.SystemSettings.Services.ClearLogsTask" . [(null)]
2017-03-30 17:13:50,886 [15] BntWeb.Task.BackgroundService - (null) - 后台任务执行完成 "BntWeb.Wallet.Services.WalletTask" . [(null)]
2017-03-30 17:13:50,931 [8] BntWeb.Task.BackgroundService - (null) - 后台任务执行完成 "BntWeb.OrderProcess.Services.OrderProcessTask" . [(null)]
2017-03-30 17:13:50,934 [14] BntWeb.Task.BackgroundService - (null) - 后台任务执行完成 "BntWeb.Core.SystemSettings.Services.ClearFilesTask" . [(null)]
2017-03-30 17:14:50,848 [13] BntWeb.Task.BackgroundService - (null) - 开始执行后台任务 "BntWeb.Wallet.Services.WalletTask" . [(null)]
2017-03-30 17:14:50,852 [14] BntWeb.Task.BackgroundService - (null) - 开始执行后台任务 "BntWeb.Core.SystemSettings.Services.ClearFilesTask" . [(null)]
2017-03-30 17:14:50,853 [7] BntWeb.Task.BackgroundService - (null) - 开始执行后台任务 "BntWeb.Coupon.Services.CouponTask" . [(null)]
2017-03-30 17:14:50,853 [8] BntWeb.Task.BackgroundService - (null) - 开始执行后台任务 "BntWeb.Core.SystemSettings.Services.ClearLogsTask" . [(null)]
2017-03-30 17:14:50,880 [13] BntWeb.Task.BackgroundService - (null) - 后台任务执行完成 "BntWeb.Wallet.Services.WalletTask" . [(null)]
2017-03-30 17:14:50,883 [13] BntWeb.Task.BackgroundService - (null) - 开始执行后台任务 "BntWeb.OrderProcess.Services.OrderProcessTask" . [(null)]
2017-03-30 17:14:50,886 [7] BntWeb.Task.BackgroundService - (null) - 后台任务执行完成 "BntWeb.Coupon.Services.CouponTask" . [(null)]
2017-03-30 17:14:50,898 [8] BntWeb.Task.BackgroundService - (null) - 后台任务执行完成 "BntWeb.Core.SystemSettings.Services.ClearLogsTask" . [(null)]
2017-03-30 17:14:50,961 [13] BntWeb.Task.BackgroundService - (null) - 后台任务执行完成 "BntWeb.OrderProcess.Services.OrderProcessTask" . [(null)]
2017-03-30 17:14:50,968 [14] BntWeb.Task.BackgroundService - (null) - 后台任务执行完成 "BntWeb.Core.SystemSettings.Services.ClearFilesTask" . [(null)]
2017-03-30 17:15:50,859 [23] BntWeb.Task.BackgroundService - (null) - 开始执行后台任务 "BntWeb.Core.SystemSettings.Services.ClearFilesTask" . [(null)]
2017-03-30 17:15:50,859 [14] BntWeb.Task.BackgroundService - (null) - 开始执行后台任务 "BntWeb.Core.SystemSettings.Services.ClearLogsTask" . [(null)]
2017-03-30 17:15:50,860 [8] BntWeb.Task.BackgroundService - (null) - 开始执行后台任务 "BntWeb.OrderProcess.Services.OrderProcessTask" . [(null)]
2017-03-30 17:15:50,861 [7] BntWeb.Task.BackgroundService - (null) - 开始执行后台任务 "BntWeb.Wallet.Services.WalletTask" . [(null)]
2017-03-30 17:15:50,860 [20] BntWeb.Task.BackgroundService - (null) - 开始执行后台任务 "BntWeb.Coupon.Services.CouponTask" . [(null)]
2017-03-30 17:15:50,897 [14] BntWeb.Task.BackgroundService - (null) - 后台任务执行完成 "BntWeb.Core.SystemSettings.Services.ClearLogsTask" . [(null)]
2017-03-30 17:15:50,901 [7] BntWeb.Task.BackgroundService - (null) - 后台任务执行完成 "BntWeb.Wallet.Services.WalletTask" . [(null)]
2017-03-30 17:15:50,929 [20] BntWeb.Task.BackgroundService - (null) - 后台任务执行完成 "BntWeb.Coupon.Services.CouponTask" . [(null)]
2017-03-30 17:15:50,943 [8] BntWeb.Task.BackgroundService - (null) - 后台任务执行完成 "BntWeb.OrderProcess.Services.OrderProcessTask" . [(null)]
2017-03-30 17:15:50,949 [23] BntWeb.Task.BackgroundService - (null) - 后台任务执行完成 "BntWeb.Core.SystemSettings.Services.ClearFilesTask" . [(null)]
2017-03-30 17:16:50,873 [8] BntWeb.Task.BackgroundService - (null) - 开始执行后台任务 "BntWeb.Wallet.Services.WalletTask" . [(null)]
2017-03-30 17:16:50,873 [24] BntWeb.Task.BackgroundService - (null) - 开始执行后台任务 "BntWeb.Core.SystemSettings.Services.ClearFilesTask" . [(null)]
2017-03-30 17:16:50,874 [20] BntWeb.Task.BackgroundService - (null) - 开始执行后台任务 "BntWeb.Coupon.Services.CouponTask" . [(null)]
2017-03-30 17:16:50,873 [23] BntWeb.Task.BackgroundService - (null) - 开始执行后台任务 "BntWeb.Core.SystemSettings.Services.ClearLogsTask" . [(null)]
2017-03-30 17:16:50,907 [8] BntWeb.Task.BackgroundService - (null) - 后台任务执行完成 "BntWeb.Wallet.Services.WalletTask" . [(null)]
2017-03-30 17:16:50,909 [8] BntWeb.Task.BackgroundService - (null) - 开始执行后台任务 "BntWeb.OrderProcess.Services.OrderProcessTask" . [(null)]
2017-03-30 17:16:50,913 [20] BntWeb.Task.BackgroundService - (null) - 后台任务执行完成 "BntWeb.Coupon.Services.CouponTask" . [(null)]
2017-03-30 17:16:50,915 [23] BntWeb.Task.BackgroundService - (null) - 后台任务执行完成 "BntWeb.Core.SystemSettings.Services.ClearLogsTask" . [(null)]
2017-03-30 17:16:50,977 [24] BntWeb.Task.BackgroundService - (null) - 后台任务执行完成 "BntWeb.Core.SystemSettings.Services.ClearFilesTask" . [(null)]
2017-03-30 17:16:50,998 [8] BntWeb.Task.BackgroundService - (null) - 后台任务执行完成 "BntWeb.OrderProcess.Services.OrderProcessTask" . [(null)]
2017-03-30 17:17:50,886 [24] BntWeb.Task.BackgroundService - (null) - 开始执行后台任务 "BntWeb.Wallet.Services.WalletTask" . [(null)]
2017-03-30 17:17:50,886 [8] BntWeb.Task.BackgroundService - (null) - 开始执行后台任务 "BntWeb.Core.SystemSettings.Services.ClearFilesTask" . [(null)]
2017-03-30 17:17:50,886 [23] BntWeb.Task.BackgroundService - (null) - 开始执行后台任务 "BntWeb.Core.SystemSettings.Services.ClearLogsTask" . [(null)]
2017-03-30 17:17:50,886 [25] BntWeb.Task.BackgroundService - (null) - 开始执行后台任务 "BntWeb.OrderProcess.Services.OrderProcessTask" . [(null)]
2017-03-30 17:17:50,886 [26] BntWeb.Task.BackgroundService - (null) - 开始执行后台任务 "BntWeb.Coupon.Services.CouponTask" . [(null)]
2017-03-30 17:17:50,917 [24] BntWeb.Task.BackgroundService - (null) - 后台任务执行完成 "BntWeb.Wallet.Services.WalletTask" . [(null)]
2017-03-30 17:17:50,918 [26] BntWeb.Task.BackgroundService - (null) - 后台任务执行完成 "BntWeb.Coupon.Services.CouponTask" . [(null)]
2017-03-30 17:17:50,921 [23] BntWeb.Task.BackgroundService - (null) - 后台任务执行完成 "BntWeb.Core.SystemSettings.Services.ClearLogsTask" . [(null)]
2017-03-30 17:17:50,964 [25] BntWeb.Task.BackgroundService - (null) - 后台任务执行完成 "BntWeb.OrderProcess.Services.OrderProcessTask" . [(null)]
2017-03-30 17:17:50,972 [8] BntWeb.Task.BackgroundService - (null) - 后台任务执行完成 "BntWeb.Core.SystemSettings.Services.ClearFilesTask" . [(null)]
2017-03-30 17:18:50,900 [20] BntWeb.Task.BackgroundService - (null) - 开始执行后台任务 "BntWeb.Core.SystemSettings.Services.ClearFilesTask" . [(null)]
2017-03-30 17:18:50,900 [24] BntWeb.Task.BackgroundService - (null) - 开始执行后台任务 "BntWeb.Wallet.Services.WalletTask" . [(null)]
2017-03-30 17:18:50,900 [25] BntWeb.Task.BackgroundService - (null) - 开始执行后台任务 "BntWeb.Core.SystemSettings.Services.ClearLogsTask" . [(null)]
2017-03-30 17:18:50,900 [21] BntWeb.Task.BackgroundService - (null) - 开始执行后台任务 "BntWeb.Coupon.Services.CouponTask" . [(null)]
2017-03-30 17:18:50,929 [21] BntWeb.Task.BackgroundService - (null) - 后台任务执行完成 "BntWeb.Coupon.Services.CouponTask" . [(null)]
2017-03-30 17:18:50,932 [21] BntWeb.Task.BackgroundService - (null) - 开始执行后台任务 "BntWeb.OrderProcess.Services.OrderProcessTask" . [(null)]
2017-03-30 17:18:50,933 [24] BntWeb.Task.BackgroundService - (null) - 后台任务执行完成 "BntWeb.Wallet.Services.WalletTask" . [(null)]
2017-03-30 17:18:50,934 [25] BntWeb.Task.BackgroundService - (null) - 后台任务执行完成 "BntWeb.Core.SystemSettings.Services.ClearLogsTask" . [(null)]
2017-03-30 17:18:50,985 [20] BntWeb.Task.BackgroundService - (null) - 后台任务执行完成 "BntWeb.Core.SystemSettings.Services.ClearFilesTask" . [(null)]
2017-03-30 17:18:51,011 [21] BntWeb.Task.BackgroundService - (null) - 后台任务执行完成 "BntWeb.OrderProcess.Services.OrderProcessTask" . [(null)]
2017-03-30 17:19:50,912 [25] BntWeb.Task.BackgroundService - (null) - 开始执行后台任务 "BntWeb.Core.SystemSettings.Services.ClearFilesTask" . [(null)]
2017-03-30 17:19:50,912 [29] BntWeb.Task.BackgroundService - (null) - 开始执行后台任务 "BntWeb.Coupon.Services.CouponTask" . [(null)]
2017-03-30 17:19:50,912 [28] BntWeb.Task.BackgroundService - (null) - 开始执行后台任务 "BntWeb.Core.SystemSettings.Services.ClearLogsTask" . [(null)]
2017-03-30 17:19:50,912 [20] BntWeb.Task.BackgroundService - (null) - 开始执行后台任务 "BntWeb.Wallet.Services.WalletTask" . [(null)]
2017-03-30 17:19:50,916 [24] BntWeb.Task.BackgroundService - (null) - 开始执行后台任务 "BntWeb.OrderProcess.Services.OrderProcessTask" . [(null)]
2017-03-30 17:19:50,948 [29] BntWeb.Task.BackgroundService - (null) - 后台任务执行完成 "BntWeb.Coupon.Services.CouponTask" . [(null)]
2017-03-30 17:19:50,972 [20] BntWeb.Task.BackgroundService - (null) - 后台任务执行完成 "BntWeb.Wallet.Services.WalletTask" . [(null)]
2017-03-30 17:19:50,973 [28] BntWeb.Task.BackgroundService - (null) - 后台任务执行完成 "BntWeb.Core.SystemSettings.Services.ClearLogsTask" . [(null)]
2017-03-30 17:19:51,016 [24] BntWeb.Task.BackgroundService - (null) - 后台任务执行完成 "BntWeb.OrderProcess.Services.OrderProcessTask" . [(null)]
2017-03-30 17:19:51,047 [25] BntWeb.Task.BackgroundService - (null) - 后台任务执行完成 "BntWeb.Core.SystemSettings.Services.ClearFilesTask" . [(null)]
2017-03-30 17:20:50,925 [25] BntWeb.Task.BackgroundService - (null) - 开始执行后台任务 "BntWeb.Wallet.Services.WalletTask" . [(null)]
2017-03-30 17:20:50,925 [29] BntWeb.Task.BackgroundService - (null) - 开始执行后台任务 "BntWeb.Core.SystemSettings.Services.ClearFilesTask" . [(null)]
2017-03-30 17:20:50,925 [21] BntWeb.Task.BackgroundService - (null) - 开始执行后台任务 "BntWeb.Core.SystemSettings.Services.ClearLogsTask" . [(null)]
2017-03-30 17:20:50,929 [20] BntWeb.Task.BackgroundService - (null) - 开始执行后台任务 "BntWeb.Coupon.Services.CouponTask" . [(null)]
2017-03-30 17:20:50,960 [25] BntWeb.Task.BackgroundService - (null) - 后台任务执行完成 "BntWeb.Wallet.Services.WalletTask" . [(null)]
2017-03-30 17:20:50,961 [25] BntWeb.Task.BackgroundService - (null) - 开始执行后台任务 "BntWeb.OrderProcess.Services.OrderProcessTask" . [(null)]
2017-03-30 17:20:50,964 [20] BntWeb.Task.BackgroundService - (null) - 后台任务执行完成 "BntWeb.Coupon.Services.CouponTask" . [(null)]
2017-03-30 17:20:50,970 [21] BntWeb.Task.BackgroundService - (null) - 后台任务执行完成 "BntWeb.Core.SystemSettings.Services.ClearLogsTask" . [(null)]
2017-03-30 17:20:51,016 [29] BntWeb.Task.BackgroundService - (null) - 后台任务执行完成 "BntWeb.Core.SystemSettings.Services.ClearFilesTask" . [(null)]
2017-03-30 17:20:51,042 [25] BntWeb.Task.BackgroundService - (null) - 后台任务执行完成 "BntWeb.OrderProcess.Services.OrderProcessTask" . [(null)]
2017-03-30 17:21:50,941 [30] BntWeb.Task.BackgroundService - (null) - 开始执行后台任务 "BntWeb.Core.SystemSettings.Services.ClearFilesTask" . [(null)]
2017-03-30 17:21:50,942 [20] BntWeb.Task.BackgroundService - (null) - 开始执行后台任务 "BntWeb.Wallet.Services.WalletTask" . [(null)]
2017-03-30 17:21:50,942 [29] BntWeb.Task.BackgroundService - (null) - 开始执行后台任务 "BntWeb.Coupon.Services.CouponTask" . [(null)]
2017-03-30 17:21:50,942 [25] BntWeb.Task.BackgroundService - (null) - 开始执行后台任务 "BntWeb.OrderProcess.Services.OrderProcessTask" . [(null)]
2017-03-30 17:21:50,941 [21] BntWeb.Task.BackgroundService - (null) - 开始执行后台任务 "BntWeb.Core.SystemSettings.Services.ClearLogsTask" . [(null)]
2017-03-30 17:21:50,972 [29] BntWeb.Task.BackgroundService - (null) - 后台任务执行完成 "BntWeb.Coupon.Services.CouponTask" . [(null)]
2017-03-30 17:21:50,979 [20] BntWeb.Task.BackgroundService - (null) - 后台任务执行完成 "BntWeb.Wallet.Services.WalletTask" . [(null)]
2017-03-30 17:21:50,985 [21] BntWeb.Task.BackgroundService - (null) - 后台任务执行完成 "BntWeb.Core.SystemSettings.Services.ClearLogsTask" . [(null)]
2017-03-30 17:21:51,031 [30] BntWeb.Task.BackgroundService - (null) - 后台任务执行完成 "BntWeb.Core.SystemSettings.Services.ClearFilesTask" . [(null)]
2017-03-30 17:21:51,031 [25] BntWeb.Task.BackgroundService - (null) - 后台任务执行完成 "BntWeb.OrderProcess.Services.OrderProcessTask" . [(null)]
2017-03-30 17:22:50,954 [21] BntWeb.Task.BackgroundService - (null) - 开始执行后台任务 "BntWeb.Wallet.Services.WalletTask" . [(null)]
2017-03-30 17:22:50,954 [20] BntWeb.Task.BackgroundService - (null) - 开始执行后台任务 "BntWeb.Coupon.Services.CouponTask" . [(null)]
2017-03-30 17:22:50,954 [25] BntWeb.Task.BackgroundService - (null) - 开始执行后台任务 "BntWeb.Core.SystemSettings.Services.ClearFilesTask" . [(null)]
2017-03-30 17:22:50,954 [30] BntWeb.Task.BackgroundService - (null) - 开始执行后台任务 "BntWeb.Core.SystemSettings.Services.ClearLogsTask" . [(null)]
2017-03-30 17:22:50,978 [20] BntWeb.Task.BackgroundService - (null) - 后台任务执行完成 "BntWeb.Coupon.Services.CouponTask" . [(null)]
2017-03-30 17:22:51,014 [21] BntWeb.Task.BackgroundService - (null) - 后台任务执行完成 "BntWeb.Wallet.Services.WalletTask" . [(null)]
2017-03-30 17:22:51,028 [20] BntWeb.Task.BackgroundService - (null) - 开始执行后台任务 "BntWeb.OrderProcess.Services.OrderProcessTask" . [(null)]
2017-03-30 17:22:51,061 [30] BntWeb.Task.BackgroundService - (null) - 后台任务执行完成 "BntWeb.Core.SystemSettings.Services.ClearLogsTask" . [(null)]
2017-03-30 17:22:51,094 [25] BntWeb.Task.BackgroundService - (null) - 后台任务执行完成 "BntWeb.Core.SystemSettings.Services.ClearFilesTask" . [(null)]
2017-03-30 17:22:51,124 [20] BntWeb.Task.BackgroundService - (null) - 后台任务执行完成 "BntWeb.OrderProcess.Services.OrderProcessTask" . [(null)]
2017-03-30 17:23:50,968 [25] BntWeb.Task.BackgroundService - (null) - 开始执行后台任务 "BntWeb.Wallet.Services.WalletTask" . [(null)]
2017-03-30 17:23:50,970 [34] BntWeb.Task.BackgroundService - (null) - 开始执行后台任务 "BntWeb.Core.SystemSettings.Services.ClearFilesTask" . [(null)]
2017-03-30 17:23:50,972 [21] BntWeb.Task.BackgroundService - (null) - 开始执行后台任务 "BntWeb.Core.SystemSettings.Services.ClearLogsTask" . [(null)]
2017-03-30 17:23:50,975 [33] BntWeb.Task.BackgroundService - (null) - 开始执行后台任务 "BntWeb.Coupon.Services.CouponTask" . [(null)]
2017-03-30 17:23:50,983 [20] BntWeb.Task.BackgroundService - (null) - 开始执行后台任务 "BntWeb.OrderProcess.Services.OrderProcessTask" . [(null)]
2017-03-30 17:23:51,026 [33] BntWeb.Task.BackgroundService - (null) - 后台任务执行完成 "BntWeb.Coupon.Services.CouponTask" . [(null)]
2017-03-30 17:23:51,064 [25] BntWeb.Task.BackgroundService - (null) - 后台任务执行完成 "BntWeb.Wallet.Services.WalletTask" . [(null)]
2017-03-30 17:23:51,148 [21] BntWeb.Task.BackgroundService - (null) - 后台任务执行完成 "BntWeb.Core.SystemSettings.Services.ClearLogsTask" . [(null)]
2017-03-30 17:23:51,193 [20] BntWeb.Task.BackgroundService - (null) - 后台任务执行完成 "BntWeb.OrderProcess.Services.OrderProcessTask" . [(null)]
2017-03-30 17:23:51,198 [34] BntWeb.Task.BackgroundService - (null) - 后台任务执行完成 "BntWeb.Core.SystemSettings.Services.ClearFilesTask" . [(null)]
2017-03-30 17:24:50,980 [34] BntWeb.Task.BackgroundService - (null) - 开始执行后台任务 "BntWeb.Wallet.Services.WalletTask" . [(null)]
2017-03-30 17:24:50,980 [33] BntWeb.Task.BackgroundService - (null) - 开始执行后台任务 "BntWeb.Core.SystemSettings.Services.ClearFilesTask" . [(null)]
2017-03-30 17:24:50,981 [21] BntWeb.Task.BackgroundService - (null) - 开始执行后台任务 "BntWeb.Core.SystemSettings.Services.ClearLogsTask" . [(null)]
2017-03-30 17:24:50,983 [30] BntWeb.Task.BackgroundService - (null) - 开始执行后台任务 "BntWeb.Coupon.Services.CouponTask" . [(null)]
2017-03-30 17:24:51,017 [34] BntWeb.Task.BackgroundService - (null) - 后台任务执行完成 "BntWeb.Wallet.Services.WalletTask" . [(null)]
2017-03-30 17:24:51,019 [34] BntWeb.Task.BackgroundService - (null) - 开始执行后台任务 "BntWeb.OrderProcess.Services.OrderProcessTask" . [(null)]
2017-03-30 17:24:51,029 [30] BntWeb.Task.BackgroundService - (null) - 后台任务执行完成 "BntWeb.Coupon.Services.CouponTask" . [(null)]
2017-03-30 17:24:51,038 [21] BntWeb.Task.BackgroundService - (null) - 后台任务执行完成 "BntWeb.Core.SystemSettings.Services.ClearLogsTask" . [(null)]
2017-03-30 17:24:51,076 [33] BntWeb.Task.BackgroundService - (null) - 后台任务执行完成 "BntWeb.Core.SystemSettings.Services.ClearFilesTask" . [(null)]
2017-03-30 17:24:51,107 [34] BntWeb.Task.BackgroundService - (null) - 后台任务执行完成 "BntWeb.OrderProcess.Services.OrderProcessTask" . [(null)]
2017-03-30 17:25:50,994 [33] BntWeb.Task.BackgroundService - (null) - 开始执行后台任务 "BntWeb.Core.SystemSettings.Services.ClearLogsTask" . [(null)]
2017-03-30 17:25:50,994 [30] BntWeb.Task.BackgroundService - (null) - 开始执行后台任务 "BntWeb.OrderProcess.Services.OrderProcessTask" . [(null)]
2017-03-30 17:25:50,994 [27] BntWeb.Task.BackgroundService - (null) - 开始执行后台任务 "BntWeb.Wallet.Services.WalletTask" . [(null)]
2017-03-30 17:25:50,994 [21] BntWeb.Task.BackgroundService - (null) - 开始执行后台任务 "BntWeb.Core.SystemSettings.Services.ClearFilesTask" . [(null)]
2017-03-30 17:25:50,994 [22] BntWeb.Task.BackgroundService - (null) - 开始执行后台任务 "BntWeb.Coupon.Services.CouponTask" . [(null)]
2017-03-30 17:25:51,029 [22] BntWeb.Task.BackgroundService - (null) - 后台任务执行完成 "BntWeb.Coupon.Services.CouponTask" . [(null)]
2017-03-30 17:25:51,035 [27] BntWeb.Task.BackgroundService - (null) - 后台任务执行完成 "BntWeb.Wallet.Services.WalletTask" . [(null)]
2017-03-30 17:25:51,032 [33] BntWeb.Task.BackgroundService - (null) - 后台任务执行完成 "BntWeb.Core.SystemSettings.Services.ClearLogsTask" . [(null)]
2017-03-30 17:25:51,087 [30] BntWeb.Task.BackgroundService - (null) - 后台任务执行完成 "BntWeb.OrderProcess.Services.OrderProcessTask" . [(null)]
2017-03-30 17:25:51,116 [21] BntWeb.Task.BackgroundService - (null) - 后台任务执行完成 "BntWeb.Core.SystemSettings.Services.ClearFilesTask" . [(null)]
2017-03-30 17:26:51,007 [27] BntWeb.Task.BackgroundService - (null) - 开始执行后台任务 "BntWeb.Wallet.Services.WalletTask" . [(null)]
2017-03-30 17:26:51,009 [22] BntWeb.Task.BackgroundService - (null) - 开始执行后台任务 "BntWeb.Core.SystemSettings.Services.ClearFilesTask" . [(null)]
2017-03-30 17:26:51,010 [21] BntWeb.Task.BackgroundService - (null) - 开始执行后台任务 "BntWeb.Coupon.Services.CouponTask" . [(null)]
2017-03-30 17:26:51,010 [30] BntWeb.Task.BackgroundService - (null) - 开始执行后台任务 "BntWeb.Core.SystemSettings.Services.ClearLogsTask" . [(null)]
2017-03-30 17:26:51,056 [27] BntWeb.Task.BackgroundService - (null) - 后台任务执行完成 "BntWeb.Wallet.Services.WalletTask" . [(null)]
2017-03-30 17:26:51,058 [27] BntWeb.Task.BackgroundService - (null) - 开始执行后台任务 "BntWeb.OrderProcess.Services.OrderProcessTask" . [(null)]
2017-03-30 17:26:51,068 [21] BntWeb.Task.BackgroundService - (null) - 后台任务执行完成 "BntWeb.Coupon.Services.CouponTask" . [(null)]
2017-03-30 17:26:51,079 [30] BntWeb.Task.BackgroundService - (null) - 后台任务执行完成 "BntWeb.Core.SystemSettings.Services.ClearLogsTask" . [(null)]
2017-03-30 17:26:51,127 [22] BntWeb.Task.BackgroundService - (null) - 后台任务执行完成 "BntWeb.Core.SystemSettings.Services.ClearFilesTask" . [(null)]
2017-03-30 17:26:51,133 [27] BntWeb.Task.BackgroundService - (null) - 后台任务执行完成 "BntWeb.OrderProcess.Services.OrderProcessTask" . [(null)]
